New log file opened at Wed Mar 15 03:06:26 IST 2017 by 2658@Brions-MacBook-Pro.local
Sending msg to client play-fork-run-845c6614-deca-42ce-94db-2c94d037eaa9: DetachedLogEvent(LogMessage(debug,sbt server socket logs are in: /Users/brionsilva/Desktop/IIT/SDGP/Play Projects/play-java/.sbtserver/connections/master.log))
Sending msg to client play-fork-run-845c6614-deca-42ce-94db-2c94d037eaa9: DetachedLogEvent(LogMessage(debug,sbt client logs are in: /Users/brionsilva/Desktop/IIT/SDGP/Play Projects/play-java/.sbtserver/connections/play-fork-run-845c6614-deca-42ce-94db-2c94d037eaa9.log))
Sending msg to client play-fork-run-845c6614-deca-42ce-94db-2c94d037eaa9: DetachedLogEvent(LogMessage(debug,sbt general server logs are in: /Users/brionsilva/Desktop/IIT/SDGP/Play Projects/play-java/.sbtserver/master.log))
Reading next message from client.
Got request: DaemonRequest(true)
Reading next message from client.
Sending msg to client play-fork-run-845c6614-deca-42ce-94db-2c94d037eaa9: (3,ReceivedResponse())
Got request: ListenToEvents()
Reading next message from client.
Sending msg to client play-fork-run-845c6614-deca-42ce-94db-2c94d037eaa9: BackgroundJobStarted(233,BackgroundJobInfo(21,backgroundRun,AttributeKey[sbt.BackgroundJobHandle]("backgroundRun") in Scope(Build: file:/Users/brionsilva/Desktop/IIT/SDGP/Play%20Projects/play-java/, , Project: ProjectReference(file:/Users/brionsilva/Desktop/IIT/SDGP/Play%20Projects/play-java/,root), Config: compile)))
Sending msg to client play-fork-run-845c6614-deca-42ce-94db-2c94d037eaa9: (4,ReceivedResponse())
Got request: KeyLookupRequest(root/playForkConfig)
Reading next message from client.
Sending msg to client play-fork-run-845c6614-deca-42ce-94db-2c94d037eaa9: (5,KeyLookupResponse(root/playForkConfig,Vector(AttributeKey[play.forkrun.protocol.ForkConfig]("playForkConfig") in Scope(Build: file:/Users/brionsilva/Desktop/IIT/SDGP/Play%20Projects/play-java/, , Project: ProjectReference(file:/Users/brionsilva/Desktop/IIT/SDGP/Play%20Projects/play-java/,root)))))
Got request: ListenToValue(AttributeKey[play.forkrun.protocol.ForkConfig]("playForkConfig") in Scope(Build: file:/Users/brionsilva/Desktop/IIT/SDGP/Play%20Projects/play-java/, , Project: ProjectReference(file:/Users/brionsilva/Desktop/IIT/SDGP/Play%20Projects/play-java/,root)))
Reading next message from client.
Sending msg to client play-fork-run-845c6614-deca-42ce-94db-2c94d037eaa9: (6,ReceivedResponse())
Got request: KeyExecutionRequest(AttributeKey[play.forkrun.protocol.ForkConfig]("playForkConfig") in Scope(Build: file:/Users/brionsilva/Desktop/IIT/SDGP/Play%20Projects/play-java/, , Project: ProjectReference(file:/Users/brionsilva/Desktop/IIT/SDGP/Play%20Projects/play-java/,root)))
Reading next message from client.
Sending msg to client play-fork-run-845c6614-deca-42ce-94db-2c94d037eaa9: (7,ExecutionRequestReceived(235))
Sending msg to client play-fork-run-845c6614-deca-42ce-94db-2c94d037eaa9: ExecutionWaiting(235,{file:/Users/brionsilva/Desktop/IIT/SDGP/Play%20Projects/play-java/}root/*:playForkConfig,ClientInfo(845c6614-deca-42ce-94db-2c94d037eaa9,play-fork-run,Play Fork Run,1,Vector()))
Sending msg to client play-fork-run-845c6614-deca-42ce-94db-2c94d037eaa9: ExecutionStarting(235)
Sending msg to client play-fork-run-845c6614-deca-42ce-94db-2c94d037eaa9: DetachedLogEvent(LogMessage(debug,> {file:/Users/brionsilva/Desktop/IIT/SDGP/Play%20Projects/play-java/}root/*:playForkConfig))
Sending msg to client play-fork-run-845c6614-deca-42ce-94db-2c94d037eaa9: DetachedLogEvent(LogMessage(debug,Evaluating tasks: *:playForkConfig))
Sending msg to client play-fork-run-845c6614-deca-42ce-94db-2c94d037eaa9: DetachedLogEvent(LogMessage(debug,Running task... Cancel: sbt.server.ServerTaskCancellation@29cf5cd9, check cycles: false))
Sending msg to client play-fork-run-845c6614-deca-42ce-94db-2c94d037eaa9: DetachedLogEvent(LogMessage(debug,cancel strategy start enabled=true lastCommand=Some(LastCommand(CommandExecutionWork(ExecutionId(235),{file:/Users/brionsilva/Desktop/IIT/SDGP/Play%20Projects/play-java/}root/*:playForkConfig,Set(LiveClient(play-fork-run 845c6614-deca-42ce-94db-2c94d037eaa9)),sbt.server.WorkCancellationStatus$$anon$1@447d0c8a)))))
Sending msg to client play-fork-run-845c6614-deca-42ce-94db-2c94d037eaa9: TaskStarted(235,41647,None)
Sending msg to client play-fork-run-845c6614-deca-42ce-94db-2c94d037eaa9: TaskStarted(235,41650,None)
Sending msg to client play-fork-run-845c6614-deca-42ce-94db-2c94d037eaa9: TaskStarted(235,41651,None)
Sending msg to client play-fork-run-845c6614-deca-42ce-94db-2c94d037eaa9: TaskStarted(235,41653,None)
Sending msg to client play-fork-run-845c6614-deca-42ce-94db-2c94d037eaa9: TaskStarted(235,41654,Some(AttributeKey[java.lang.String]("updateCacheName") in Scope(Build: file:/Users/brionsilva/Desktop/IIT/SDGP/Play%20Projects/play-java/, , Project: ProjectReference(file:/Users/brionsilva/Desktop/IIT/SDGP/Play%20Projects/play-java/,root))))
Sending msg to client play-fork-run-845c6614-deca-42ce-94db-2c94d037eaa9: TaskStarted(235,41664,Some(AttributeKey[scala.collection.Seq[sbt.Resolver]]("externalResolvers") in Scope(Build: file:/Users/brionsilva/Desktop/IIT/SDGP/Play%20Projects/play-java/, , Project: ProjectReference(file:/Users/brionsilva/Desktop/IIT/SDGP/Play%20Projects/play-java/,root))))
Sending msg to client play-fork-run-845c6614-deca-42ce-94db-2c94d037eaa9: TaskStarted(235,41665,Some(AttributeKey[scala.Option[scala.collection.Seq[sbt.Resolver]]]("bootResolvers") in Scope(Build: file:/Users/brionsilva/Desktop/IIT/SDGP/Play%20Projects/play-java/, , Project: ProjectReference(file:/Users/brionsilva/Desktop/IIT/SDGP/Play%20Projects/play-java/,root))))
Sending msg to client play-fork-run-845c6614-deca-42ce-94db-2c94d037eaa9: TaskStarted(235,41668,Some(AttributeKey[scala.collection.Seq[sbt.Credentials]]("credentials") in Scope(Global)))
Sending msg to client play-fork-run-845c6614-deca-42ce-94db-2c94d037eaa9: TaskStarted(235,41676,None)
Sending msg to client play-fork-run-845c6614-deca-42ce-94db-2c94d037eaa9: TaskStarted(235,41677,None)
Sending msg to client play-fork-run-845c6614-deca-42ce-94db-2c94d037eaa9: TaskStarted(235,41678,Some(AttributeKey[boolean]("skip") in Scope(Global)))
Sending msg to client play-fork-run-845c6614-deca-42ce-94db-2c94d037eaa9: TaskStarted(235,41679,Some(AttributeKey[scala.Option[java.lang.String]]("mainClass") in Scope(Build: file:/Users/brionsilva/Desktop/IIT/SDGP/Play%20Projects/play-java/, , Project: ProjectReference(file:/Users/brionsilva/Desktop/IIT/SDGP/Play%20Projects/play-java/,root), Config: compile, Task: AttributeKey[void]("run"))))
Sending msg to client play-fork-run-845c6614-deca-42ce-94db-2c94d037eaa9: TaskStarted(235,41681,Some(AttributeKey[scala.Tuple2[java.lang.String,java.io.File]]("playPrefixAndAssets") in Scope(Build: file:/Users/brionsilva/Desktop/IIT/SDGP/Play%20Projects/play-java/, , Project: ProjectReference(file:/Users/brionsilva/Desktop/IIT/SDGP/Play%20Projects/play-java/,root))))
Sending msg to client play-fork-run-845c6614-deca-42ce-94db-2c94d037eaa9: TaskStarted(235,41689,None)
Sending msg to client play-fork-run-845c6614-deca-42ce-94db-2c94d037eaa9: TaskStarted(235,41696,None)
Sending msg to client play-fork-run-845c6614-deca-42ce-94db-2c94d037eaa9: TaskStarted(235,41697,Some(AttributeKey[scala.collection.Seq[java.lang.String]]("javaOptions") in Scope(Global)))
Sending msg to client play-fork-run-845c6614-deca-42ce-94db-2c94d037eaa9: TaskStarted(235,41699,None)
Sending msg to client play-fork-run-845c6614-deca-42ce-94db-2c94d037eaa9: TaskFinished(235,41647,None,true,None)
Sending msg to client play-fork-run-845c6614-deca-42ce-94db-2c94d037eaa9: TaskStarted(235,41646,None)
Sending msg to client play-fork-run-845c6614-deca-42ce-94db-2c94d037eaa9: TaskStarted(235,41661,None)
Sending msg to client play-fork-run-845c6614-deca-42ce-94db-2c94d037eaa9: TaskStarted(235,41666,None)
Sending msg to client play-fork-run-845c6614-deca-42ce-94db-2c94d037eaa9: TaskStarted(235,41667,None)
Sending msg to client play-fork-run-845c6614-deca-42ce-94db-2c94d037eaa9: TaskStarted(235,41674,None)
Sending msg to client play-fork-run-845c6614-deca-42ce-94db-2c94d037eaa9: TaskStarted(235,41690,None)
Sending msg to client play-fork-run-845c6614-deca-42ce-94db-2c94d037eaa9: TaskStarted(235,41693,None)
Sending msg to client play-fork-run-845c6614-deca-42ce-94db-2c94d037eaa9: TaskStarted(235,41694,None)
Sending msg to client play-fork-run-845c6614-deca-42ce-94db-2c94d037eaa9: TaskFinished(235,41650,None,true,None)
Sending msg to client play-fork-run-845c6614-deca-42ce-94db-2c94d037eaa9: TaskFinished(235,41651,None,true,None)
Sending msg to client play-fork-run-845c6614-deca-42ce-94db-2c94d037eaa9: TaskStarted(235,41649,Some(AttributeKey[scala.collection.Seq[sbt.UpdateReport]]("transitiveUpdate") in Scope(Build: file:/Users/brionsilva/Desktop/IIT/SDGP/Play%20Projects/play-java/, , Project: ProjectReference(file:/Users/brionsilva/Desktop/IIT/SDGP/Play%20Projects/play-java/,root))))
Sending msg to client play-fork-run-845c6614-deca-42ce-94db-2c94d037eaa9: TaskFinished(235,41653,None,true,None)
Sending msg to client play-fork-run-845c6614-deca-42ce-94db-2c94d037eaa9: TaskStarted(235,41652,Some(AttributeKey[java.io.File]("dependencyCacheDirectory") in Scope(Build: file:/Users/brionsilva/Desktop/IIT/SDGP/Play%20Projects/play-java/, , Project: ProjectReference(file:/Users/brionsilva/Desktop/IIT/SDGP/Play%20Projects/play-java/,root))))
Sending msg to client play-fork-run-845c6614-deca-42ce-94db-2c94d037eaa9: TaskStarted(235,41663,Some(AttributeKey[sbt.BuildStructure]("buildStructure") in Scope(Global)))
Sending msg to client play-fork-run-845c6614-deca-42ce-94db-2c94d037eaa9: TaskFinished(235,41654,Some(AttributeKey[java.lang.String]("updateCacheName") in Scope(Build: file:/Users/brionsilva/Desktop/IIT/SDGP/Play%20Projects/play-java/, , Project: ProjectReference(file:/Users/brionsilva/Desktop/IIT/SDGP/Play%20Projects/play-java/,root))),true,None)
Sending msg to client play-fork-run-845c6614-deca-42ce-94db-2c94d037eaa9: TaskFinished(235,41664,Some(AttributeKey[scala.collection.Seq[sbt.Resolver]]("externalResolvers") in Scope(Build: file:/Users/brionsilva/Desktop/IIT/SDGP/Play%20Projects/play-java/, , Project: ProjectReference(file:/Users/brionsilva/Desktop/IIT/SDGP/Play%20Projects/play-java/,root))),true,None)
Sending msg to client play-fork-run-845c6614-deca-42ce-94db-2c94d037eaa9: TaskFinished(235,41665,Some(AttributeKey[scala.Option[scala.collection.Seq[sbt.Resolver]]]("bootResolvers") in Scope(Build: file:/Users/brionsilva/Desktop/IIT/SDGP/Play%20Projects/play-java/, , Project: ProjectReference(file:/Users/brionsilva/Desktop/IIT/SDGP/Play%20Projects/play-java/,root))),true,None)
Sending msg to client play-fork-run-845c6614-deca-42ce-94db-2c94d037eaa9: TaskFinished(235,41668,Some(AttributeKey[scala.collection.Seq[sbt.Credentials]]("credentials") in Scope(Global)),true,None)
Sending msg to client play-fork-run-845c6614-deca-42ce-94db-2c94d037eaa9: TaskFinished(235,41676,None,true,None)
Sending msg to client play-fork-run-845c6614-deca-42ce-94db-2c94d037eaa9: TaskFinished(235,41677,None,true,None)
Sending msg to client play-fork-run-845c6614-deca-42ce-94db-2c94d037eaa9: TaskFinished(235,41678,Some(AttributeKey[boolean]("skip") in Scope(Global)),true,None)
Sending msg to client play-fork-run-845c6614-deca-42ce-94db-2c94d037eaa9: TaskFinished(235,41679,Some(AttributeKey[scala.Option[java.lang.String]]("mainClass") in Scope(Build: file:/Users/brionsilva/Desktop/IIT/SDGP/Play%20Projects/play-java/, , Project: ProjectReference(file:/Users/brionsilva/Desktop/IIT/SDGP/Play%20Projects/play-java/,root), Config: compile, Task: AttributeKey[void]("run"))),true,None)
Sending msg to client play-fork-run-845c6614-deca-42ce-94db-2c94d037eaa9: TaskFinished(235,41681,Some(AttributeKey[scala.Tuple2[java.lang.String,java.io.File]]("playPrefixAndAssets") in Scope(Build: file:/Users/brionsilva/Desktop/IIT/SDGP/Play%20Projects/play-java/, , Project: ProjectReference(file:/Users/brionsilva/Desktop/IIT/SDGP/Play%20Projects/play-java/,root))),true,None)
Sending msg to client play-fork-run-845c6614-deca-42ce-94db-2c94d037eaa9: TaskStarted(235,41680,Some(AttributeKey[scala.collection.Seq[scala.Tuple2[java.lang.String,java.io.File]]]("playAllAssets") in Scope(Build: file:/Users/brionsilva/Desktop/IIT/SDGP/Play%20Projects/play-java/, , Project: ProjectReference(file:/Users/brionsilva/Desktop/IIT/SDGP/Play%20Projects/play-java/,root))))
Sending msg to client play-fork-run-845c6614-deca-42ce-94db-2c94d037eaa9: TaskFinished(235,41689,None,true,None)
Sending msg to client play-fork-run-845c6614-deca-42ce-94db-2c94d037eaa9: TaskFinished(235,41696,None,true,None)
Sending msg to client play-fork-run-845c6614-deca-42ce-94db-2c94d037eaa9: TaskFinished(235,41697,Some(AttributeKey[scala.collection.Seq[java.lang.String]]("javaOptions") in Scope(Global)),true,None)
Sending msg to client play-fork-run-845c6614-deca-42ce-94db-2c94d037eaa9: TaskStarted(235,41695,Some(AttributeKey[scala.collection.Seq[java.lang.String]]("javaOptions") in Scope(Build: file:/Users/brionsilva/Desktop/IIT/SDGP/Play%20Projects/play-java/, )))
Sending msg to client play-fork-run-845c6614-deca-42ce-94db-2c94d037eaa9: TaskFinished(235,41699,None,true,None)
Sending msg to client play-fork-run-845c6614-deca-42ce-94db-2c94d037eaa9: TaskFinished(235,41646,None,true,None)
Sending msg to client play-fork-run-845c6614-deca-42ce-94db-2c94d037eaa9: TaskFinished(235,41661,None,true,None)
Sending msg to client play-fork-run-845c6614-deca-42ce-94db-2c94d037eaa9: TaskFinished(235,41666,None,true,None)
Sending msg to client play-fork-run-845c6614-deca-42ce-94db-2c94d037eaa9: TaskFinished(235,41667,None,true,None)
Sending msg to client play-fork-run-845c6614-deca-42ce-94db-2c94d037eaa9: TaskFinished(235,41674,None,true,None)
Sending msg to client play-fork-run-845c6614-deca-42ce-94db-2c94d037eaa9: TaskStarted(235,41673,Some(AttributeKey[scala.collection.immutable.Map[sbt.ModuleID,sbt.SourcePosition]]("dependencyPositions") in Scope(Build: file:/Users/brionsilva/Desktop/IIT/SDGP/Play%20Projects/play-java/, , Project: ProjectReference(file:/Users/brionsilva/Desktop/IIT/SDGP/Play%20Projects/play-java/,root))))
Sending msg to client play-fork-run-845c6614-deca-42ce-94db-2c94d037eaa9: TaskFinished(235,41690,None,true,None)
Sending msg to client play-fork-run-845c6614-deca-42ce-94db-2c94d037eaa9: TaskFinished(235,41693,None,true,None)
Sending msg to client play-fork-run-845c6614-deca-42ce-94db-2c94d037eaa9: TaskFinished(235,41694,None,true,None)
Sending msg to client play-fork-run-845c6614-deca-42ce-94db-2c94d037eaa9: TaskFinished(235,41649,Some(AttributeKey[scala.collection.Seq[sbt.UpdateReport]]("transitiveUpdate") in Scope(Build: file:/Users/brionsilva/Desktop/IIT/SDGP/Play%20Projects/play-java/, , Project: ProjectReference(file:/Users/brionsilva/Desktop/IIT/SDGP/Play%20Projects/play-java/,root))),true,None)
Sending msg to client play-fork-run-845c6614-deca-42ce-94db-2c94d037eaa9: TaskFinished(235,41663,Some(AttributeKey[sbt.BuildStructure]("buildStructure") in Scope(Global)),true,None)
Sending msg to client play-fork-run-845c6614-deca-42ce-94db-2c94d037eaa9: TaskStarted(235,41662,Some(AttributeKey[sbt.Settings[sbt.Scope]]("settingsData") in Scope(Global)))
Sending msg to client play-fork-run-845c6614-deca-42ce-94db-2c94d037eaa9: TaskFinished(235,41652,Some(AttributeKey[java.io.File]("dependencyCacheDirectory") in Scope(Build: file:/Users/brionsilva/Desktop/IIT/SDGP/Play%20Projects/play-java/, , Project: ProjectReference(file:/Users/brionsilva/Desktop/IIT/SDGP/Play%20Projects/play-java/,root))),true,None)
Sending msg to client play-fork-run-845c6614-deca-42ce-94db-2c94d037eaa9: TaskFinished(235,41680,Some(AttributeKey[scala.collection.Seq[scala.Tuple2[java.lang.String,java.io.File]]]("playAllAssets") in Scope(Build: file:/Users/brionsilva/Desktop/IIT/SDGP/Play%20Projects/play-java/, , Project: ProjectReference(file:/Users/brionsilva/Desktop/IIT/SDGP/Play%20Projects/play-java/,root))),true,None)
Sending msg to client play-fork-run-845c6614-deca-42ce-94db-2c94d037eaa9: TaskFinished(235,41695,Some(AttributeKey[scala.collection.Seq[java.lang.String]]("javaOptions") in Scope(Build: file:/Users/brionsilva/Desktop/IIT/SDGP/Play%20Projects/play-java/, )),true,None)
Sending msg to client play-fork-run-845c6614-deca-42ce-94db-2c94d037eaa9: TaskFinished(235,41673,Some(AttributeKey[scala.collection.immutable.Map[sbt.ModuleID,sbt.SourcePosition]]("dependencyPositions") in Scope(Build: file:/Users/brionsilva/Desktop/IIT/SDGP/Play%20Projects/play-java/, , Project: ProjectReference(file:/Users/brionsilva/Desktop/IIT/SDGP/Play%20Projects/play-java/,root))),true,None)
Sending msg to client play-fork-run-845c6614-deca-42ce-94db-2c94d037eaa9: TaskStarted(235,41672,Some(AttributeKey[sbt.UnresolvedWarningConfiguration]("unresolvedWarningConfiguration") in Scope(Build: file:/Users/brionsilva/Desktop/IIT/SDGP/Play%20Projects/play-java/, , Project: ProjectReference(file:/Users/brionsilva/Desktop/IIT/SDGP/Play%20Projects/play-java/,root), Task: AttributeKey[sbt.UpdateReport]("update"))))
Sending msg to client play-fork-run-845c6614-deca-42ce-94db-2c94d037eaa9: TaskFinished(235,41662,Some(AttributeKey[sbt.Settings[sbt.Scope]]("settingsData") in Scope(Global)),true,None)
Sending msg to client play-fork-run-845c6614-deca-42ce-94db-2c94d037eaa9: TaskStarted(235,41660,Some(AttributeKey[scala.collection.immutable.Map[org.apache.ivy.core.module.id.ModuleRevisionId,org.apache.ivy.core.module.descriptor.ModuleDescriptor]]("projectDescriptors") in Scope(Build: file:/Users/brionsilva/Desktop/IIT/SDGP/Play%20Projects/play-java/, , Project: ProjectReference(file:/Users/brionsilva/Desktop/IIT/SDGP/Play%20Projects/play-java/,root))))
Sending msg to client play-fork-run-845c6614-deca-42ce-94db-2c94d037eaa9: TaskStarted(235,41671,Some(AttributeKey[scala.collection.Seq[sbt.ModuleID]]("projectDependencies") in Scope(Build: file:/Users/brionsilva/Desktop/IIT/SDGP/Play%20Projects/play-java/, , Project: ProjectReference(file:/Users/brionsilva/Desktop/IIT/SDGP/Play%20Projects/play-java/,root))))
Sending msg to client play-fork-run-845c6614-deca-42ce-94db-2c94d037eaa9: TaskStarted(235,41675,None)
Sending msg to client play-fork-run-845c6614-deca-42ce-94db-2c94d037eaa9: TaskStarted(235,41692,None)
Sending msg to client play-fork-run-845c6614-deca-42ce-94db-2c94d037eaa9: TaskStarted(235,41698,Some(AttributeKey[scala.collection.Seq[java.io.File]]("playMonitoredFiles") in Scope(Build: file:/Users/brionsilva/Desktop/IIT/SDGP/Play%20Projects/play-java/, , Project: ProjectReference(file:/Users/brionsilva/Desktop/IIT/SDGP/Play%20Projects/play-java/,root))))
Sending msg to client play-fork-run-845c6614-deca-42ce-94db-2c94d037eaa9: TaskFinished(235,41672,Some(AttributeKey[sbt.UnresolvedWarningConfiguration]("unresolvedWarningConfiguration") in Scope(Build: file:/Users/brionsilva/Desktop/IIT/SDGP/Play%20Projects/play-java/, , Project: ProjectReference(file:/Users/brionsilva/Desktop/IIT/SDGP/Play%20Projects/play-java/,root), Task: AttributeKey[sbt.UpdateReport]("update"))),true,None)
Sending msg to client play-fork-run-845c6614-deca-42ce-94db-2c94d037eaa9: TaskStarted(235,41701,None)
Sending msg to client play-fork-run-845c6614-deca-42ce-94db-2c94d037eaa9: TaskStarted(235,41702,None)
Sending msg to client play-fork-run-845c6614-deca-42ce-94db-2c94d037eaa9: TaskFinished(235,41671,Some(AttributeKey[scala.collection.Seq[sbt.ModuleID]]("projectDependencies") in Scope(Build: file:/Users/brionsilva/Desktop/IIT/SDGP/Play%20Projects/play-java/, , Project: ProjectReference(file:/Users/brionsilva/Desktop/IIT/SDGP/Play%20Projects/play-java/,root))),true,None)
Sending msg to client play-fork-run-845c6614-deca-42ce-94db-2c94d037eaa9: TaskStarted(235,41670,Some(AttributeKey[scala.collection.Seq[sbt.ModuleID]]("allDependencies") in Scope(Build: file:/Users/brionsilva/Desktop/IIT/SDGP/Play%20Projects/play-java/, , Project: ProjectReference(file:/Users/brionsilva/Desktop/IIT/SDGP/Play%20Projects/play-java/,root))))
Sending msg to client play-fork-run-845c6614-deca-42ce-94db-2c94d037eaa9: TaskStarted(235,41707,None)
Sending msg to client play-fork-run-845c6614-deca-42ce-94db-2c94d037eaa9: TaskStarted(235,41708,None)
Sending msg to client play-fork-run-845c6614-deca-42ce-94db-2c94d037eaa9: TaskStarted(235,41710,None)
Sending msg to client play-fork-run-845c6614-deca-42ce-94db-2c94d037eaa9: TaskStarted(235,41712,None)
Sending msg to client play-fork-run-845c6614-deca-42ce-94db-2c94d037eaa9: TaskStarted(235,41713,None)
Sending msg to client play-fork-run-845c6614-deca-42ce-94db-2c94d037eaa9: TaskFinished(235,41701,None,true,None)
Sending msg to client play-fork-run-845c6614-deca-42ce-94db-2c94d037eaa9: TaskStarted(235,41700,None)
Sending msg to client play-fork-run-845c6614-deca-42ce-94db-2c94d037eaa9: TaskFinished(235,41702,None,true,None)
Sending msg to client play-fork-run-845c6614-deca-42ce-94db-2c94d037eaa9: TaskFinished(235,41675,None,true,None)
Sending msg to client play-fork-run-845c6614-deca-42ce-94db-2c94d037eaa9: TaskStarted(235,41714,None)
Sending msg to client play-fork-run-845c6614-deca-42ce-94db-2c94d037eaa9: TaskFinished(235,41670,Some(AttributeKey[scala.collection.Seq[sbt.ModuleID]]("allDependencies") in Scope(Build: file:/Users/brionsilva/Desktop/IIT/SDGP/Play%20Projects/play-java/, , Project: ProjectReference(file:/Users/brionsilva/Desktop/IIT/SDGP/Play%20Projects/play-java/,root))),true,None)
Sending msg to client play-fork-run-845c6614-deca-42ce-94db-2c94d037eaa9: TaskStarted(235,41669,Some(AttributeKey[sbt.ModuleSettings]("moduleSettings") in Scope(Build: file:/Users/brionsilva/Desktop/IIT/SDGP/Play%20Projects/play-java/, , Project: ProjectReference(file:/Users/brionsilva/Desktop/IIT/SDGP/Play%20Projects/play-java/,root))))
Sending msg to client play-fork-run-845c6614-deca-42ce-94db-2c94d037eaa9: TaskFinished(235,41707,None,true,None)
Sending msg to client play-fork-run-845c6614-deca-42ce-94db-2c94d037eaa9: TaskFinished(235,41713,None,true,None)
Sending msg to client play-fork-run-845c6614-deca-42ce-94db-2c94d037eaa9: TaskFinished(235,41712,None,true,None)
Sending msg to client play-fork-run-845c6614-deca-42ce-94db-2c94d037eaa9: TaskStarted(235,41711,Some(AttributeKey[scala.collection.Seq[sbt.Attributed[java.io.File]]]("unmanagedJars") in Scope(Build: file:/Users/brionsilva/Desktop/IIT/SDGP/Play%20Projects/play-java/, , Project: ProjectReference(file:/Users/brionsilva/Desktop/IIT/SDGP/Play%20Projects/play-java/,root), Config: runtime)))
Sending msg to client play-fork-run-845c6614-deca-42ce-94db-2c94d037eaa9: TaskFinished(235,41710,None,true,None)
Sending msg to client play-fork-run-845c6614-deca-42ce-94db-2c94d037eaa9: TaskStarted(235,41709,None)
Sending msg to client play-fork-run-845c6614-deca-42ce-94db-2c94d037eaa9: TaskFinished(235,41708,None,true,None)
Sending msg to client play-fork-run-845c6614-deca-42ce-94db-2c94d037eaa9: TaskStarted(235,41706,Some(AttributeKey[scala.collection.Seq[sbt.Attributed[java.io.File]]]("unmanagedJars") in Scope(Build: file:/Users/brionsilva/Desktop/IIT/SDGP/Play%20Projects/play-java/, , Project: ProjectReference(file:/Users/brionsilva/Desktop/IIT/SDGP/Play%20Projects/play-java/,root), Config: compile)))
Sending msg to client play-fork-run-845c6614-deca-42ce-94db-2c94d037eaa9: TaskFinished(235,41700,None,true,None)
Sending msg to client play-fork-run-845c6614-deca-42ce-94db-2c94d037eaa9: TaskFinished(235,41660,Some(AttributeKey[scala.collection.immutable.Map[org.apache.ivy.core.module.id.ModuleRevisionId,org.apache.ivy.core.module.descriptor.ModuleDescriptor]]("projectDescriptors") in Scope(Build: file:/Users/brionsilva/Desktop/IIT/SDGP/Play%20Projects/play-java/, , Project: ProjectReference(file:/Users/brionsilva/Desktop/IIT/SDGP/Play%20Projects/play-java/,root))),true,None)
Sending msg to client play-fork-run-845c6614-deca-42ce-94db-2c94d037eaa9: TaskStarted(235,41659,Some(AttributeKey[sbt.Resolver]("projectResolver") in Scope(Build: file:/Users/brionsilva/Desktop/IIT/SDGP/Play%20Projects/play-java/, , Project: ProjectReference(file:/Users/brionsilva/Desktop/IIT/SDGP/Play%20Projects/play-java/,root))))
Sending msg to client play-fork-run-845c6614-deca-42ce-94db-2c94d037eaa9: TaskFinished(235,41714,None,true,None)
Sending msg to client play-fork-run-845c6614-deca-42ce-94db-2c94d037eaa9: TaskFinished(235,41698,Some(AttributeKey[scala.collection.Seq[java.io.File]]("playMonitoredFiles") in Scope(Build: file:/Users/brionsilva/Desktop/IIT/SDGP/Play%20Projects/play-java/, , Project: ProjectReference(file:/Users/brionsilva/Desktop/IIT/SDGP/Play%20Projects/play-java/,root))),true,None)
Sending msg to client play-fork-run-845c6614-deca-42ce-94db-2c94d037eaa9: TaskFinished(235,41669,Some(AttributeKey[sbt.ModuleSettings]("moduleSettings") in Scope(Build: file:/Users/brionsilva/Desktop/IIT/SDGP/Play%20Projects/play-java/, , Project: ProjectReference(file:/Users/brionsilva/Desktop/IIT/SDGP/Play%20Projects/play-java/,root))),true,None)
Sending msg to client play-fork-run-845c6614-deca-42ce-94db-2c94d037eaa9: TaskFinished(235,41711,Some(AttributeKey[scala.collection.Seq[sbt.Attributed[java.io.File]]]("unmanagedJars") in Scope(Build: file:/Users/brionsilva/Desktop/IIT/SDGP/Play%20Projects/play-java/, , Project: ProjectReference(file:/Users/brionsilva/Desktop/IIT/SDGP/Play%20Projects/play-java/,root), Config: runtime)),true,None)
Sending msg to client play-fork-run-845c6614-deca-42ce-94db-2c94d037eaa9: TaskStarted(235,41715,None)
Sending msg to client play-fork-run-845c6614-deca-42ce-94db-2c94d037eaa9: TaskFinished(235,41706,Some(AttributeKey[scala.collection.Seq[sbt.Attributed[java.io.File]]]("unmanagedJars") in Scope(Build: file:/Users/brionsilva/Desktop/IIT/SDGP/Play%20Projects/play-java/, , Project: ProjectReference(file:/Users/brionsilva/Desktop/IIT/SDGP/Play%20Projects/play-java/,root), Config: compile)),true,None)
Sending msg to client play-fork-run-845c6614-deca-42ce-94db-2c94d037eaa9: TaskFinished(235,41659,Some(AttributeKey[sbt.Resolver]("projectResolver") in Scope(Build: file:/Users/brionsilva/Desktop/IIT/SDGP/Play%20Projects/play-java/, , Project: ProjectReference(file:/Users/brionsilva/Desktop/IIT/SDGP/Play%20Projects/play-java/,root))),true,None)
Sending msg to client play-fork-run-845c6614-deca-42ce-94db-2c94d037eaa9: TaskStarted(235,41658,Some(AttributeKey[scala.collection.Seq[sbt.Resolver]]("fullResolvers") in Scope(Build: file:/Users/brionsilva/Desktop/IIT/SDGP/Play%20Projects/play-java/, , Project: ProjectReference(file:/Users/brionsilva/Desktop/IIT/SDGP/Play%20Projects/play-java/,root))))
Sending msg to client play-fork-run-845c6614-deca-42ce-94db-2c94d037eaa9: TaskFinished(235,41715,None,true,None)
Sending msg to client play-fork-run-845c6614-deca-42ce-94db-2c94d037eaa9: TaskFinished(235,41709,None,true,None)
Sending msg to client play-fork-run-845c6614-deca-42ce-94db-2c94d037eaa9: TaskStarted(235,41705,Some(AttributeKey[scala.collection.Seq[sbt.Attributed[java.io.File]]]("unmanagedJars") in Scope(Build: file:/Users/brionsilva/Desktop/IIT/SDGP/Play%20Projects/play-java/, , Project: ProjectReference(file:/Users/brionsilva/Desktop/IIT/SDGP/Play%20Projects/play-java/,root), Config: compile)))
Sending msg to client play-fork-run-845c6614-deca-42ce-94db-2c94d037eaa9: TaskFinished(235,41658,Some(AttributeKey[scala.collection.Seq[sbt.Resolver]]("fullResolvers") in Scope(Build: file:/Users/brionsilva/Desktop/IIT/SDGP/Play%20Projects/play-java/, , Project: ProjectReference(file:/Users/brionsilva/Desktop/IIT/SDGP/Play%20Projects/play-java/,root))),true,None)
Sending msg to client play-fork-run-845c6614-deca-42ce-94db-2c94d037eaa9: TaskStarted(235,41657,Some(AttributeKey[sbt.IvyConfiguration]("ivyConfiguration") in Scope(Build: file:/Users/brionsilva/Desktop/IIT/SDGP/Play%20Projects/play-java/, , Project: ProjectReference(file:/Users/brionsilva/Desktop/IIT/SDGP/Play%20Projects/play-java/,root))))
Sending msg to client play-fork-run-845c6614-deca-42ce-94db-2c94d037eaa9: TaskFinished(235,41705,Some(AttributeKey[scala.collection.Seq[sbt.Attributed[java.io.File]]]("unmanagedJars") in Scope(Build: file:/Users/brionsilva/Desktop/IIT/SDGP/Play%20Projects/play-java/, , Project: ProjectReference(file:/Users/brionsilva/Desktop/IIT/SDGP/Play%20Projects/play-java/,root), Config: compile)),true,None)
Sending msg to client play-fork-run-845c6614-deca-42ce-94db-2c94d037eaa9: TaskStarted(235,41704,None)
Sending msg to client play-fork-run-845c6614-deca-42ce-94db-2c94d037eaa9: TaskFinished(235,41704,None,true,None)
Sending msg to client play-fork-run-845c6614-deca-42ce-94db-2c94d037eaa9: TaskStarted(235,41703,None)
Sending msg to client play-fork-run-845c6614-deca-42ce-94db-2c94d037eaa9: TaskFinished(235,41657,Some(AttributeKey[sbt.IvyConfiguration]("ivyConfiguration") in Scope(Build: file:/Users/brionsilva/Desktop/IIT/SDGP/Play%20Projects/play-java/, , Project: ProjectReference(file:/Users/brionsilva/Desktop/IIT/SDGP/Play%20Projects/play-java/,root))),true,None)
Sending msg to client play-fork-run-845c6614-deca-42ce-94db-2c94d037eaa9: TaskStarted(235,41656,Some(AttributeKey[sbt.IvySbt]("ivySbt") in Scope(Build: file:/Users/brionsilva/Desktop/IIT/SDGP/Play%20Projects/play-java/, , Project: ProjectReference(file:/Users/brionsilva/Desktop/IIT/SDGP/Play%20Projects/play-java/,root))))
Sending msg to client play-fork-run-845c6614-deca-42ce-94db-2c94d037eaa9: TaskFinished(235,41703,None,true,None)
Sending msg to client play-fork-run-845c6614-deca-42ce-94db-2c94d037eaa9: TaskFinished(235,41692,None,true,None)
Sending msg to client play-fork-run-845c6614-deca-42ce-94db-2c94d037eaa9: TaskStarted(235,41691,Some(AttributeKey[scala.collection.Seq[sbt.Attributed[java.io.File]]]("unmanagedClasspath") in Scope(Build: file:/Users/brionsilva/Desktop/IIT/SDGP/Play%20Projects/play-java/, , Project: ProjectReference(file:/Users/brionsilva/Desktop/IIT/SDGP/Play%20Projects/play-java/,root), Config: runtime)))
Sending msg to client play-fork-run-845c6614-deca-42ce-94db-2c94d037eaa9: TaskFinished(235,41656,Some(AttributeKey[sbt.IvySbt]("ivySbt") in Scope(Build: file:/Users/brionsilva/Desktop/IIT/SDGP/Play%20Projects/play-java/, , Project: ProjectReference(file:/Users/brionsilva/Desktop/IIT/SDGP/Play%20Projects/play-java/,root))),true,None)
Sending msg to client play-fork-run-845c6614-deca-42ce-94db-2c94d037eaa9: TaskStarted(235,41655,Some(AttributeKey[sbt.IvySbt$Module]("ivyModule") in Scope(Build: file:/Users/brionsilva/Desktop/IIT/SDGP/Play%20Projects/play-java/, , Project: ProjectReference(file:/Users/brionsilva/Desktop/IIT/SDGP/Play%20Projects/play-java/,root))))
Sending msg to client play-fork-run-845c6614-deca-42ce-94db-2c94d037eaa9: TaskFinished(235,41691,Some(AttributeKey[scala.collection.Seq[sbt.Attributed[java.io.File]]]("unmanagedClasspath") in Scope(Build: file:/Users/brionsilva/Desktop/IIT/SDGP/Play%20Projects/play-java/, , Project: ProjectReference(file:/Users/brionsilva/Desktop/IIT/SDGP/Play%20Projects/play-java/,root), Config: runtime)),true,None)
Sending msg to client play-fork-run-845c6614-deca-42ce-94db-2c94d037eaa9: TaskFinished(235,41655,Some(AttributeKey[sbt.IvySbt$Module]("ivyModule") in Scope(Build: file:/Users/brionsilva/Desktop/IIT/SDGP/Play%20Projects/play-java/, , Project: ProjectReference(file:/Users/brionsilva/Desktop/IIT/SDGP/Play%20Projects/play-java/,root))),true,None)
Sending msg to client play-fork-run-845c6614-deca-42ce-94db-2c94d037eaa9: TaskStarted(235,41648,Some(AttributeKey[sbt.UpdateReport]("update") in Scope(Build: file:/Users/brionsilva/Desktop/IIT/SDGP/Play%20Projects/play-java/, , Project: ProjectReference(file:/Users/brionsilva/Desktop/IIT/SDGP/Play%20Projects/play-java/,root))))
Sending msg to client play-fork-run-845c6614-deca-42ce-94db-2c94d037eaa9: TaskFinished(235,41648,Some(AttributeKey[sbt.UpdateReport]("update") in Scope(Build: file:/Users/brionsilva/Desktop/IIT/SDGP/Play%20Projects/play-java/, , Project: ProjectReference(file:/Users/brionsilva/Desktop/IIT/SDGP/Play%20Projects/play-java/,root))),true,None)
Sending msg to client play-fork-run-845c6614-deca-42ce-94db-2c94d037eaa9: TaskStarted(235,41645,Some(AttributeKey[sbt.UpdateReport]("update") in Scope(Build: file:/Users/brionsilva/Desktop/IIT/SDGP/Play%20Projects/play-java/, , Project: ProjectReference(file:/Users/brionsilva/Desktop/IIT/SDGP/Play%20Projects/play-java/,root))))
Sending msg to client play-fork-run-845c6614-deca-42ce-94db-2c94d037eaa9: TaskFinished(235,41645,Some(AttributeKey[sbt.UpdateReport]("update") in Scope(Build: file:/Users/brionsilva/Desktop/IIT/SDGP/Play%20Projects/play-java/, , Project: ProjectReference(file:/Users/brionsilva/Desktop/IIT/SDGP/Play%20Projects/play-java/,root))),true,None)
Sending msg to client play-fork-run-845c6614-deca-42ce-94db-2c94d037eaa9: TaskStarted(235,41644,Some(AttributeKey[scala.collection.Seq[sbt.Attributed[java.io.File]]]("managedClasspath") in Scope(Build: file:/Users/brionsilva/Desktop/IIT/SDGP/Play%20Projects/play-java/, , Project: ProjectReference(file:/Users/brionsilva/Desktop/IIT/SDGP/Play%20Projects/play-java/,root), Config: docs)))
Sending msg to client play-fork-run-845c6614-deca-42ce-94db-2c94d037eaa9: TaskStarted(235,41688,Some(AttributeKey[sbt.Configuration]("classpathConfiguration") in Scope(Build: file:/Users/brionsilva/Desktop/IIT/SDGP/Play%20Projects/play-java/, , Project: ProjectReference(file:/Users/brionsilva/Desktop/IIT/SDGP/Play%20Projects/play-java/,root), Config: compile)))
Sending msg to client play-fork-run-845c6614-deca-42ce-94db-2c94d037eaa9: TaskFinished(235,41688,Some(AttributeKey[sbt.Configuration]("classpathConfiguration") in Scope(Build: file:/Users/brionsilva/Desktop/IIT/SDGP/Play%20Projects/play-java/, , Project: ProjectReference(file:/Users/brionsilva/Desktop/IIT/SDGP/Play%20Projects/play-java/,root), Config: compile)),true,None)
Sending msg to client play-fork-run-845c6614-deca-42ce-94db-2c94d037eaa9: TaskStarted(235,41687,None)
Sending msg to client play-fork-run-845c6614-deca-42ce-94db-2c94d037eaa9: TaskFinished(235,41687,None,true,None)
Sending msg to client play-fork-run-845c6614-deca-42ce-94db-2c94d037eaa9: TaskStarted(235,41686,Some(AttributeKey[sbt.Configuration]("classpathConfiguration") in Scope(Build: file:/Users/brionsilva/Desktop/IIT/SDGP/Play%20Projects/play-java/, , Project: ProjectReference(file:/Users/brionsilva/Desktop/IIT/SDGP/Play%20Projects/play-java/,root), Config: runtime)))
Sending msg to client play-fork-run-845c6614-deca-42ce-94db-2c94d037eaa9: TaskFinished(235,41644,Some(AttributeKey[scala.collection.Seq[sbt.Attributed[java.io.File]]]("managedClasspath") in Scope(Build: file:/Users/brionsilva/Desktop/IIT/SDGP/Play%20Projects/play-java/, , Project: ProjectReference(file:/Users/brionsilva/Desktop/IIT/SDGP/Play%20Projects/play-java/,root), Config: docs)),true,None)
Sending msg to client play-fork-run-845c6614-deca-42ce-94db-2c94d037eaa9: TaskStarted(235,41643,Some(AttributeKey[scala.Option[java.io.File]]("playDocsJar") in Scope(Build: file:/Users/brionsilva/Desktop/IIT/SDGP/Play%20Projects/play-java/, , Project: ProjectReference(file:/Users/brionsilva/Desktop/IIT/SDGP/Play%20Projects/play-java/,root))))
Sending msg to client play-fork-run-845c6614-deca-42ce-94db-2c94d037eaa9: TaskFinished(235,41686,Some(AttributeKey[sbt.Configuration]("classpathConfiguration") in Scope(Build: file:/Users/brionsilva/Desktop/IIT/SDGP/Play%20Projects/play-java/, , Project: ProjectReference(file:/Users/brionsilva/Desktop/IIT/SDGP/Play%20Projects/play-java/,root), Config: runtime)),true,None)
Sending msg to client play-fork-run-845c6614-deca-42ce-94db-2c94d037eaa9: TaskStarted(235,41685,None)
Sending msg to client play-fork-run-845c6614-deca-42ce-94db-2c94d037eaa9: TaskFinished(235,41643,Some(AttributeKey[scala.Option[java.io.File]]("playDocsJar") in Scope(Build: file:/Users/brionsilva/Desktop/IIT/SDGP/Play%20Projects/play-java/, , Project: ProjectReference(file:/Users/brionsilva/Desktop/IIT/SDGP/Play%20Projects/play-java/,root))),true,None)
Sending msg to client play-fork-run-845c6614-deca-42ce-94db-2c94d037eaa9: TaskFinished(235,41685,None,true,None)
Sending msg to client play-fork-run-845c6614-deca-42ce-94db-2c94d037eaa9: TaskStarted(235,41684,Some(AttributeKey[scala.collection.Seq[sbt.Attributed[java.io.File]]]("managedClasspath") in Scope(Build: file:/Users/brionsilva/Desktop/IIT/SDGP/Play%20Projects/play-java/, , Project: ProjectReference(file:/Users/brionsilva/Desktop/IIT/SDGP/Play%20Projects/play-java/,root), Config: runtime)))
Sending msg to client play-fork-run-845c6614-deca-42ce-94db-2c94d037eaa9: TaskFinished(235,41684,Some(AttributeKey[scala.collection.Seq[sbt.Attributed[java.io.File]]]("managedClasspath") in Scope(Build: file:/Users/brionsilva/Desktop/IIT/SDGP/Play%20Projects/play-java/, , Project: ProjectReference(file:/Users/brionsilva/Desktop/IIT/SDGP/Play%20Projects/play-java/,root), Config: runtime)),true,None)
Sending msg to client play-fork-run-845c6614-deca-42ce-94db-2c94d037eaa9: TaskStarted(235,41683,None)
Sending msg to client play-fork-run-845c6614-deca-42ce-94db-2c94d037eaa9: TaskFinished(235,41683,None,true,None)
Sending msg to client play-fork-run-845c6614-deca-42ce-94db-2c94d037eaa9: TaskStarted(235,41682,Some(AttributeKey[scala.collection.Seq[sbt.Attributed[java.io.File]]]("playDependencyClasspath") in Scope(Build: file:/Users/brionsilva/Desktop/IIT/SDGP/Play%20Projects/play-java/, , Project: ProjectReference(file:/Users/brionsilva/Desktop/IIT/SDGP/Play%20Projects/play-java/,root))))
Sending msg to client play-fork-run-845c6614-deca-42ce-94db-2c94d037eaa9: TaskFinished(235,41682,Some(AttributeKey[scala.collection.Seq[sbt.Attributed[java.io.File]]]("playDependencyClasspath") in Scope(Build: file:/Users/brionsilva/Desktop/IIT/SDGP/Play%20Projects/play-java/, , Project: ProjectReference(file:/Users/brionsilva/Desktop/IIT/SDGP/Play%20Projects/play-java/,root))),true,None)
Sending msg to client play-fork-run-845c6614-deca-42ce-94db-2c94d037eaa9: TaskStarted(235,41642,Some(AttributeKey[play.forkrun.protocol.ForkConfig]("playForkConfig") in Scope(Build: file:/Users/brionsilva/Desktop/IIT/SDGP/Play%20Projects/play-java/, , Project: ProjectReference(file:/Users/brionsilva/Desktop/IIT/SDGP/Play%20Projects/play-java/,root))))
Sending msg to client play-fork-run-845c6614-deca-42ce-94db-2c94d037eaa9: TaskFinished(235,41642,Some(AttributeKey[play.forkrun.protocol.ForkConfig]("playForkConfig") in Scope(Build: file:/Users/brionsilva/Desktop/IIT/SDGP/Play%20Projects/play-java/, , Project: ProjectReference(file:/Users/brionsilva/Desktop/IIT/SDGP/Play%20Projects/play-java/,root))),true,None)
Sending msg to client play-fork-run-845c6614-deca-42ce-94db-2c94d037eaa9: ValueChanged(AttributeKey[play.forkrun.protocol.ForkConfig]("playForkConfig") in Scope(Build: file:/Users/brionsilva/Desktop/IIT/SDGP/Play%20Projects/play-java/, , Project: ProjectReference(file:/Users/brionsilva/Desktop/IIT/SDGP/Play%20Projects/play-java/,root)),TaskSuccess(BuildValue(LazyValue(ForkConfig(/Users/brionsilva/Desktop/IIT/SDGP/Play Projects/play-java,List(-Djna.nosys=true),List(/Users/brionsilva/Desktop/IIT/SDGP/Play Projects/play-java/lib/javax.annotation.jar, /Users/brionsilva/Desktop/IIT/SDGP/Play Projects/play-java/lib/javax.ejb.jar, /Users/brionsilva/Desktop/IIT/SDGP/Play Projects/play-java/lib/javax.jms.jar, /Users/brionsilva/Desktop/IIT/SDGP/Play Projects/play-java/lib/javax.persistence.jar, /Users/brionsilva/Desktop/IIT/SDGP/Play Projects/play-java/lib/javax.resource.jar, /Users/brionsilva/Desktop/IIT/SDGP/Play Projects/play-java/lib/javax.servlet.jsp.jar, /Users/brionsilva/Desktop/IIT/SDGP/Play Projects/play-java/lib/javax.servlet.jsp.jstl.jar, /Users/brionsilva/.ivy2/cache/org.scala-lang/scala-library/jars/scala-library-2.11.8.jar, /Users/brionsilva/Desktop/IIT/SDGP/Play/repository/com.typesafe.play/twirl-api_2.11/1.1.1/jars/twirl-api_2.11.jar, /Users/brionsilva/Desktop/IIT/SDGP/Play/repository/org.apache.commons/commons-lang3/3.4/jars/commons-lang3.jar, /Users/brionsilva/.ivy2/cache/org.scala-lang.modules/scala-xml_2.11/bundles/scala-xml_2.11-1.0.1.jar, /Users/brionsilva/Desktop/IIT/SDGP/Play/repository/com.typesafe.play/play-enhancer/1.1.0/jars/play-enhancer.jar, /Users/brionsilva/.ivy2/cache/com.typesafe.play/play-server_2.11/jars/play-server_2.11-2.5.12.jar, /Users/brionsilva/.ivy2/cache/com.typesafe.play/play_2.11/jars/play_2.11-2.5.12.jar, /Users/brionsilva/.ivy2/cache/com.typesafe.play/build-link/jars/build-link-2.5.12.jar, /Users/brionsilva/.ivy2/cache/com.typesafe.play/play-exceptions/jars/play-exceptions-2.5.12.jar, /Users/brionsilva/.ivy2/cache/com.typesafe.play/play-iteratees_2.11/jars/play-iteratees_2.11-2.5.12.jar, /Users/brionsilva/.ivy2/cache/org.scala-stm/scala-stm_2.11/jars/scala-stm_2.11-0.7.jar, /Users/brionsilva/Desktop/IIT/SDGP/Play/repository/com.typesafe/config/1.3.0/bundles/config.jar, /Users/brionsilva/.ivy2/cache/com.typesafe.play/play-json_2.11/jars/play-json_2.11-2.5.12.jar, /Users/brionsilva/.ivy2/cache/com.typesafe.play/play-functional_2.11/jars/play-functional_2.11-2.5.12.jar, /Users/brionsilva/.ivy2/cache/com.typesafe.play/play-datacommons_2.11/jars/play-datacommons_2.11-2.5.12.jar, /Users/brionsilva/.ivy2/cache/joda-time/joda-time/jars/joda-time-2.9.6.jar, /Users/brionsilva/Desktop/IIT/SDGP/Play/repository/org.joda/joda-convert/1.8.1/jars/joda-convert.jar, /Users/brionsilva/Desktop/IIT/SDGP/Play/repository/org.scala-lang/scala-reflect/2.11.7/jars/scala-reflect.jar, /Users/brionsilva/.ivy2/cache/com.fasterxml.jackson.core/jackson-core/bundles/jackson-core-2.7.8.jar, /Users/brionsilva/.ivy2/cache/com.fasterxml.jackson.core/jackson-annotations/bundles/jackson-annotations-2.7.8.jar, /Users/brionsilva/.ivy2/cache/com.fasterxml.jackson.core/jackson-databind/bundles/jackson-databind-2.7.8.jar, /Users/brionsilva/.ivy2/cache/com.fasterxml.jackson.datatype/jackson-datatype-jdk8/bundles/jackson-datatype-jdk8-2.7.8.jar, /Users/brionsilva/.ivy2/cache/com.fasterxml.jackson.datatype/jackson-datatype-jsr310/bundles/jackson-datatype-jsr310-2.7.8.jar, /Users/brionsilva/.ivy2/cache/com.typesafe.play/play-netty-utils/jars/play-netty-utils-2.5.12.jar, /Users/brionsilva/Desktop/IIT/SDGP/Play/repository/org.slf4j/slf4j-api/1.7.21/jars/slf4j-api.jar, /Users/brionsilva/Desktop/IIT/SDGP/Play/repository/org.slf4j/jul-to-slf4j/1.7.21/jars/jul-to-slf4j.jar, /Users/brionsilva/Desktop/IIT/SDGP/Play/repository/org.slf4j/jcl-over-slf4j/1.7.21/jars/jcl-over-slf4j.jar, /Users/brionsilva/.ivy2/cache/com.typesafe.play/play-streams_2.11/jars/play-streams_2.11-2.5.12.jar, /Users/brionsilva/Desktop/IIT/SDGP/Play/repository/org.reactivestreams/reactive-streams/1.0.0/jars/reactive-streams.jar, /Users/brionsilva/.ivy2/cache/com.typesafe.akka/akka-stream_2.11/jars/akka-stream_2.11-2.4.14.jar, /Users/brionsilva/.ivy2/cache/com.typesafe.akka/akka-actor_2.11/jars/akka-actor_2.11-2.4.14.jar, /Users/brionsilva/Desktop/IIT/SDGP/Play/repository/org.scala-lang.modules/scala-java8-compat_2.11/0.7.0/bundles/scala-java8-compat_2.11.jar, /Users/brionsilva/Desktop/IIT/SDGP/Play/repository/com.typesafe/ssl-config-core_2.11/0.2.1/bundles/ssl-config-core_2.11.jar, /Users/brionsilva/.ivy2/cache/org.scala-lang.modules/scala-parser-combinators_2.11/bundles/scala-parser-combinators_2.11-1.0.4.jar, /Users/brionsilva/.ivy2/cache/com.typesafe.akka/akka-slf4j_2.11/jars/akka-slf4j_2.11-2.4.14.jar, /Users/brionsilva/Desktop/IIT/SDGP/Play/repository/commons-codec/commons-codec/1.10/jars/commons-codec.jar, /Users/brionsilva/.ivy2/cache/xerces/xercesImpl/jars/xercesImpl-2.11.0.jar, /Users/brionsilva/.ivy2/cache/xml-apis/xml-apis/jars/xml-apis-1.4.01.jar, /Users/brionsilva/.ivy2/cache/javax.transaction/jta/jars/jta-1.1.jar, /Users/brionsilva/Desktop/IIT/SDGP/Play/repository/com.google.inject/guice/4.0/jars/guice.jar, /Users/brionsilva/Desktop/IIT/SDGP/Play/repository/javax.inject/javax.inject/1/jars/javax.inject.jar, /Users/brionsilva/Desktop/IIT/SDGP/Play/repository/aopalliance/aopalliance/1.0/jars/aopalliance.jar, /Users/brionsilva/Desktop/IIT/SDGP/Play/repository/com.google.inject.extensions/guice-assistedinject/4.0/jars/guice-assistedinject.jar, /Users/brionsilva/.ivy2/cache/com.typesafe.play/play-java_2.11/jars/play-java_2.11-2.5.12.jar, /Users/brionsilva/Desktop/IIT/SDGP/Play/repository/org.yaml/snakeyaml/1.16/bundles/snakeyaml.jar, /Users/brionsilva/Desktop/IIT/SDGP/Play/repository/org.hibernate/hibernate-validator/5.2.4.Final/jars/hibernate-validator.jar, /Users/brionsilva/Desktop/IIT/SDGP/Play/repository/javax.validation/validation-api/1.1.0.Final/jars/validation-api.jar, /Users/brionsilva/Desktop/IIT/SDGP/Play/repository/javax.el/javax.el-api/3.0.0/jars/javax.el-api.jar, /Users/brionsilva/Desktop/IIT/SDGP/Play/repository/org.springframework/spring-context/4.2.7.RELEASE/jars/spring-context.jar, /Users/brionsilva/Desktop/IIT/SDGP/Play/repository/org.springframework/spring-core/4.2.7.RELEASE/jars/spring-core.jar, /Users/brionsilva/Desktop/IIT/SDGP/Play/repository/org.springframework/spring-beans/4.2.7.RELEASE/jars/spring-beans.jar, /Users/brionsilva/Desktop/IIT/SDGP/Play/repository/org.reflections/reflections/0.9.10/jars/reflections.jar, /Users/brionsilva/Desktop/IIT/SDGP/Play/repository/com.google.guava/guava/19.0/bundles/guava.jar, /Users/brionsilva/Desktop/IIT/SDGP/Play/repository/net.jodah/typetools/0.4.4/bundles/typetools.jar, /Users/brionsilva/Desktop/IIT/SDGP/Play/repository/com.google.code.findbugs/jsr305/3.0.1/jars/jsr305.jar, /Users/brionsilva/Desktop/IIT/SDGP/Play/repository/org.apache.tomcat/tomcat-servlet-api/8.0.33/jars/tomcat-servlet-api.jar, /Users/brionsilva/.ivy2/cache/com.typesafe.play/play-netty-server_2.11/jars/play-netty-server_2.11-2.5.12.jar, /Users/brionsilva/Desktop/IIT/SDGP/Play/repository/com.typesafe.netty/netty-reactive-streams-http/1.0.8/jars/netty-reactive-streams-http.jar, /Users/brionsilva/Desktop/IIT/SDGP/Play/repository/com.typesafe.netty/netty-reactive-streams/1.0.8/jars/netty-reactive-streams.jar, /Users/brionsilva/Desktop/IIT/SDGP/Play/repository/io.netty/netty-handler/4.0.41.Final/jars/netty-handler.jar, /Users/brionsilva/Desktop/IIT/SDGP/Play/repository/io.netty/netty-buffer/4.0.41.Final/jars/netty-buffer.jar, /Users/brionsilva/Desktop/IIT/SDGP/Play/repository/io.netty/netty-common/4.0.41.Final/jars/netty-common.jar, /Users/brionsilva/Desktop/IIT/SDGP/Play/repository/io.netty/netty-transport/4.0.41.Final/jars/netty-transport.jar, /Users/brionsilva/Desktop/IIT/SDGP/Play/repository/io.netty/netty-codec/4.0.41.Final/jars/netty-codec.jar, /Users/brionsilva/Desktop/IIT/SDGP/Play/repository/io.netty/netty-codec-http/4.0.41.Final/jars/netty-codec-http.jar, /Users/brionsilva/Desktop/IIT/SDGP/Play/repository/io.netty/netty-transport-native-epoll/4.0.41.Final/jars/netty-transport-native-epoll-linux-x86_64.jar, /Users/brionsilva/.ivy2/cache/com.typesafe.play/play-logback_2.11/jars/play-logback_2.11-2.5.12.jar, /Users/brionsilva/Desktop/IIT/SDGP/Play/repository/ch.qos.logback/logback-classic/1.1.7/jars/logback-classic.jar, /Users/brionsilva/Desktop/IIT/SDGP/Play/repository/ch.qos.logback/logback-core/1.1.7/jars/logback-core.jar, /Users/brionsilva/.ivy2/cache/com.typesafe.play/play-java-jpa_2.11/jars/play-java-jpa_2.11-2.5.12.jar, /Users/brionsilva/.ivy2/cache/com.typesafe.play/play-java-jdbc_2.11/jars/play-java-jdbc_2.11-2.5.12.jar, /Users/brionsilva/.ivy2/cache/com.typesafe.play/play-jdbc_2.11/jars/play-jdbc_2.11-2.5.12.jar, /Users/brionsilva/.ivy2/cache/com.typesafe.play/play-jdbc-api_2.11/jars/play-jdbc-api_2.11-2.5.12.jar, /Users/brionsilva/Desktop/IIT/SDGP/Play/repository/com.jolbox/bonecp/0.8.0.RELEASE/bundles/bonecp.jar, /Users/brionsilva/Desktop/IIT/SDGP/Play/repository/com.zaxxer/HikariCP/2.5.1/bundles/HikariCP.jar, /Users/brionsilva/Desktop/IIT/SDGP/Play/repository/com.googlecode.usc/jdbcdslog/1.0.6.2/jars/jdbcdslog.jar, /Users/brionsilva/Desktop/IIT/SDGP/Play/repository/com.h2database/h2/1.4.192/jars/h2.jar, /Users/brionsilva/Desktop/IIT/SDGP/Play/repository/tyrex/tyrex/1.0.1/jars/tyrex.jar, /Users/brionsilva/.ivy2/cache/org.hibernate.javax.persistence/hibernate-jpa-2.1-api/jars/hibernate-jpa-2.1-api-1.0.0.Final.jar, /Users/brionsilva/.ivy2/cache/org.mockito/mockito-core/jars/mockito-core-2.1.0.jar, /Users/brionsilva/.ivy2/cache/net.bytebuddy/byte-buddy/jars/byte-buddy-1.4.26.jar, /Users/brionsilva/.ivy2/cache/net.bytebuddy/byte-buddy-agent/bundles/byte-buddy-agent-1.4.26.jar, /Users/brionsilva/.ivy2/cache/org.objenesis/objenesis/jars/objenesis-2.4.jar, /Users/brionsilva/.ivy2/cache/org.hibernate/hibernate-core/jars/hibernate-core-5.2.5.Final.jar, /Users/brionsilva/.ivy2/cache/org.jboss.logging/jboss-logging/jars/jboss-logging-3.3.0.Final.jar, /Users/brionsilva/Desktop/IIT/SDGP/Play/repository/org.javassist/javassist/3.20.0-GA/bundles/javassist.jar, /Users/brionsilva/.ivy2/cache/antlr/antlr/jars/antlr-2.7.7.jar, /Users/brionsilva/.ivy2/cache/org.apache.geronimo.specs/geronimo-jta_1.1_spec/jars/geronimo-jta_1.1_spec-1.1.1.jar, /Users/brionsilva/.ivy2/cache/org.jboss/jandex/bundles/jandex-2.0.3.Final.jar, /Users/brionsilva/.ivy2/cache/com.fasterxml/classmate/bundles/classmate-1.3.0.jar, /Users/brionsilva/.ivy2/cache/dom4j/dom4j/jars/dom4j-1.6.1.jar, /Users/brionsilva/.ivy2/cache/org.hibernate.common/hibernate-commons-annotations/jars/hibernate-commons-annotations-5.0.1.Final.jar, /Users/brionsilva/.ivy2/cache/javax.enterprise/cdi-api/jars/cdi-api-1.1.jar, /Users/brionsilva/.ivy2/cache/javax.el/el-api/jars/el-api-2.2.jar, /Users/brionsilva/.ivy2/cache/org.jboss.spec.javax.interceptor/jboss-interceptors-api_1.1_spec/jars/jboss-interceptors-api_1.1_spec-1.0.0.Beta1.jar, /Users/brionsilva/Desktop/IIT/SDGP/Play/repository/javax.annotation/jsr250-api/1.0/jars/jsr250-api.jar, /Users/brionsilva/.ivy2/cache/org.hibernate/hibernate-entitymanager/jars/hibernate-entitymanager-5.1.0.Final.jar),List((public/,/Users/brionsilva/Desktop/IIT/SDGP/Play Projects/play-java/target/web/public/main)),List(/Users/brionsilva/.ivy2/cache/com.typesafe.play/play-omnidoc_2.11/jars/play-omnidoc_2.11-2.5.12.jar, /Users/brionsilva/Desktop/IIT/SDGP/Play/repository/org.scala-lang/scala-library/2.11.7/jars/scala-library.jar, /Users/brionsilva/.ivy2/cache/com.typesafe.play/play-docs_2.11/jars/play-docs_2.11-2.5.12.jar, /Users/brionsilva/.ivy2/cache/com.typesafe.play/play-netty-server_2.11/jars/play-netty-server_2.11-2.5.12.jar, /Users/brionsilva/.ivy2/cache/com.typesafe.play/play-server_2.11/jars/play-server_2.11-2.5.12.jar, /Users/brionsilva/.ivy2/cache/com.typesafe.play/play_2.11/jars/play_2.11-2.5.12.jar, /Users/brionsilva/.ivy2/cache/com.typesafe.play/build-link/jars/build-link-2.5.12.jar, /Users/brionsilva/.ivy2/cache/com.typesafe.play/play-exceptions/jars/play-exceptions-2.5.12.jar, /Users/brionsilva/.ivy2/cache/com.typesafe.play/play-iteratees_2.11/jars/play-iteratees_2.11-2.5.12.jar, /Users/brionsilva/.ivy2/cache/org.scala-stm/scala-stm_2.11/jars/scala-stm_2.11-0.7.jar, /Users/brionsilva/Desktop/IIT/SDGP/Play/repository/com.typesafe/config/1.3.0/bundles/config.jar, /Users/brionsilva/.ivy2/cache/com.typesafe.play/play-json_2.11/jars/play-json_2.11-2.5.12.jar, /Users/brionsilva/.ivy2/cache/com.typesafe.play/play-functional_2.11/jars/play-functional_2.11-2.5.12.jar, /Users/brionsilva/.ivy2/cache/com.typesafe.play/play-datacommons_2.11/jars/play-datacommons_2.11-2.5.12.jar, /Users/brionsilva/.ivy2/cache/joda-time/joda-time/jars/joda-time-2.9.6.jar, /Users/brionsilva/Desktop/IIT/SDGP/Play/repository/org.joda/joda-convert/1.8.1/jars/joda-convert.jar, /Users/brionsilva/Desktop/IIT/SDGP/Play/repository/org.scala-lang/scala-reflect/2.11.7/jars/scala-reflect.jar, /Users/brionsilva/.ivy2/cache/com.fasterxml.jackson.core/jackson-core/bundles/jackson-core-2.7.8.jar, /Users/brionsilva/.ivy2/cache/com.fasterxml.jackson.core/jackson-annotations/bundles/jackson-annotations-2.7.8.jar, /Users/brionsilva/.ivy2/cache/com.fasterxml.jackson.core/jackson-databind/bundles/jackson-databind-2.7.8.jar, /Users/brionsilva/.ivy2/cache/com.fasterxml.jackson.datatype/jackson-datatype-jdk8/bundles/jackson-datatype-jdk8-2.7.8.jar, /Users/brionsilva/.ivy2/cache/com.fasterxml.jackson.datatype/jackson-datatype-jsr310/bundles/jackson-datatype-jsr310-2.7.8.jar, /Users/brionsilva/.ivy2/cache/com.typesafe.play/play-netty-utils/jars/play-netty-utils-2.5.12.jar, /Users/brionsilva/Desktop/IIT/SDGP/Play/repository/org.slf4j/slf4j-api/1.7.21/jars/slf4j-api.jar, /Users/brionsilva/Desktop/IIT/SDGP/Play/repository/org.slf4j/jul-to-slf4j/1.7.21/jars/jul-to-slf4j.jar, /Users/brionsilva/Desktop/IIT/SDGP/Play/repository/org.slf4j/jcl-over-slf4j/1.7.21/jars/jcl-over-slf4j.jar, /Users/brionsilva/.ivy2/cache/com.typesafe.play/play-streams_2.11/jars/play-streams_2.11-2.5.12.jar, /Users/brionsilva/Desktop/IIT/SDGP/Play/repository/org.reactivestreams/reactive-streams/1.0.0/jars/reactive-streams.jar, /Users/brionsilva/.ivy2/cache/com.typesafe.akka/akka-stream_2.11/jars/akka-stream_2.11-2.4.14.jar, /Users/brionsilva/.ivy2/cache/com.typesafe.akka/akka-actor_2.11/jars/akka-actor_2.11-2.4.14.jar, /Users/brionsilva/Desktop/IIT/SDGP/Play/repository/org.scala-lang.modules/scala-java8-compat_2.11/0.7.0/bundles/scala-java8-compat_2.11.jar, /Users/brionsilva/Desktop/IIT/SDGP/Play/repository/com.typesafe/ssl-config-core_2.11/0.2.1/bundles/ssl-config-core_2.11.jar, /Users/brionsilva/.ivy2/cache/org.scala-lang.modules/scala-parser-combinators_2.11/bundles/scala-parser-combinators_2.11-1.0.4.jar, /Users/brionsilva/Desktop/IIT/SDGP/Play/repository/com.typesafe.play/twirl-api_2.11/1.1.1/jars/twirl-api_2.11.jar, /Users/brionsilva/Desktop/IIT/SDGP/Play/repository/org.apache.commons/commons-lang3/3.4/jars/commons-lang3.jar, /Users/brionsilva/.ivy2/cache/org.scala-lang.modules/scala-xml_2.11/bundles/scala-xml_2.11-1.0.1.jar, /Users/brionsilva/.ivy2/cache/com.typesafe.akka/akka-slf4j_2.11/jars/akka-slf4j_2.11-2.4.14.jar, /Users/brionsilva/Desktop/IIT/SDGP/Play/repository/commons-codec/commons-codec/1.10/jars/commons-codec.jar, /Users/brionsilva/.ivy2/cache/xerces/xercesImpl/jars/xercesImpl-2.11.0.jar, /Users/brionsilva/.ivy2/cache/xml-apis/xml-apis/jars/xml-apis-1.4.01.jar, /Users/brionsilva/.ivy2/cache/javax.transaction/jta/jars/jta-1.1.jar, /Users/brionsilva/Desktop/IIT/SDGP/Play/repository/com.google.inject/guice/4.0/jars/guice.jar, /Users/brionsilva/Desktop/IIT/SDGP/Play/repository/javax.inject/javax.inject/1/jars/javax.inject.jar, /Users/brionsilva/Desktop/IIT/SDGP/Play/repository/aopalliance/aopalliance/1.0/jars/aopalliance.jar, /Users/brionsilva/.ivy2/cache/com.google.guava/guava/bundles/guava-16.0.1.jar, /Users/brionsilva/Desktop/IIT/SDGP/Play/repository/com.google.inject.extensions/guice-assistedinject/4.0/jars/guice-assistedinject.jar, /Users/brionsilva/Desktop/IIT/SDGP/Play/repository/com.typesafe.netty/netty-reactive-streams-http/1.0.8/jars/netty-reactive-streams-http.jar, /Users/brionsilva/Desktop/IIT/SDGP/Play/repository/com.typesafe.netty/netty-reactive-streams/1.0.8/jars/netty-reactive-streams.jar, /Users/brionsilva/Desktop/IIT/SDGP/Play/repository/io.netty/netty-handler/4.0.41.Final/jars/netty-handler.jar, /Users/brionsilva/Desktop/IIT/SDGP/Play/repository/io.netty/netty-buffer/4.0.41.Final/jars/netty-buffer.jar, /Users/brionsilva/Desktop/IIT/SDGP/Play/repository/io.netty/netty-common/4.0.41.Final/jars/netty-common.jar, /Users/brionsilva/Desktop/IIT/SDGP/Play/repository/io.netty/netty-transport/4.0.41.Final/jars/netty-transport.jar, /Users/brionsilva/Desktop/IIT/SDGP/Play/repository/io.netty/netty-codec/4.0.41.Final/jars/netty-codec.jar, /Users/brionsilva/Desktop/IIT/SDGP/Play/repository/io.netty/netty-codec-http/4.0.41.Final/jars/netty-codec-http.jar, /Users/brionsilva/Desktop/IIT/SDGP/Play/repository/io.netty/netty-transport-native-epoll/4.0.41.Final/jars/netty-transport-native-epoll-linux-x86_64.jar, /Users/brionsilva/Desktop/IIT/SDGP/Play/repository/com.typesafe.play/play-doc_2.11/1.2.2/jars/play-doc_2.11.jar, /Users/brionsilva/Desktop/IIT/SDGP/Play/repository/org.pegdown/pegdown/1.4.0/jars/pegdown.jar, /Users/brionsilva/Desktop/IIT/SDGP/Play/repository/org.parboiled/parboiled-java/1.1.5/bundles/parboiled-java.jar, /Users/brionsilva/Desktop/IIT/SDGP/Play/repository/org.parboiled/parboiled-core/1.1.5/bundles/parboiled-core.jar, /Users/brionsilva/Desktop/IIT/SDGP/Play/repository/org.ow2.asm/asm/4.1/jars/asm.jar, /Users/brionsilva/Desktop/IIT/SDGP/Play/repository/org.ow2.asm/asm-tree/4.1/jars/asm-tree.jar, /Users/brionsilva/Desktop/IIT/SDGP/Play/repository/org.ow2.asm/asm-analysis/4.1/jars/asm-analysis.jar, /Users/brionsilva/Desktop/IIT/SDGP/Play/repository/org.ow2.asm/asm-util/4.1/jars/asm-util.jar, /Users/brionsilva/Desktop/IIT/SDGP/Play/repository/commons-io/commons-io/2.4/jars/commons-io.jar),Some(/Users/brionsilva/.ivy2/cache/com.typesafe.play/play-omnidoc_2.11/jars/play-omnidoc_2.11-2.5.12.jar),List(),9000,0.0.0.0,DefaultWatchService,List(/Users/brionsilva/Desktop/IIT/SDGP/Play Projects/play-java/public, /Users/brionsilva/Desktop/IIT/SDGP/Play Projects/play-java/conf, /Users/brionsilva/Desktop/IIT/SDGP/Play Projects/play-java/app),/Users/brionsilva/Desktop/IIT/SDGP/Play Projects/play-java/target,500,root/playForkNotifyStart,root/playForkReload,300000,play.core.server.DevServerStart),scala.pickling.PicklerUnpickler$DelegatingPicklerUnpickler@78582c31),ForkConfig(/Users/brionsilva/Desktop/IIT/SDGP/Play Projects/play-java,List(-Djna.nosys=true),List(/Users/brionsilva/Desktop/IIT/SDGP/Play Projects/play-java/lib/javax.annotation.jar, /Users/brionsilva/Desktop/IIT/SDGP/Play Projects/play-java/lib/javax.ejb.jar, /Users/brionsilva/Desktop/IIT/SDGP/Play Projects/play-java/lib/javax.jms.jar, /Users/brionsilva/Desktop/IIT/SDGP/Play Projects/play-java/lib/javax.persistence.jar, /Users/brionsilva/Desktop/IIT/SDGP/Play Projects/play-java/lib/javax.resource.jar, /Users/brionsilva/Desktop/IIT/SDGP/Play Projects/play-java/lib/javax.servlet.jsp.jar, /Users/brionsilva/Desktop/IIT/SDGP/Play Projects/play-java/lib/javax.servlet.jsp.jstl.jar, /Users/brionsilva/.ivy2/cache/org.scala-lang/scala-library/jars/scala-library-2.11.8.jar, /Users/brionsilva/Desktop/IIT/SDGP/Play/repository/com.typesafe.play/twirl-api_2.11/1.1.1/jars/twirl-api_2.11.jar, /Users/brionsilva/Desktop/IIT/SDGP/Play/repository/org.apache.commons/commons-lang3/3.4/jars/commons-lang3.jar, /Users/brionsilva/.ivy2/cache/org.scala-lang.modules/scala-xml_2.11/bundles/scala-xml_2.11-1.0.1.jar, /Users/brionsilva/Desktop/IIT/SDGP/Play/repository/com.typesafe.play/play-enhancer/1.1.0/jars/play-enhancer.jar, /Users/brionsilva/.ivy2/cache/com.typesafe.play/play-server_2.11/jars/play-server_2.11-2.5.12.jar, /Users/brionsilva/.ivy2/cache/com.typesafe.play/play_2.11/jars/play_2.11-2.5.12.jar, /Users/brionsilva/.ivy2/cache/com.typesafe.play/build-link/jars/build-link-2.5.12.jar, /Users/brionsilva/.ivy2/cache/com.typesafe.play/play-exceptions/jars/play-exceptions-2.5.12.jar, /Users/brionsilva/.ivy2/cache/com.typesafe.play/play-iteratees_2.11/jars/play-iteratees_2.11-2.5.12.jar, /Users/brionsilva/.ivy2/cache/org.scala-stm/scala-stm_2.11/jars/scala-stm_2.11-0.7.jar, /Users/brionsilva/Desktop/IIT/SDGP/Play/repository/com.typesafe/config/1.3.0/bundles/config.jar, /Users/brionsilva/.ivy2/cache/com.typesafe.play/play-json_2.11/jars/play-json_2.11-2.5.12.jar, /Users/brionsilva/.ivy2/cache/com.typesafe.play/play-functional_2.11/jars/play-functional_2.11-2.5.12.jar, /Users/brionsilva/.ivy2/cache/com.typesafe.play/play-datacommons_2.11/jars/play-datacommons_2.11-2.5.12.jar, /Users/brionsilva/.ivy2/cache/joda-time/joda-time/jars/joda-time-2.9.6.jar, /Users/brionsilva/Desktop/IIT/SDGP/Play/repository/org.joda/joda-convert/1.8.1/jars/joda-convert.jar, /Users/brionsilva/Desktop/IIT/SDGP/Play/repository/org.scala-lang/scala-reflect/2.11.7/jars/scala-reflect.jar, /Users/brionsilva/.ivy2/cache/com.fasterxml.jackson.core/jackson-core/bundles/jackson-core-2.7.8.jar, /Users/brionsilva/.ivy2/cache/com.fasterxml.jackson.core/jackson-annotations/bundles/jackson-annotations-2.7.8.jar, /Users/brionsilva/.ivy2/cache/com.fasterxml.jackson.core/jackson-databind/bundles/jackson-databind-2.7.8.jar, /Users/brionsilva/.ivy2/cache/com.fasterxml.jackson.datatype/jackson-datatype-jdk8/bundles/jackson-datatype-jdk8-2.7.8.jar, /Users/brionsilva/.ivy2/cache/com.fasterxml.jackson.datatype/jackson-datatype-jsr310/bundles/jackson-datatype-jsr310-2.7.8.jar, /Users/brionsilva/.ivy2/cache/com.typesafe.play/play-netty-utils/jars/play-netty-utils-2.5.12.jar, /Users/brionsilva/Desktop/IIT/SDGP/Play/repository/org.slf4j/slf4j-api/1.7.21/jars/slf4j-api.jar, /Users/brionsilva/Desktop/IIT/SDGP/Play/repository/org.slf4j/jul-to-slf4j/1.7.21/jars/jul-to-slf4j.jar, /Users/brionsilva/Desktop/IIT/SDGP/Play/repository/org.slf4j/jcl-over-slf4j/1.7.21/jars/jcl-over-slf4j.jar, /Users/brionsilva/.ivy2/cache/com.typesafe.play/play-streams_2.11/jars/play-streams_2.11-2.5.12.jar, /Users/brionsilva/Desktop/IIT/SDGP/Play/repository/org.reactivestreams/reactive-streams/1.0.0/jars/reactive-streams.jar, /Users/brionsilva/.ivy2/cache/com.typesafe.akka/akka-stream_2.11/jars/akka-stream_2.11-2.4.14.jar, /Users/brionsilva/.ivy2/cache/com.typesafe.akka/akka-actor_2.11/jars/akka-actor_2.11-2.4.14.jar, /Users/brionsilva/Desktop/IIT/SDGP/Play/repository/org.scala-lang.modules/scala-java8-compat_2.11/0.7.0/bundles/scala-java8-compat_2.11.jar, /Users/brionsilva/Desktop/IIT/SDGP/Play/repository/com.typesafe/ssl-config-core_2.11/0.2.1/bundles/ssl-config-core_2.11.jar, /Users/brionsilva/.ivy2/cache/org.scala-lang.modules/scala-parser-combinators_2.11/bundles/scala-parser-combinators_2.11-1.0.4.jar, /Users/brionsilva/.ivy2/cache/com.typesafe.akka/akka-slf4j_2.11/jars/akka-slf4j_2.11-2.4.14.jar, /Users/brionsilva/Desktop/IIT/SDGP/Play/repository/commons-codec/commons-codec/1.10/jars/commons-codec.jar, /Users/brionsilva/.ivy2/cache/xerces/xercesImpl/jars/xercesImpl-2.11.0.jar, /Users/brionsilva/.ivy2/cache/xml-apis/xml-apis/jars/xml-apis-1.4.01.jar, /Users/brionsilva/.ivy2/cache/javax.transaction/jta/jars/jta-1.1.jar, /Users/brionsilva/Desktop/IIT/SDGP/Play/repository/com.google.inject/guice/4.0/jars/guice.jar, /Users/brionsilva/Desktop/IIT/SDGP/Play/repository/javax.inject/javax.inject/1/jars/javax.inject.jar, /Users/brionsilva/Desktop/IIT/SDGP/Play/repository/aopalliance/aopalliance/1.0/jars/aopalliance.jar, /Users/brionsilva/Desktop/IIT/SDGP/Play/repository/com.google.inject.extensions/guice-assistedinject/4.0/jars/guice-assistedinject.jar, /Users/brionsilva/.ivy2/cache/com.typesafe.play/play-java_2.11/jars/play-java_2.11-2.5.12.jar, /Users/brionsilva/Desktop/IIT/SDGP/Play/repository/org.yaml/snakeyaml/1.16/bundles/snakeyaml.jar, /Users/brionsilva/Desktop/IIT/SDGP/Play/repository/org.hibernate/hibernate-validator/5.2.4.Final/jars/hibernate-validator.jar, /Users/brionsilva/Desktop/IIT/SDGP/Play/repository/javax.validation/validation-api/1.1.0.Final/jars/validation-api.jar, /Users/brionsilva/Desktop/IIT/SDGP/Play/repository/javax.el/javax.el-api/3.0.0/jars/javax.el-api.jar, /Users/brionsilva/Desktop/IIT/SDGP/Play/repository/org.springframework/spring-context/4.2.7.RELEASE/jars/spring-context.jar, /Users/brionsilva/Desktop/IIT/SDGP/Play/repository/org.springframework/spring-core/4.2.7.RELEASE/jars/spring-core.jar, /Users/brionsilva/Desktop/IIT/SDGP/Play/repository/org.springframework/spring-beans/4.2.7.RELEASE/jars/spring-beans.jar, /Users/brionsilva/Desktop/IIT/SDGP/Play/repository/org.reflections/reflections/0.9.10/jars/reflections.jar, /Users/brionsilva/Desktop/IIT/SDGP/Play/repository/com.google.guava/guava/19.0/bundles/guava.jar, /Users/brionsilva/Desktop/IIT/SDGP/Play/repository/net.jodah/typetools/0.4.4/bundles/typetools.jar, /Users/brionsilva/Desktop/IIT/SDGP/Play/repository/com.google.code.findbugs/jsr305/3.0.1/jars/jsr305.jar, /Users/brionsilva/Desktop/IIT/SDGP/Play/repository/org.apache.tomcat/tomcat-servlet-api/8.0.33/jars/tomcat-servlet-api.jar, /Users/brionsilva/.ivy2/cache/com.typesafe.play/play-netty-server_2.11/jars/play-netty-server_2.11-2.5.12.jar, /Users/brionsilva/Desktop/IIT/SDGP/Play/repository/com.typesafe.netty/netty-reactive-streams-http/1.0.8/jars/netty-reactive-streams-http.jar, /Users/brionsilva/Desktop/IIT/SDGP/Play/repository/com.typesafe.netty/netty-reactive-streams/1.0.8/jars/netty-reactive-streams.jar, /Users/brionsilva/Desktop/IIT/SDGP/Play/repository/io.netty/netty-handler/4.0.41.Final/jars/netty-handler.jar, /Users/brionsilva/Desktop/IIT/SDGP/Play/repository/io.netty/netty-buffer/4.0.41.Final/jars/netty-buffer.jar, /Users/brionsilva/Desktop/IIT/SDGP/Play/repository/io.netty/netty-common/4.0.41.Final/jars/netty-common.jar, /Users/brionsilva/Desktop/IIT/SDGP/Play/repository/io.netty/netty-transport/4.0.41.Final/jars/netty-transport.jar, /Users/brionsilva/Desktop/IIT/SDGP/Play/repository/io.netty/netty-codec/4.0.41.Final/jars/netty-codec.jar, /Users/brionsilva/Desktop/IIT/SDGP/Play/repository/io.netty/netty-codec-http/4.0.41.Final/jars/netty-codec-http.jar, /Users/brionsilva/Desktop/IIT/SDGP/Play/repository/io.netty/netty-transport-native-epoll/4.0.41.Final/jars/netty-transport-native-epoll-linux-x86_64.jar, /Users/brionsilva/.ivy2/cache/com.typesafe.play/play-logback_2.11/jars/play-logback_2.11-2.5.12.jar, /Users/brionsilva/Desktop/IIT/SDGP/Play/repository/ch.qos.logback/logback-classic/1.1.7/jars/logback-classic.jar, /Users/brionsilva/Desktop/IIT/SDGP/Play/repository/ch.qos.logback/logback-core/1.1.7/jars/logback-core.jar, /Users/brionsilva/.ivy2/cache/com.typesafe.play/play-java-jpa_2.11/jars/play-java-jpa_2.11-2.5.12.jar, /Users/brionsilva/.ivy2/cache/com.typesafe.play/play-java-jdbc_2.11/jars/play-java-jdbc_2.11-2.5.12.jar, /Users/brionsilva/.ivy2/cache/com.typesafe.play/play-jdbc_2.11/jars/play-jdbc_2.11-2.5.12.jar, /Users/brionsilva/.ivy2/cache/com.typesafe.play/play-jdbc-api_2.11/jars/play-jdbc-api_2.11-2.5.12.jar, /Users/brionsilva/Desktop/IIT/SDGP/Play/repository/com.jolbox/bonecp/0.8.0.RELEASE/bundles/bonecp.jar, /Users/brionsilva/Desktop/IIT/SDGP/Play/repository/com.zaxxer/HikariCP/2.5.1/bundles/HikariCP.jar, /Users/brionsilva/Desktop/IIT/SDGP/Play/repository/com.googlecode.usc/jdbcdslog/1.0.6.2/jars/jdbcdslog.jar, /Users/brionsilva/Desktop/IIT/SDGP/Play/repository/com.h2database/h2/1.4.192/jars/h2.jar, /Users/brionsilva/Desktop/IIT/SDGP/Play/repository/tyrex/tyrex/1.0.1/jars/tyrex.jar, /Users/brionsilva/.ivy2/cache/org.hibernate.javax.persistence/hibernate-jpa-2.1-api/jars/hibernate-jpa-2.1-api-1.0.0.Final.jar, /Users/brionsilva/.ivy2/cache/org.mockito/mockito-core/jars/mockito-core-2.1.0.jar, /Users/brionsilva/.ivy2/cache/net.bytebuddy/byte-buddy/jars/byte-buddy-1.4.26.jar, /Users/brionsilva/.ivy2/cache/net.bytebuddy/byte-buddy-agent/bundles/byte-buddy-agent-1.4.26.jar, /Users/brionsilva/.ivy2/cache/org.objenesis/objenesis/jars/objenesis-2.4.jar, /Users/brionsilva/.ivy2/cache/org.hibernate/hibernate-core/jars/hibernate-core-5.2.5.Final.jar, /Users/brionsilva/.ivy2/cache/org.jboss.logging/jboss-logging/jars/jboss-logging-3.3.0.Final.jar, /Users/brionsilva/Desktop/IIT/SDGP/Play/repository/org.javassist/javassist/3.20.0-GA/bundles/javassist.jar, /Users/brionsilva/.ivy2/cache/antlr/antlr/jars/antlr-2.7.7.jar, /Users/brionsilva/.ivy2/cache/org.apache.geronimo.specs/geronimo-jta_1.1_spec/jars/geronimo-jta_1.1_spec-1.1.1.jar, /Users/brionsilva/.ivy2/cache/org.jboss/jandex/bundles/jandex-2.0.3.Final.jar, /Users/brionsilva/.ivy2/cache/com.fasterxml/classmate/bundles/classmate-1.3.0.jar, /Users/brionsilva/.ivy2/cache/dom4j/dom4j/jars/dom4j-1.6.1.jar, /Users/brionsilva/.ivy2/cache/org.hibernate.common/hibernate-commons-annotations/jars/hibernate-commons-annotations-5.0.1.Final.jar, /Users/brionsilva/.ivy2/cache/javax.enterprise/cdi-api/jars/cdi-api-1.1.jar, /Users/brionsilva/.ivy2/cache/javax.el/el-api/jars/el-api-2.2.jar, /Users/brionsilva/.ivy2/cache/org.jboss.spec.javax.interceptor/jboss-interceptors-api_1.1_spec/jars/jboss-interceptors-api_1.1_spec-1.0.0.Beta1.jar, /Users/brionsilva/Desktop/IIT/SDGP/Play/repository/javax.annotation/jsr250-api/1.0/jars/jsr250-api.jar, /Users/brionsilva/.ivy2/cache/org.hibernate/hibernate-entitymanager/jars/hibernate-entitymanager-5.1.0.Final.jar),List((public/,/Users/brionsilva/Desktop/IIT/SDGP/Play Projects/play-java/target/web/public/main)),List(/Users/brionsilva/.ivy2/cache/com.typesafe.play/play-omnidoc_2.11/jars/play-omnidoc_2.11-2.5.12.jar, /Users/brionsilva/Desktop/IIT/SDGP/Play/repository/org.scala-lang/scala-library/2.11.7/jars/scala-library.jar, /Users/brionsilva/.ivy2/cache/com.typesafe.play/play-docs_2.11/jars/play-docs_2.11-2.5.12.jar, /Users/brionsilva/.ivy2/cache/com.typesafe.play/play-netty-server_2.11/jars/play-netty-server_2.11-2.5.12.jar, /Users/brionsilva/.ivy2/cache/com.typesafe.play/play-server_2.11/jars/play-server_2.11-2.5.12.jar, /Users/brionsilva/.ivy2/cache/com.typesafe.play/play_2.11/jars/play_2.11-2.5.12.jar, /Users/brionsilva/.ivy2/cache/com.typesafe.play/build-link/jars/build-link-2.5.12.jar, /Users/brionsilva/.ivy2/cache/com.typesafe.play/play-exceptions/jars/play-exceptions-2.5.12.jar, /Users/brionsilva/.ivy2/cache/com.typesafe.play/play-iteratees_2.11/jars/play-iteratees_2.11-2.5.12.jar, /Users/brionsilva/.ivy2/cache/org.scala-stm/scala-stm_2.11/jars/scala-stm_2.11-0.7.jar, /Users/brionsilva/Desktop/IIT/SDGP/Play/repository/com.typesafe/config/1.3.0/bundles/config.jar, /Users/brionsilva/.ivy2/cache/com.typesafe.play/play-json_2.11/jars/play-json_2.11-2.5.12.jar, /Users/brionsilva/.ivy2/cache/com.typesafe.play/play-functional_2.11/jars/play-functional_2.11-2.5.12.jar, /Users/brionsilva/.ivy2/cache/com.typesafe.play/play-datacommons_2.11/jars/play-datacommons_2.11-2.5.12.jar, /Users/brionsilva/.ivy2/cache/joda-time/joda-time/jars/joda-time-2.9.6.jar, /Users/brionsilva/Desktop/IIT/SDGP/Play/repository/org.joda/joda-convert/1.8.1/jars/joda-convert.jar, /Users/brionsilva/Desktop/IIT/SDGP/Play/repository/org.scala-lang/scala-reflect/2.11.7/jars/scala-reflect.jar, /Users/brionsilva/.ivy2/cache/com.fasterxml.jackson.core/jackson-core/bundles/jackson-core-2.7.8.jar, /Users/brionsilva/.ivy2/cache/com.fasterxml.jackson.core/jackson-annotations/bundles/jackson-annotations-2.7.8.jar, /Users/brionsilva/.ivy2/cache/com.fasterxml.jackson.core/jackson-databind/bundles/jackson-databind-2.7.8.jar, /Users/brionsilva/.ivy2/cache/com.fasterxml.jackson.datatype/jackson-datatype-jdk8/bundles/jackson-datatype-jdk8-2.7.8.jar, /Users/brionsilva/.ivy2/cache/com.fasterxml.jackson.datatype/jackson-datatype-jsr310/bundles/jackson-datatype-jsr310-2.7.8.jar, /Users/brionsilva/.ivy2/cache/com.typesafe.play/play-netty-utils/jars/play-netty-utils-2.5.12.jar, /Users/brionsilva/Desktop/IIT/SDGP/Play/repository/org.slf4j/slf4j-api/1.7.21/jars/slf4j-api.jar, /Users/brionsilva/Desktop/IIT/SDGP/Play/repository/org.slf4j/jul-to-slf4j/1.7.21/jars/jul-to-slf4j.jar, /Users/brionsilva/Desktop/IIT/SDGP/Play/repository/org.slf4j/jcl-over-slf4j/1.7.21/jars/jcl-over-slf4j.jar, /Users/brionsilva/.ivy2/cache/com.typesafe.play/play-streams_2.11/jars/play-streams_2.11-2.5.12.jar, /Users/brionsilva/Desktop/IIT/SDGP/Play/repository/org.reactivestreams/reactive-streams/1.0.0/jars/reactive-streams.jar, /Users/brionsilva/.ivy2/cache/com.typesafe.akka/akka-stream_2.11/jars/akka-stream_2.11-2.4.14.jar, /Users/brionsilva/.ivy2/cache/com.typesafe.akka/akka-actor_2.11/jars/akka-actor_2.11-2.4.14.jar, /Users/brionsilva/Desktop/IIT/SDGP/Play/repository/org.scala-lang.modules/scala-java8-compat_2.11/0.7.0/bundles/scala-java8-compat_2.11.jar, /Users/brionsilva/Desktop/IIT/SDGP/Play/repository/com.typesafe/ssl-config-core_2.11/0.2.1/bundles/ssl-config-core_2.11.jar, /Users/brionsilva/.ivy2/cache/org.scala-lang.modules/scala-parser-combinators_2.11/bundles/scala-parser-combinators_2.11-1.0.4.jar, /Users/brionsilva/Desktop/IIT/SDGP/Play/repository/com.typesafe.play/twirl-api_2.11/1.1.1/jars/twirl-api_2.11.jar, /Users/brionsilva/Desktop/IIT/SDGP/Play/repository/org.apache.commons/commons-lang3/3.4/jars/commons-lang3.jar, /Users/brionsilva/.ivy2/cache/org.scala-lang.modules/scala-xml_2.11/bundles/scala-xml_2.11-1.0.1.jar, /Users/brionsilva/.ivy2/cache/com.typesafe.akka/akka-slf4j_2.11/jars/akka-slf4j_2.11-2.4.14.jar, /Users/brionsilva/Desktop/IIT/SDGP/Play/repository/commons-codec/commons-codec/1.10/jars/commons-codec.jar, /Users/brionsilva/.ivy2/cache/xerces/xercesImpl/jars/xercesImpl-2.11.0.jar, /Users/brionsilva/.ivy2/cache/xml-apis/xml-apis/jars/xml-apis-1.4.01.jar, /Users/brionsilva/.ivy2/cache/javax.transaction/jta/jars/jta-1.1.jar, /Users/brionsilva/Desktop/IIT/SDGP/Play/repository/com.google.inject/guice/4.0/jars/guice.jar, /Users/brionsilva/Desktop/IIT/SDGP/Play/repository/javax.inject/javax.inject/1/jars/javax.inject.jar, /Users/brionsilva/Desktop/IIT/SDGP/Play/repository/aopalliance/aopalliance/1.0/jars/aopalliance.jar, /Users/brionsilva/.ivy2/cache/com.google.guava/guava/bundles/guava-16.0.1.jar, /Users/brionsilva/Desktop/IIT/SDGP/Play/repository/com.google.inject.extensions/guice-assistedinject/4.0/jars/guice-assistedinject.jar, /Users/brionsilva/Desktop/IIT/SDGP/Play/repository/com.typesafe.netty/netty-reactive-streams-http/1.0.8/jars/netty-reactive-streams-http.jar, /Users/brionsilva/Desktop/IIT/SDGP/Play/repository/com.typesafe.netty/netty-reactive-streams/1.0.8/jars/netty-reactive-streams.jar, /Users/brionsilva/Desktop/IIT/SDGP/Play/repository/io.netty/netty-handler/4.0.41.Final/jars/netty-handler.jar, /Users/brionsilva/Desktop/IIT/SDGP/Play/repository/io.netty/netty-buffer/4.0.41.Final/jars/netty-buffer.jar, /Users/brionsilva/Desktop/IIT/SDGP/Play/repository/io.netty/netty-common/4.0.41.Final/jars/netty-common.jar, /Users/brionsilva/Desktop/IIT/SDGP/Play/repository/io.netty/netty-transport/4.0.41.Final/jars/netty-transport.jar, /Users/brionsilva/Desktop/IIT/SDGP/Play/repository/io.netty/netty-codec/4.0.41.Final/jars/netty-codec.jar, /Users/brionsilva/Desktop/IIT/SDGP/Play/repository/io.netty/netty-codec-http/4.0.41.Final/jars/netty-codec-http.jar, /Users/brionsilva/Desktop/IIT/SDGP/Play/repository/io.netty/netty-transport-native-epoll/4.0.41.Final/jars/netty-transport-native-epoll-linux-x86_64.jar, /Users/brionsilva/Desktop/IIT/SDGP/Play/repository/com.typesafe.play/play-doc_2.11/1.2.2/jars/play-doc_2.11.jar, /Users/brionsilva/Desktop/IIT/SDGP/Play/repository/org.pegdown/pegdown/1.4.0/jars/pegdown.jar, /Users/brionsilva/Desktop/IIT/SDGP/Play/repository/org.parboiled/parboiled-java/1.1.5/bundles/parboiled-java.jar, /Users/brionsilva/Desktop/IIT/SDGP/Play/repository/org.parboiled/parboiled-core/1.1.5/bundles/parboiled-core.jar, /Users/brionsilva/Desktop/IIT/SDGP/Play/repository/org.ow2.asm/asm/4.1/jars/asm.jar, /Users/brionsilva/Desktop/IIT/SDGP/Play/repository/org.ow2.asm/asm-tree/4.1/jars/asm-tree.jar, /Users/brionsilva/Desktop/IIT/SDGP/Play/repository/org.ow2.asm/asm-analysis/4.1/jars/asm-analysis.jar, /Users/brionsilva/Desktop/IIT/SDGP/Play/repository/org.ow2.asm/asm-util/4.1/jars/asm-util.jar, /Users/brionsilva/Desktop/IIT/SDGP/Play/repository/commons-io/commons-io/2.4/jars/commons-io.jar),Some(/Users/brionsilva/.ivy2/cache/com.typesafe.play/play-omnidoc_2.11/jars/play-omnidoc_2.11-2.5.12.jar),List(),9000,0.0.0.0,DefaultWatchService,List(/Users/brionsilva/Desktop/IIT/SDGP/Play Projects/play-java/public, /Users/brionsilva/Desktop/IIT/SDGP/Play Projects/play-java/conf, /Users/brionsilva/Desktop/IIT/SDGP/Play Projects/play-java/app),/Users/brionsilva/Desktop/IIT/SDGP/Play Projects/play-java/target,500,root/playForkNotifyStart,root/playForkReload,300000,play.core.server.DevServerStart))))
Sending msg to client play-fork-run-845c6614-deca-42ce-94db-2c94d037eaa9: TaskStarted(235,41641,None)
Sending msg to client play-fork-run-845c6614-deca-42ce-94db-2c94d037eaa9: TaskFinished(235,41641,None,true,None)
Sending msg to client play-fork-run-845c6614-deca-42ce-94db-2c94d037eaa9: TaskStarted(235,41640,None)
Sending msg to client play-fork-run-845c6614-deca-42ce-94db-2c94d037eaa9: TaskFinished(235,41640,None,true,None)
Sending msg to client play-fork-run-845c6614-deca-42ce-94db-2c94d037eaa9: DetachedLogEvent(LogMessage(debug,cancel strategy finish enabled=false lastCommand=Some(LastCommand(CommandExecutionWork(ExecutionId(235),{file:/Users/brionsilva/Desktop/IIT/SDGP/Play%20Projects/play-java/}root/*:playForkConfig,Set(LiveClient(play-fork-run 845c6614-deca-42ce-94db-2c94d037eaa9)),sbt.server.WorkCancellationStatus$$anon$1@447d0c8a)))))
Sending msg to client play-fork-run-845c6614-deca-42ce-94db-2c94d037eaa9: DetachedLogEvent(LogSuccess(Total time: 0 s, completed 15-Mar-2017 03:06:27))
Sending msg to client play-fork-run-845c6614-deca-42ce-94db-2c94d037eaa9: DetachedLogEvent(LogMessage(debug,> server-post-command-cleanup))
Sending msg to client play-fork-run-845c6614-deca-42ce-94db-2c94d037eaa9: ExecutionSuccess(235)
Sending msg to client play-fork-run-845c6614-deca-42ce-94db-2c94d037eaa9: DetachedLogEvent(LogMessage(debug,> server-handle-next-server-request))
Sending msg to client play-fork-run-845c6614-deca-42ce-94db-2c94d037eaa9: BackgroundJobLogEvent(21,LogMessage(info,))
Sending msg to client play-fork-run-845c6614-deca-42ce-94db-2c94d037eaa9: BackgroundJobLogEvent(21,LogMessage(info,[35m--- (Running the application, auto-reloading is enabled) ---[0m))
Sending msg to client play-fork-run-845c6614-deca-42ce-94db-2c94d037eaa9: BackgroundJobLogEvent(21,LogMessage(info,))
Sending msg to client play-fork-run-845c6614-deca-42ce-94db-2c94d037eaa9: BackgroundJobLogEvent(21,LogMessage(info,p.c.s.NettyServer - Listening for HTTP on /0:0:0:0:0:0:0:0:9000))
Sending msg to client play-fork-run-845c6614-deca-42ce-94db-2c94d037eaa9: BackgroundJobLogEvent(21,LogMessage(info,))
Sending msg to client play-fork-run-845c6614-deca-42ce-94db-2c94d037eaa9: BackgroundJobLogEvent(21,LogMessage(info,[32m(Server started, use Ctrl+D to stop and go back to the console...)[0m))
Sending msg to client play-fork-run-845c6614-deca-42ce-94db-2c94d037eaa9: BackgroundJobLogEvent(21,LogMessage(info,))
Got request: ExecutionRequest(root/playForkNotifyStart http://localhost:9000)
Reading next message from client.
Sending msg to client play-fork-run-845c6614-deca-42ce-94db-2c94d037eaa9: (8,ExecutionRequestReceived(236))
Sending msg to client play-fork-run-845c6614-deca-42ce-94db-2c94d037eaa9: ExecutionWaiting(236,root/playForkNotifyStart http://localhost:9000,ClientInfo(845c6614-deca-42ce-94db-2c94d037eaa9,play-fork-run,Play Fork Run,1,Vector()))
Sending msg to client play-fork-run-845c6614-deca-42ce-94db-2c94d037eaa9: ExecutionStarting(236)
Sending msg to client play-fork-run-845c6614-deca-42ce-94db-2c94d037eaa9: DetachedLogEvent(LogMessage(debug,> root/playForkNotifyStart http://localhost:9000))
Sending msg to client play-fork-run-845c6614-deca-42ce-94db-2c94d037eaa9: DetachedLogEvent(LogMessage(debug,Evaluating tasks: *:playForkNotifyStart))
Sending msg to client play-fork-run-845c6614-deca-42ce-94db-2c94d037eaa9: DetachedLogEvent(LogMessage(debug,Running task... Cancel: sbt.server.ServerTaskCancellation@1897a75f, check cycles: false))
Sending msg to client play-fork-run-845c6614-deca-42ce-94db-2c94d037eaa9: DetachedLogEvent(LogMessage(debug,cancel strategy start enabled=true lastCommand=Some(LastCommand(CommandExecutionWork(ExecutionId(236),root/playForkNotifyStart http://localhost:9000,Set(LiveClient(play-fork-run 845c6614-deca-42ce-94db-2c94d037eaa9)),sbt.server.WorkCancellationStatus$$anon$1@30f8d2b3)))))
Sending msg to client play-fork-run-845c6614-deca-42ce-94db-2c94d037eaa9: TaskStarted(236,41720,Some(AttributeKey[sbt.SendEventService]("sendEventService") in Scope(Global)))
Sending msg to client play-fork-run-845c6614-deca-42ce-94db-2c94d037eaa9: TaskFinished(236,41720,Some(AttributeKey[sbt.SendEventService]("sendEventService") in Scope(Global)),true,None)
Sending msg to client play-fork-run-845c6614-deca-42ce-94db-2c94d037eaa9: TaskStarted(236,41719,Some(AttributeKey[scala.Function1[java.lang.String,void]]("playForkStarted") in Scope(Build: file:/Users/brionsilva/Desktop/IIT/SDGP/Play%20Projects/play-java/, , Project: ProjectReference(file:/Users/brionsilva/Desktop/IIT/SDGP/Play%20Projects/play-java/,root))))
Sending msg to client play-fork-run-845c6614-deca-42ce-94db-2c94d037eaa9: TaskFinished(236,41719,Some(AttributeKey[scala.Function1[java.lang.String,void]]("playForkStarted") in Scope(Build: file:/Users/brionsilva/Desktop/IIT/SDGP/Play%20Projects/play-java/, , Project: ProjectReference(file:/Users/brionsilva/Desktop/IIT/SDGP/Play%20Projects/play-java/,root))),true,None)
Sending msg to client play-fork-run-845c6614-deca-42ce-94db-2c94d037eaa9: TaskStarted(236,41718,Some(AttributeKey[void]("playForkNotifyStart") in Scope(Build: file:/Users/brionsilva/Desktop/IIT/SDGP/Play%20Projects/play-java/, , Project: ProjectReference(file:/Users/brionsilva/Desktop/IIT/SDGP/Play%20Projects/play-java/,root))))
Sending msg to client play-fork-run-845c6614-deca-42ce-94db-2c94d037eaa9: TaskEvent(41718,LazyValue(PlayServerStarted(http://localhost:9000),play.forkrun.protocol.Serializers$PlayForkrunProtocolPlayServerStartedPickler1$2$@2d17c98d))
Sending msg to client play-fork-run-845c6614-deca-42ce-94db-2c94d037eaa9: TaskFinished(236,41718,Some(AttributeKey[void]("playForkNotifyStart") in Scope(Build: file:/Users/brionsilva/Desktop/IIT/SDGP/Play%20Projects/play-java/, , Project: ProjectReference(file:/Users/brionsilva/Desktop/IIT/SDGP/Play%20Projects/play-java/,root))),true,None)
Sending msg to client play-fork-run-845c6614-deca-42ce-94db-2c94d037eaa9: TaskStarted(236,41717,None)
Sending msg to client play-fork-run-845c6614-deca-42ce-94db-2c94d037eaa9: TaskFinished(236,41717,None,true,None)
Sending msg to client play-fork-run-845c6614-deca-42ce-94db-2c94d037eaa9: TaskStarted(236,41716,None)
Sending msg to client play-fork-run-845c6614-deca-42ce-94db-2c94d037eaa9: TaskFinished(236,41716,None,true,None)
Sending msg to client play-fork-run-845c6614-deca-42ce-94db-2c94d037eaa9: DetachedLogEvent(LogMessage(debug,cancel strategy finish enabled=false lastCommand=Some(LastCommand(CommandExecutionWork(ExecutionId(236),root/playForkNotifyStart http://localhost:9000,Set(LiveClient(play-fork-run 845c6614-deca-42ce-94db-2c94d037eaa9)),sbt.server.WorkCancellationStatus$$anon$1@30f8d2b3)))))
Sending msg to client play-fork-run-845c6614-deca-42ce-94db-2c94d037eaa9: DetachedLogEvent(LogSuccess(Total time: 0 s, completed 15-Mar-2017 03:06:33))
Sending msg to client play-fork-run-845c6614-deca-42ce-94db-2c94d037eaa9: DetachedLogEvent(LogMessage(debug,> server-post-command-cleanup))
Sending msg to client play-fork-run-845c6614-deca-42ce-94db-2c94d037eaa9: ExecutionSuccess(236)
Sending msg to client play-fork-run-845c6614-deca-42ce-94db-2c94d037eaa9: DetachedLogEvent(LogMessage(debug,> server-handle-next-server-request))
