New log file opened at Wed Mar 15 02:59:53 IST 2017 by 2658@Brions-MacBook-Pro.local
Sending msg to client play-fork-run-d93cf26a-e292-4f72-b4c7-57d13d0e0a37: DetachedLogEvent(LogMessage(debug,sbt server socket logs are in: /Users/brionsilva/Desktop/IIT/SDGP/Play Projects/play-java/.sbtserver/connections/master.log))
Sending msg to client play-fork-run-d93cf26a-e292-4f72-b4c7-57d13d0e0a37: DetachedLogEvent(LogMessage(debug,sbt general server logs are in: /Users/brionsilva/Desktop/IIT/SDGP/Play Projects/play-java/.sbtserver/master.log))
Sending msg to client play-fork-run-d93cf26a-e292-4f72-b4c7-57d13d0e0a37: DetachedLogEvent(LogMessage(debug,sbt client logs are in: /Users/brionsilva/Desktop/IIT/SDGP/Play Projects/play-java/.sbtserver/connections/play-fork-run-d93cf26a-e292-4f72-b4c7-57d13d0e0a37.log))
Reading next message from client.
Got request: DaemonRequest(true)
Reading next message from client.
Sending msg to client play-fork-run-d93cf26a-e292-4f72-b4c7-57d13d0e0a37: (3,ReceivedResponse())
Got request: ListenToEvents()
Reading next message from client.
Sending msg to client play-fork-run-d93cf26a-e292-4f72-b4c7-57d13d0e0a37: BackgroundJobStarted(227,BackgroundJobInfo(20,backgroundRun,AttributeKey[sbt.BackgroundJobHandle]("backgroundRun") in Scope(Build: file:/Users/brionsilva/Desktop/IIT/SDGP/Play%20Projects/play-java/, , Project: ProjectReference(file:/Users/brionsilva/Desktop/IIT/SDGP/Play%20Projects/play-java/,root), Config: compile)))
Sending msg to client play-fork-run-d93cf26a-e292-4f72-b4c7-57d13d0e0a37: (4,ReceivedResponse())
Got request: KeyLookupRequest(root/playForkConfig)
Reading next message from client.
Sending msg to client play-fork-run-d93cf26a-e292-4f72-b4c7-57d13d0e0a37: (5,KeyLookupResponse(root/playForkConfig,Vector(AttributeKey[play.forkrun.protocol.ForkConfig]("playForkConfig") in Scope(Build: file:/Users/brionsilva/Desktop/IIT/SDGP/Play%20Projects/play-java/, , Project: ProjectReference(file:/Users/brionsilva/Desktop/IIT/SDGP/Play%20Projects/play-java/,root)))))
Got request: ListenToValue(AttributeKey[play.forkrun.protocol.ForkConfig]("playForkConfig") in Scope(Build: file:/Users/brionsilva/Desktop/IIT/SDGP/Play%20Projects/play-java/, , Project: ProjectReference(file:/Users/brionsilva/Desktop/IIT/SDGP/Play%20Projects/play-java/,root)))
Reading next message from client.
Sending msg to client play-fork-run-d93cf26a-e292-4f72-b4c7-57d13d0e0a37: (6,ReceivedResponse())
Got request: KeyExecutionRequest(AttributeKey[play.forkrun.protocol.ForkConfig]("playForkConfig") in Scope(Build: file:/Users/brionsilva/Desktop/IIT/SDGP/Play%20Projects/play-java/, , Project: ProjectReference(file:/Users/brionsilva/Desktop/IIT/SDGP/Play%20Projects/play-java/,root)))
Reading next message from client.
Sending msg to client play-fork-run-d93cf26a-e292-4f72-b4c7-57d13d0e0a37: (7,ExecutionRequestReceived(229))
Sending msg to client play-fork-run-d93cf26a-e292-4f72-b4c7-57d13d0e0a37: ExecutionWaiting(229,{file:/Users/brionsilva/Desktop/IIT/SDGP/Play%20Projects/play-java/}root/*:playForkConfig,ClientInfo(d93cf26a-e292-4f72-b4c7-57d13d0e0a37,play-fork-run,Play Fork Run,1,Vector()))
Sending msg to client play-fork-run-d93cf26a-e292-4f72-b4c7-57d13d0e0a37: ExecutionStarting(229)
Sending msg to client play-fork-run-d93cf26a-e292-4f72-b4c7-57d13d0e0a37: DetachedLogEvent(LogMessage(debug,> {file:/Users/brionsilva/Desktop/IIT/SDGP/Play%20Projects/play-java/}root/*:playForkConfig))
Sending msg to client play-fork-run-d93cf26a-e292-4f72-b4c7-57d13d0e0a37: DetachedLogEvent(LogMessage(debug,Evaluating tasks: *:playForkConfig))
Sending msg to client play-fork-run-d93cf26a-e292-4f72-b4c7-57d13d0e0a37: DetachedLogEvent(LogMessage(debug,Running task... Cancel: sbt.server.ServerTaskCancellation@7427f23a, check cycles: false))
Sending msg to client play-fork-run-d93cf26a-e292-4f72-b4c7-57d13d0e0a37: DetachedLogEvent(LogMessage(debug,cancel strategy start enabled=true lastCommand=Some(LastCommand(CommandExecutionWork(ExecutionId(229),{file:/Users/brionsilva/Desktop/IIT/SDGP/Play%20Projects/play-java/}root/*:playForkConfig,Set(LiveClient(play-fork-run d93cf26a-e292-4f72-b4c7-57d13d0e0a37)),sbt.server.WorkCancellationStatus$$anon$1@1bc96d33)))))
Sending msg to client play-fork-run-d93cf26a-e292-4f72-b4c7-57d13d0e0a37: TaskStarted(229,40918,None)
Sending msg to client play-fork-run-d93cf26a-e292-4f72-b4c7-57d13d0e0a37: TaskStarted(229,40921,None)
Sending msg to client play-fork-run-d93cf26a-e292-4f72-b4c7-57d13d0e0a37: TaskStarted(229,40922,None)
Sending msg to client play-fork-run-d93cf26a-e292-4f72-b4c7-57d13d0e0a37: TaskStarted(229,40924,None)
Sending msg to client play-fork-run-d93cf26a-e292-4f72-b4c7-57d13d0e0a37: TaskStarted(229,40925,Some(AttributeKey[java.lang.String]("updateCacheName") in Scope(Build: file:/Users/brionsilva/Desktop/IIT/SDGP/Play%20Projects/play-java/, , Project: ProjectReference(file:/Users/brionsilva/Desktop/IIT/SDGP/Play%20Projects/play-java/,root))))
Sending msg to client play-fork-run-d93cf26a-e292-4f72-b4c7-57d13d0e0a37: TaskStarted(229,40935,Some(AttributeKey[scala.collection.Seq[sbt.Resolver]]("externalResolvers") in Scope(Build: file:/Users/brionsilva/Desktop/IIT/SDGP/Play%20Projects/play-java/, , Project: ProjectReference(file:/Users/brionsilva/Desktop/IIT/SDGP/Play%20Projects/play-java/,root))))
Sending msg to client play-fork-run-d93cf26a-e292-4f72-b4c7-57d13d0e0a37: TaskStarted(229,40936,Some(AttributeKey[scala.Option[scala.collection.Seq[sbt.Resolver]]]("bootResolvers") in Scope(Build: file:/Users/brionsilva/Desktop/IIT/SDGP/Play%20Projects/play-java/, , Project: ProjectReference(file:/Users/brionsilva/Desktop/IIT/SDGP/Play%20Projects/play-java/,root))))
Sending msg to client play-fork-run-d93cf26a-e292-4f72-b4c7-57d13d0e0a37: TaskStarted(229,40939,Some(AttributeKey[scala.collection.Seq[sbt.Credentials]]("credentials") in Scope(Global)))
Sending msg to client play-fork-run-d93cf26a-e292-4f72-b4c7-57d13d0e0a37: TaskStarted(229,40947,None)
Sending msg to client play-fork-run-d93cf26a-e292-4f72-b4c7-57d13d0e0a37: TaskStarted(229,40948,None)
Sending msg to client play-fork-run-d93cf26a-e292-4f72-b4c7-57d13d0e0a37: TaskStarted(229,40949,Some(AttributeKey[boolean]("skip") in Scope(Global)))
Sending msg to client play-fork-run-d93cf26a-e292-4f72-b4c7-57d13d0e0a37: TaskStarted(229,40950,Some(AttributeKey[scala.Option[java.lang.String]]("mainClass") in Scope(Build: file:/Users/brionsilva/Desktop/IIT/SDGP/Play%20Projects/play-java/, , Project: ProjectReference(file:/Users/brionsilva/Desktop/IIT/SDGP/Play%20Projects/play-java/,root), Config: compile, Task: AttributeKey[void]("run"))))
Sending msg to client play-fork-run-d93cf26a-e292-4f72-b4c7-57d13d0e0a37: TaskStarted(229,40952,Some(AttributeKey[scala.Tuple2[java.lang.String,java.io.File]]("playPrefixAndAssets") in Scope(Build: file:/Users/brionsilva/Desktop/IIT/SDGP/Play%20Projects/play-java/, , Project: ProjectReference(file:/Users/brionsilva/Desktop/IIT/SDGP/Play%20Projects/play-java/,root))))
Sending msg to client play-fork-run-d93cf26a-e292-4f72-b4c7-57d13d0e0a37: TaskStarted(229,40960,None)
Sending msg to client play-fork-run-d93cf26a-e292-4f72-b4c7-57d13d0e0a37: TaskStarted(229,40967,None)
Sending msg to client play-fork-run-d93cf26a-e292-4f72-b4c7-57d13d0e0a37: TaskStarted(229,40968,Some(AttributeKey[scala.collection.Seq[java.lang.String]]("javaOptions") in Scope(Global)))
Sending msg to client play-fork-run-d93cf26a-e292-4f72-b4c7-57d13d0e0a37: TaskStarted(229,40970,None)
Sending msg to client play-fork-run-d93cf26a-e292-4f72-b4c7-57d13d0e0a37: TaskFinished(229,40918,None,true,None)
Sending msg to client play-fork-run-d93cf26a-e292-4f72-b4c7-57d13d0e0a37: TaskStarted(229,40917,None)
Sending msg to client play-fork-run-d93cf26a-e292-4f72-b4c7-57d13d0e0a37: TaskStarted(229,40932,None)
Sending msg to client play-fork-run-d93cf26a-e292-4f72-b4c7-57d13d0e0a37: TaskStarted(229,40937,None)
Sending msg to client play-fork-run-d93cf26a-e292-4f72-b4c7-57d13d0e0a37: TaskStarted(229,40938,None)
Sending msg to client play-fork-run-d93cf26a-e292-4f72-b4c7-57d13d0e0a37: TaskStarted(229,40945,None)
Sending msg to client play-fork-run-d93cf26a-e292-4f72-b4c7-57d13d0e0a37: TaskStarted(229,40961,None)
Sending msg to client play-fork-run-d93cf26a-e292-4f72-b4c7-57d13d0e0a37: TaskStarted(229,40964,None)
Sending msg to client play-fork-run-d93cf26a-e292-4f72-b4c7-57d13d0e0a37: TaskStarted(229,40965,None)
Sending msg to client play-fork-run-d93cf26a-e292-4f72-b4c7-57d13d0e0a37: TaskFinished(229,40921,None,true,None)
Sending msg to client play-fork-run-d93cf26a-e292-4f72-b4c7-57d13d0e0a37: TaskFinished(229,40922,None,true,None)
Sending msg to client play-fork-run-d93cf26a-e292-4f72-b4c7-57d13d0e0a37: TaskStarted(229,40920,Some(AttributeKey[scala.collection.Seq[sbt.UpdateReport]]("transitiveUpdate") in Scope(Build: file:/Users/brionsilva/Desktop/IIT/SDGP/Play%20Projects/play-java/, , Project: ProjectReference(file:/Users/brionsilva/Desktop/IIT/SDGP/Play%20Projects/play-java/,root))))
Sending msg to client play-fork-run-d93cf26a-e292-4f72-b4c7-57d13d0e0a37: TaskFinished(229,40924,None,true,None)
Sending msg to client play-fork-run-d93cf26a-e292-4f72-b4c7-57d13d0e0a37: TaskStarted(229,40923,Some(AttributeKey[java.io.File]("dependencyCacheDirectory") in Scope(Build: file:/Users/brionsilva/Desktop/IIT/SDGP/Play%20Projects/play-java/, , Project: ProjectReference(file:/Users/brionsilva/Desktop/IIT/SDGP/Play%20Projects/play-java/,root))))
Sending msg to client play-fork-run-d93cf26a-e292-4f72-b4c7-57d13d0e0a37: TaskStarted(229,40934,Some(AttributeKey[sbt.BuildStructure]("buildStructure") in Scope(Global)))
Sending msg to client play-fork-run-d93cf26a-e292-4f72-b4c7-57d13d0e0a37: TaskFinished(229,40925,Some(AttributeKey[java.lang.String]("updateCacheName") in Scope(Build: file:/Users/brionsilva/Desktop/IIT/SDGP/Play%20Projects/play-java/, , Project: ProjectReference(file:/Users/brionsilva/Desktop/IIT/SDGP/Play%20Projects/play-java/,root))),true,None)
Sending msg to client play-fork-run-d93cf26a-e292-4f72-b4c7-57d13d0e0a37: TaskFinished(229,40935,Some(AttributeKey[scala.collection.Seq[sbt.Resolver]]("externalResolvers") in Scope(Build: file:/Users/brionsilva/Desktop/IIT/SDGP/Play%20Projects/play-java/, , Project: ProjectReference(file:/Users/brionsilva/Desktop/IIT/SDGP/Play%20Projects/play-java/,root))),true,None)
Sending msg to client play-fork-run-d93cf26a-e292-4f72-b4c7-57d13d0e0a37: TaskFinished(229,40936,Some(AttributeKey[scala.Option[scala.collection.Seq[sbt.Resolver]]]("bootResolvers") in Scope(Build: file:/Users/brionsilva/Desktop/IIT/SDGP/Play%20Projects/play-java/, , Project: ProjectReference(file:/Users/brionsilva/Desktop/IIT/SDGP/Play%20Projects/play-java/,root))),true,None)
Sending msg to client play-fork-run-d93cf26a-e292-4f72-b4c7-57d13d0e0a37: TaskFinished(229,40939,Some(AttributeKey[scala.collection.Seq[sbt.Credentials]]("credentials") in Scope(Global)),true,None)
Sending msg to client play-fork-run-d93cf26a-e292-4f72-b4c7-57d13d0e0a37: TaskFinished(229,40947,None,true,None)
Sending msg to client play-fork-run-d93cf26a-e292-4f72-b4c7-57d13d0e0a37: TaskFinished(229,40948,None,true,None)
Sending msg to client play-fork-run-d93cf26a-e292-4f72-b4c7-57d13d0e0a37: TaskFinished(229,40949,Some(AttributeKey[boolean]("skip") in Scope(Global)),true,None)
Sending msg to client play-fork-run-d93cf26a-e292-4f72-b4c7-57d13d0e0a37: TaskFinished(229,40950,Some(AttributeKey[scala.Option[java.lang.String]]("mainClass") in Scope(Build: file:/Users/brionsilva/Desktop/IIT/SDGP/Play%20Projects/play-java/, , Project: ProjectReference(file:/Users/brionsilva/Desktop/IIT/SDGP/Play%20Projects/play-java/,root), Config: compile, Task: AttributeKey[void]("run"))),true,None)
Sending msg to client play-fork-run-d93cf26a-e292-4f72-b4c7-57d13d0e0a37: TaskFinished(229,40952,Some(AttributeKey[scala.Tuple2[java.lang.String,java.io.File]]("playPrefixAndAssets") in Scope(Build: file:/Users/brionsilva/Desktop/IIT/SDGP/Play%20Projects/play-java/, , Project: ProjectReference(file:/Users/brionsilva/Desktop/IIT/SDGP/Play%20Projects/play-java/,root))),true,None)
Sending msg to client play-fork-run-d93cf26a-e292-4f72-b4c7-57d13d0e0a37: TaskStarted(229,40951,Some(AttributeKey[scala.collection.Seq[scala.Tuple2[java.lang.String,java.io.File]]]("playAllAssets") in Scope(Build: file:/Users/brionsilva/Desktop/IIT/SDGP/Play%20Projects/play-java/, , Project: ProjectReference(file:/Users/brionsilva/Desktop/IIT/SDGP/Play%20Projects/play-java/,root))))
Sending msg to client play-fork-run-d93cf26a-e292-4f72-b4c7-57d13d0e0a37: TaskFinished(229,40960,None,true,None)
Sending msg to client play-fork-run-d93cf26a-e292-4f72-b4c7-57d13d0e0a37: TaskFinished(229,40967,None,true,None)
Sending msg to client play-fork-run-d93cf26a-e292-4f72-b4c7-57d13d0e0a37: TaskFinished(229,40968,Some(AttributeKey[scala.collection.Seq[java.lang.String]]("javaOptions") in Scope(Global)),true,None)
Sending msg to client play-fork-run-d93cf26a-e292-4f72-b4c7-57d13d0e0a37: TaskStarted(229,40966,Some(AttributeKey[scala.collection.Seq[java.lang.String]]("javaOptions") in Scope(Build: file:/Users/brionsilva/Desktop/IIT/SDGP/Play%20Projects/play-java/, )))
Sending msg to client play-fork-run-d93cf26a-e292-4f72-b4c7-57d13d0e0a37: TaskFinished(229,40970,None,true,None)
Sending msg to client play-fork-run-d93cf26a-e292-4f72-b4c7-57d13d0e0a37: TaskFinished(229,40917,None,true,None)
Sending msg to client play-fork-run-d93cf26a-e292-4f72-b4c7-57d13d0e0a37: TaskFinished(229,40932,None,true,None)
Sending msg to client play-fork-run-d93cf26a-e292-4f72-b4c7-57d13d0e0a37: TaskFinished(229,40937,None,true,None)
Sending msg to client play-fork-run-d93cf26a-e292-4f72-b4c7-57d13d0e0a37: TaskFinished(229,40938,None,true,None)
Sending msg to client play-fork-run-d93cf26a-e292-4f72-b4c7-57d13d0e0a37: TaskFinished(229,40945,None,true,None)
Sending msg to client play-fork-run-d93cf26a-e292-4f72-b4c7-57d13d0e0a37: TaskStarted(229,40944,Some(AttributeKey[scala.collection.immutable.Map[sbt.ModuleID,sbt.SourcePosition]]("dependencyPositions") in Scope(Build: file:/Users/brionsilva/Desktop/IIT/SDGP/Play%20Projects/play-java/, , Project: ProjectReference(file:/Users/brionsilva/Desktop/IIT/SDGP/Play%20Projects/play-java/,root))))
Sending msg to client play-fork-run-d93cf26a-e292-4f72-b4c7-57d13d0e0a37: TaskFinished(229,40961,None,true,None)
Sending msg to client play-fork-run-d93cf26a-e292-4f72-b4c7-57d13d0e0a37: TaskFinished(229,40964,None,true,None)
Sending msg to client play-fork-run-d93cf26a-e292-4f72-b4c7-57d13d0e0a37: TaskFinished(229,40965,None,true,None)
Sending msg to client play-fork-run-d93cf26a-e292-4f72-b4c7-57d13d0e0a37: TaskFinished(229,40920,Some(AttributeKey[scala.collection.Seq[sbt.UpdateReport]]("transitiveUpdate") in Scope(Build: file:/Users/brionsilva/Desktop/IIT/SDGP/Play%20Projects/play-java/, , Project: ProjectReference(file:/Users/brionsilva/Desktop/IIT/SDGP/Play%20Projects/play-java/,root))),true,None)
Sending msg to client play-fork-run-d93cf26a-e292-4f72-b4c7-57d13d0e0a37: TaskFinished(229,40934,Some(AttributeKey[sbt.BuildStructure]("buildStructure") in Scope(Global)),true,None)
Sending msg to client play-fork-run-d93cf26a-e292-4f72-b4c7-57d13d0e0a37: TaskStarted(229,40933,Some(AttributeKey[sbt.Settings[sbt.Scope]]("settingsData") in Scope(Global)))
Sending msg to client play-fork-run-d93cf26a-e292-4f72-b4c7-57d13d0e0a37: TaskFinished(229,40923,Some(AttributeKey[java.io.File]("dependencyCacheDirectory") in Scope(Build: file:/Users/brionsilva/Desktop/IIT/SDGP/Play%20Projects/play-java/, , Project: ProjectReference(file:/Users/brionsilva/Desktop/IIT/SDGP/Play%20Projects/play-java/,root))),true,None)
Sending msg to client play-fork-run-d93cf26a-e292-4f72-b4c7-57d13d0e0a37: TaskFinished(229,40951,Some(AttributeKey[scala.collection.Seq[scala.Tuple2[java.lang.String,java.io.File]]]("playAllAssets") in Scope(Build: file:/Users/brionsilva/Desktop/IIT/SDGP/Play%20Projects/play-java/, , Project: ProjectReference(file:/Users/brionsilva/Desktop/IIT/SDGP/Play%20Projects/play-java/,root))),true,None)
Sending msg to client play-fork-run-d93cf26a-e292-4f72-b4c7-57d13d0e0a37: TaskFinished(229,40966,Some(AttributeKey[scala.collection.Seq[java.lang.String]]("javaOptions") in Scope(Build: file:/Users/brionsilva/Desktop/IIT/SDGP/Play%20Projects/play-java/, )),true,None)
Sending msg to client play-fork-run-d93cf26a-e292-4f72-b4c7-57d13d0e0a37: TaskFinished(229,40944,Some(AttributeKey[scala.collection.immutable.Map[sbt.ModuleID,sbt.SourcePosition]]("dependencyPositions") in Scope(Build: file:/Users/brionsilva/Desktop/IIT/SDGP/Play%20Projects/play-java/, , Project: ProjectReference(file:/Users/brionsilva/Desktop/IIT/SDGP/Play%20Projects/play-java/,root))),true,None)
Sending msg to client play-fork-run-d93cf26a-e292-4f72-b4c7-57d13d0e0a37: TaskStarted(229,40943,Some(AttributeKey[sbt.UnresolvedWarningConfiguration]("unresolvedWarningConfiguration") in Scope(Build: file:/Users/brionsilva/Desktop/IIT/SDGP/Play%20Projects/play-java/, , Project: ProjectReference(file:/Users/brionsilva/Desktop/IIT/SDGP/Play%20Projects/play-java/,root), Task: AttributeKey[sbt.UpdateReport]("update"))))
Sending msg to client play-fork-run-d93cf26a-e292-4f72-b4c7-57d13d0e0a37: TaskFinished(229,40933,Some(AttributeKey[sbt.Settings[sbt.Scope]]("settingsData") in Scope(Global)),true,None)
Sending msg to client play-fork-run-d93cf26a-e292-4f72-b4c7-57d13d0e0a37: TaskStarted(229,40931,Some(AttributeKey[scala.collection.immutable.Map[org.apache.ivy.core.module.id.ModuleRevisionId,org.apache.ivy.core.module.descriptor.ModuleDescriptor]]("projectDescriptors") in Scope(Build: file:/Users/brionsilva/Desktop/IIT/SDGP/Play%20Projects/play-java/, , Project: ProjectReference(file:/Users/brionsilva/Desktop/IIT/SDGP/Play%20Projects/play-java/,root))))
Sending msg to client play-fork-run-d93cf26a-e292-4f72-b4c7-57d13d0e0a37: TaskStarted(229,40942,Some(AttributeKey[scala.collection.Seq[sbt.ModuleID]]("projectDependencies") in Scope(Build: file:/Users/brionsilva/Desktop/IIT/SDGP/Play%20Projects/play-java/, , Project: ProjectReference(file:/Users/brionsilva/Desktop/IIT/SDGP/Play%20Projects/play-java/,root))))
Sending msg to client play-fork-run-d93cf26a-e292-4f72-b4c7-57d13d0e0a37: TaskStarted(229,40946,None)
Sending msg to client play-fork-run-d93cf26a-e292-4f72-b4c7-57d13d0e0a37: TaskStarted(229,40963,None)
Sending msg to client play-fork-run-d93cf26a-e292-4f72-b4c7-57d13d0e0a37: TaskStarted(229,40969,Some(AttributeKey[scala.collection.Seq[java.io.File]]("playMonitoredFiles") in Scope(Build: file:/Users/brionsilva/Desktop/IIT/SDGP/Play%20Projects/play-java/, , Project: ProjectReference(file:/Users/brionsilva/Desktop/IIT/SDGP/Play%20Projects/play-java/,root))))
Sending msg to client play-fork-run-d93cf26a-e292-4f72-b4c7-57d13d0e0a37: TaskFinished(229,40943,Some(AttributeKey[sbt.UnresolvedWarningConfiguration]("unresolvedWarningConfiguration") in Scope(Build: file:/Users/brionsilva/Desktop/IIT/SDGP/Play%20Projects/play-java/, , Project: ProjectReference(file:/Users/brionsilva/Desktop/IIT/SDGP/Play%20Projects/play-java/,root), Task: AttributeKey[sbt.UpdateReport]("update"))),true,None)
Sending msg to client play-fork-run-d93cf26a-e292-4f72-b4c7-57d13d0e0a37: TaskFinished(229,40942,Some(AttributeKey[scala.collection.Seq[sbt.ModuleID]]("projectDependencies") in Scope(Build: file:/Users/brionsilva/Desktop/IIT/SDGP/Play%20Projects/play-java/, , Project: ProjectReference(file:/Users/brionsilva/Desktop/IIT/SDGP/Play%20Projects/play-java/,root))),true,None)
Sending msg to client play-fork-run-d93cf26a-e292-4f72-b4c7-57d13d0e0a37: TaskStarted(229,40941,Some(AttributeKey[scala.collection.Seq[sbt.ModuleID]]("allDependencies") in Scope(Build: file:/Users/brionsilva/Desktop/IIT/SDGP/Play%20Projects/play-java/, , Project: ProjectReference(file:/Users/brionsilva/Desktop/IIT/SDGP/Play%20Projects/play-java/,root))))
Sending msg to client play-fork-run-d93cf26a-e292-4f72-b4c7-57d13d0e0a37: TaskStarted(229,40971,None)
Sending msg to client play-fork-run-d93cf26a-e292-4f72-b4c7-57d13d0e0a37: TaskStarted(229,40973,None)
Sending msg to client play-fork-run-d93cf26a-e292-4f72-b4c7-57d13d0e0a37: TaskStarted(229,40978,None)
Sending msg to client play-fork-run-d93cf26a-e292-4f72-b4c7-57d13d0e0a37: TaskStarted(229,40979,None)
Sending msg to client play-fork-run-d93cf26a-e292-4f72-b4c7-57d13d0e0a37: TaskStarted(229,40981,None)
Sending msg to client play-fork-run-d93cf26a-e292-4f72-b4c7-57d13d0e0a37: TaskStarted(229,40983,None)
Sending msg to client play-fork-run-d93cf26a-e292-4f72-b4c7-57d13d0e0a37: TaskStarted(229,40984,None)
Sending msg to client play-fork-run-d93cf26a-e292-4f72-b4c7-57d13d0e0a37: TaskFinished(229,40971,None,true,None)
Sending msg to client play-fork-run-d93cf26a-e292-4f72-b4c7-57d13d0e0a37: TaskFinished(229,40946,None,true,None)
Sending msg to client play-fork-run-d93cf26a-e292-4f72-b4c7-57d13d0e0a37: TaskFinished(229,40973,None,true,None)
Sending msg to client play-fork-run-d93cf26a-e292-4f72-b4c7-57d13d0e0a37: TaskStarted(229,40972,None)
Sending msg to client play-fork-run-d93cf26a-e292-4f72-b4c7-57d13d0e0a37: TaskFinished(229,40941,Some(AttributeKey[scala.collection.Seq[sbt.ModuleID]]("allDependencies") in Scope(Build: file:/Users/brionsilva/Desktop/IIT/SDGP/Play%20Projects/play-java/, , Project: ProjectReference(file:/Users/brionsilva/Desktop/IIT/SDGP/Play%20Projects/play-java/,root))),true,None)
Sending msg to client play-fork-run-d93cf26a-e292-4f72-b4c7-57d13d0e0a37: TaskStarted(229,40940,Some(AttributeKey[sbt.ModuleSettings]("moduleSettings") in Scope(Build: file:/Users/brionsilva/Desktop/IIT/SDGP/Play%20Projects/play-java/, , Project: ProjectReference(file:/Users/brionsilva/Desktop/IIT/SDGP/Play%20Projects/play-java/,root))))
Sending msg to client play-fork-run-d93cf26a-e292-4f72-b4c7-57d13d0e0a37: TaskFinished(229,40978,None,true,None)
Sending msg to client play-fork-run-d93cf26a-e292-4f72-b4c7-57d13d0e0a37: TaskStarted(229,40985,None)
Sending msg to client play-fork-run-d93cf26a-e292-4f72-b4c7-57d13d0e0a37: TaskFinished(229,40979,None,true,None)
Sending msg to client play-fork-run-d93cf26a-e292-4f72-b4c7-57d13d0e0a37: TaskStarted(229,40977,Some(AttributeKey[scala.collection.Seq[sbt.Attributed[java.io.File]]]("unmanagedJars") in Scope(Build: file:/Users/brionsilva/Desktop/IIT/SDGP/Play%20Projects/play-java/, , Project: ProjectReference(file:/Users/brionsilva/Desktop/IIT/SDGP/Play%20Projects/play-java/,root), Config: compile)))
Sending msg to client play-fork-run-d93cf26a-e292-4f72-b4c7-57d13d0e0a37: TaskFinished(229,40981,None,true,None)
Sending msg to client play-fork-run-d93cf26a-e292-4f72-b4c7-57d13d0e0a37: TaskStarted(229,40980,None)
Sending msg to client play-fork-run-d93cf26a-e292-4f72-b4c7-57d13d0e0a37: TaskFinished(229,40983,None,true,None)
Sending msg to client play-fork-run-d93cf26a-e292-4f72-b4c7-57d13d0e0a37: TaskFinished(229,40984,None,true,None)
Sending msg to client play-fork-run-d93cf26a-e292-4f72-b4c7-57d13d0e0a37: TaskStarted(229,40982,Some(AttributeKey[scala.collection.Seq[sbt.Attributed[java.io.File]]]("unmanagedJars") in Scope(Build: file:/Users/brionsilva/Desktop/IIT/SDGP/Play%20Projects/play-java/, , Project: ProjectReference(file:/Users/brionsilva/Desktop/IIT/SDGP/Play%20Projects/play-java/,root), Config: runtime)))
Sending msg to client play-fork-run-d93cf26a-e292-4f72-b4c7-57d13d0e0a37: TaskStarted(229,40986,None)
Sending msg to client play-fork-run-d93cf26a-e292-4f72-b4c7-57d13d0e0a37: TaskFinished(229,40985,None,true,None)
Sending msg to client play-fork-run-d93cf26a-e292-4f72-b4c7-57d13d0e0a37: TaskFinished(229,40969,Some(AttributeKey[scala.collection.Seq[java.io.File]]("playMonitoredFiles") in Scope(Build: file:/Users/brionsilva/Desktop/IIT/SDGP/Play%20Projects/play-java/, , Project: ProjectReference(file:/Users/brionsilva/Desktop/IIT/SDGP/Play%20Projects/play-java/,root))),true,None)
Sending msg to client play-fork-run-d93cf26a-e292-4f72-b4c7-57d13d0e0a37: TaskFinished(229,40977,Some(AttributeKey[scala.collection.Seq[sbt.Attributed[java.io.File]]]("unmanagedJars") in Scope(Build: file:/Users/brionsilva/Desktop/IIT/SDGP/Play%20Projects/play-java/, , Project: ProjectReference(file:/Users/brionsilva/Desktop/IIT/SDGP/Play%20Projects/play-java/,root), Config: compile)),true,None)
Sending msg to client play-fork-run-d93cf26a-e292-4f72-b4c7-57d13d0e0a37: TaskFinished(229,40940,Some(AttributeKey[sbt.ModuleSettings]("moduleSettings") in Scope(Build: file:/Users/brionsilva/Desktop/IIT/SDGP/Play%20Projects/play-java/, , Project: ProjectReference(file:/Users/brionsilva/Desktop/IIT/SDGP/Play%20Projects/play-java/,root))),true,None)
Sending msg to client play-fork-run-d93cf26a-e292-4f72-b4c7-57d13d0e0a37: TaskFinished(229,40972,None,true,None)
Sending msg to client play-fork-run-d93cf26a-e292-4f72-b4c7-57d13d0e0a37: TaskFinished(229,40931,Some(AttributeKey[scala.collection.immutable.Map[org.apache.ivy.core.module.id.ModuleRevisionId,org.apache.ivy.core.module.descriptor.ModuleDescriptor]]("projectDescriptors") in Scope(Build: file:/Users/brionsilva/Desktop/IIT/SDGP/Play%20Projects/play-java/, , Project: ProjectReference(file:/Users/brionsilva/Desktop/IIT/SDGP/Play%20Projects/play-java/,root))),true,None)
Sending msg to client play-fork-run-d93cf26a-e292-4f72-b4c7-57d13d0e0a37: TaskStarted(229,40930,Some(AttributeKey[sbt.Resolver]("projectResolver") in Scope(Build: file:/Users/brionsilva/Desktop/IIT/SDGP/Play%20Projects/play-java/, , Project: ProjectReference(file:/Users/brionsilva/Desktop/IIT/SDGP/Play%20Projects/play-java/,root))))
Sending msg to client play-fork-run-d93cf26a-e292-4f72-b4c7-57d13d0e0a37: TaskFinished(229,40986,None,true,None)
Sending msg to client play-fork-run-d93cf26a-e292-4f72-b4c7-57d13d0e0a37: TaskFinished(229,40980,None,true,None)
Sending msg to client play-fork-run-d93cf26a-e292-4f72-b4c7-57d13d0e0a37: TaskStarted(229,40976,Some(AttributeKey[scala.collection.Seq[sbt.Attributed[java.io.File]]]("unmanagedJars") in Scope(Build: file:/Users/brionsilva/Desktop/IIT/SDGP/Play%20Projects/play-java/, , Project: ProjectReference(file:/Users/brionsilva/Desktop/IIT/SDGP/Play%20Projects/play-java/,root), Config: compile)))
Sending msg to client play-fork-run-d93cf26a-e292-4f72-b4c7-57d13d0e0a37: TaskFinished(229,40982,Some(AttributeKey[scala.collection.Seq[sbt.Attributed[java.io.File]]]("unmanagedJars") in Scope(Build: file:/Users/brionsilva/Desktop/IIT/SDGP/Play%20Projects/play-java/, , Project: ProjectReference(file:/Users/brionsilva/Desktop/IIT/SDGP/Play%20Projects/play-java/,root), Config: runtime)),true,None)
Sending msg to client play-fork-run-d93cf26a-e292-4f72-b4c7-57d13d0e0a37: TaskFinished(229,40930,Some(AttributeKey[sbt.Resolver]("projectResolver") in Scope(Build: file:/Users/brionsilva/Desktop/IIT/SDGP/Play%20Projects/play-java/, , Project: ProjectReference(file:/Users/brionsilva/Desktop/IIT/SDGP/Play%20Projects/play-java/,root))),true,None)
Sending msg to client play-fork-run-d93cf26a-e292-4f72-b4c7-57d13d0e0a37: TaskStarted(229,40929,Some(AttributeKey[scala.collection.Seq[sbt.Resolver]]("fullResolvers") in Scope(Build: file:/Users/brionsilva/Desktop/IIT/SDGP/Play%20Projects/play-java/, , Project: ProjectReference(file:/Users/brionsilva/Desktop/IIT/SDGP/Play%20Projects/play-java/,root))))
Sending msg to client play-fork-run-d93cf26a-e292-4f72-b4c7-57d13d0e0a37: TaskFinished(229,40976,Some(AttributeKey[scala.collection.Seq[sbt.Attributed[java.io.File]]]("unmanagedJars") in Scope(Build: file:/Users/brionsilva/Desktop/IIT/SDGP/Play%20Projects/play-java/, , Project: ProjectReference(file:/Users/brionsilva/Desktop/IIT/SDGP/Play%20Projects/play-java/,root), Config: compile)),true,None)
Sending msg to client play-fork-run-d93cf26a-e292-4f72-b4c7-57d13d0e0a37: TaskStarted(229,40975,None)
Sending msg to client play-fork-run-d93cf26a-e292-4f72-b4c7-57d13d0e0a37: TaskFinished(229,40929,Some(AttributeKey[scala.collection.Seq[sbt.Resolver]]("fullResolvers") in Scope(Build: file:/Users/brionsilva/Desktop/IIT/SDGP/Play%20Projects/play-java/, , Project: ProjectReference(file:/Users/brionsilva/Desktop/IIT/SDGP/Play%20Projects/play-java/,root))),true,None)
Sending msg to client play-fork-run-d93cf26a-e292-4f72-b4c7-57d13d0e0a37: TaskStarted(229,40928,Some(AttributeKey[sbt.IvyConfiguration]("ivyConfiguration") in Scope(Build: file:/Users/brionsilva/Desktop/IIT/SDGP/Play%20Projects/play-java/, , Project: ProjectReference(file:/Users/brionsilva/Desktop/IIT/SDGP/Play%20Projects/play-java/,root))))
Sending msg to client play-fork-run-d93cf26a-e292-4f72-b4c7-57d13d0e0a37: TaskFinished(229,40975,None,true,None)
Sending msg to client play-fork-run-d93cf26a-e292-4f72-b4c7-57d13d0e0a37: TaskStarted(229,40974,None)
Sending msg to client play-fork-run-d93cf26a-e292-4f72-b4c7-57d13d0e0a37: TaskFinished(229,40974,None,true,None)
Sending msg to client play-fork-run-d93cf26a-e292-4f72-b4c7-57d13d0e0a37: TaskFinished(229,40963,None,true,None)
Sending msg to client play-fork-run-d93cf26a-e292-4f72-b4c7-57d13d0e0a37: TaskStarted(229,40962,Some(AttributeKey[scala.collection.Seq[sbt.Attributed[java.io.File]]]("unmanagedClasspath") in Scope(Build: file:/Users/brionsilva/Desktop/IIT/SDGP/Play%20Projects/play-java/, , Project: ProjectReference(file:/Users/brionsilva/Desktop/IIT/SDGP/Play%20Projects/play-java/,root), Config: runtime)))
Sending msg to client play-fork-run-d93cf26a-e292-4f72-b4c7-57d13d0e0a37: TaskFinished(229,40928,Some(AttributeKey[sbt.IvyConfiguration]("ivyConfiguration") in Scope(Build: file:/Users/brionsilva/Desktop/IIT/SDGP/Play%20Projects/play-java/, , Project: ProjectReference(file:/Users/brionsilva/Desktop/IIT/SDGP/Play%20Projects/play-java/,root))),true,None)
Sending msg to client play-fork-run-d93cf26a-e292-4f72-b4c7-57d13d0e0a37: TaskStarted(229,40927,Some(AttributeKey[sbt.IvySbt]("ivySbt") in Scope(Build: file:/Users/brionsilva/Desktop/IIT/SDGP/Play%20Projects/play-java/, , Project: ProjectReference(file:/Users/brionsilva/Desktop/IIT/SDGP/Play%20Projects/play-java/,root))))
Sending msg to client play-fork-run-d93cf26a-e292-4f72-b4c7-57d13d0e0a37: TaskFinished(229,40962,Some(AttributeKey[scala.collection.Seq[sbt.Attributed[java.io.File]]]("unmanagedClasspath") in Scope(Build: file:/Users/brionsilva/Desktop/IIT/SDGP/Play%20Projects/play-java/, , Project: ProjectReference(file:/Users/brionsilva/Desktop/IIT/SDGP/Play%20Projects/play-java/,root), Config: runtime)),true,None)
Sending msg to client play-fork-run-d93cf26a-e292-4f72-b4c7-57d13d0e0a37: TaskFinished(229,40927,Some(AttributeKey[sbt.IvySbt]("ivySbt") in Scope(Build: file:/Users/brionsilva/Desktop/IIT/SDGP/Play%20Projects/play-java/, , Project: ProjectReference(file:/Users/brionsilva/Desktop/IIT/SDGP/Play%20Projects/play-java/,root))),true,None)
Sending msg to client play-fork-run-d93cf26a-e292-4f72-b4c7-57d13d0e0a37: TaskStarted(229,40926,Some(AttributeKey[sbt.IvySbt$Module]("ivyModule") in Scope(Build: file:/Users/brionsilva/Desktop/IIT/SDGP/Play%20Projects/play-java/, , Project: ProjectReference(file:/Users/brionsilva/Desktop/IIT/SDGP/Play%20Projects/play-java/,root))))
Sending msg to client play-fork-run-d93cf26a-e292-4f72-b4c7-57d13d0e0a37: TaskFinished(229,40926,Some(AttributeKey[sbt.IvySbt$Module]("ivyModule") in Scope(Build: file:/Users/brionsilva/Desktop/IIT/SDGP/Play%20Projects/play-java/, , Project: ProjectReference(file:/Users/brionsilva/Desktop/IIT/SDGP/Play%20Projects/play-java/,root))),true,None)
Sending msg to client play-fork-run-d93cf26a-e292-4f72-b4c7-57d13d0e0a37: TaskStarted(229,40919,Some(AttributeKey[sbt.UpdateReport]("update") in Scope(Build: file:/Users/brionsilva/Desktop/IIT/SDGP/Play%20Projects/play-java/, , Project: ProjectReference(file:/Users/brionsilva/Desktop/IIT/SDGP/Play%20Projects/play-java/,root))))
Sending msg to client play-fork-run-d93cf26a-e292-4f72-b4c7-57d13d0e0a37: TaskFinished(229,40919,Some(AttributeKey[sbt.UpdateReport]("update") in Scope(Build: file:/Users/brionsilva/Desktop/IIT/SDGP/Play%20Projects/play-java/, , Project: ProjectReference(file:/Users/brionsilva/Desktop/IIT/SDGP/Play%20Projects/play-java/,root))),true,None)
Sending msg to client play-fork-run-d93cf26a-e292-4f72-b4c7-57d13d0e0a37: TaskStarted(229,40916,Some(AttributeKey[sbt.UpdateReport]("update") in Scope(Build: file:/Users/brionsilva/Desktop/IIT/SDGP/Play%20Projects/play-java/, , Project: ProjectReference(file:/Users/brionsilva/Desktop/IIT/SDGP/Play%20Projects/play-java/,root))))
Sending msg to client play-fork-run-d93cf26a-e292-4f72-b4c7-57d13d0e0a37: TaskFinished(229,40916,Some(AttributeKey[sbt.UpdateReport]("update") in Scope(Build: file:/Users/brionsilva/Desktop/IIT/SDGP/Play%20Projects/play-java/, , Project: ProjectReference(file:/Users/brionsilva/Desktop/IIT/SDGP/Play%20Projects/play-java/,root))),true,None)
Sending msg to client play-fork-run-d93cf26a-e292-4f72-b4c7-57d13d0e0a37: TaskStarted(229,40915,Some(AttributeKey[scala.collection.Seq[sbt.Attributed[java.io.File]]]("managedClasspath") in Scope(Build: file:/Users/brionsilva/Desktop/IIT/SDGP/Play%20Projects/play-java/, , Project: ProjectReference(file:/Users/brionsilva/Desktop/IIT/SDGP/Play%20Projects/play-java/,root), Config: docs)))
Sending msg to client play-fork-run-d93cf26a-e292-4f72-b4c7-57d13d0e0a37: TaskStarted(229,40959,Some(AttributeKey[sbt.Configuration]("classpathConfiguration") in Scope(Build: file:/Users/brionsilva/Desktop/IIT/SDGP/Play%20Projects/play-java/, , Project: ProjectReference(file:/Users/brionsilva/Desktop/IIT/SDGP/Play%20Projects/play-java/,root), Config: compile)))
Sending msg to client play-fork-run-d93cf26a-e292-4f72-b4c7-57d13d0e0a37: TaskFinished(229,40959,Some(AttributeKey[sbt.Configuration]("classpathConfiguration") in Scope(Build: file:/Users/brionsilva/Desktop/IIT/SDGP/Play%20Projects/play-java/, , Project: ProjectReference(file:/Users/brionsilva/Desktop/IIT/SDGP/Play%20Projects/play-java/,root), Config: compile)),true,None)
Sending msg to client play-fork-run-d93cf26a-e292-4f72-b4c7-57d13d0e0a37: TaskStarted(229,40958,None)
Sending msg to client play-fork-run-d93cf26a-e292-4f72-b4c7-57d13d0e0a37: TaskFinished(229,40915,Some(AttributeKey[scala.collection.Seq[sbt.Attributed[java.io.File]]]("managedClasspath") in Scope(Build: file:/Users/brionsilva/Desktop/IIT/SDGP/Play%20Projects/play-java/, , Project: ProjectReference(file:/Users/brionsilva/Desktop/IIT/SDGP/Play%20Projects/play-java/,root), Config: docs)),true,None)
Sending msg to client play-fork-run-d93cf26a-e292-4f72-b4c7-57d13d0e0a37: TaskStarted(229,40914,Some(AttributeKey[scala.Option[java.io.File]]("playDocsJar") in Scope(Build: file:/Users/brionsilva/Desktop/IIT/SDGP/Play%20Projects/play-java/, , Project: ProjectReference(file:/Users/brionsilva/Desktop/IIT/SDGP/Play%20Projects/play-java/,root))))
Sending msg to client play-fork-run-d93cf26a-e292-4f72-b4c7-57d13d0e0a37: TaskFinished(229,40958,None,true,None)
Sending msg to client play-fork-run-d93cf26a-e292-4f72-b4c7-57d13d0e0a37: TaskStarted(229,40957,Some(AttributeKey[sbt.Configuration]("classpathConfiguration") in Scope(Build: file:/Users/brionsilva/Desktop/IIT/SDGP/Play%20Projects/play-java/, , Project: ProjectReference(file:/Users/brionsilva/Desktop/IIT/SDGP/Play%20Projects/play-java/,root), Config: runtime)))
Sending msg to client play-fork-run-d93cf26a-e292-4f72-b4c7-57d13d0e0a37: TaskFinished(229,40914,Some(AttributeKey[scala.Option[java.io.File]]("playDocsJar") in Scope(Build: file:/Users/brionsilva/Desktop/IIT/SDGP/Play%20Projects/play-java/, , Project: ProjectReference(file:/Users/brionsilva/Desktop/IIT/SDGP/Play%20Projects/play-java/,root))),true,None)
Sending msg to client play-fork-run-d93cf26a-e292-4f72-b4c7-57d13d0e0a37: TaskFinished(229,40957,Some(AttributeKey[sbt.Configuration]("classpathConfiguration") in Scope(Build: file:/Users/brionsilva/Desktop/IIT/SDGP/Play%20Projects/play-java/, , Project: ProjectReference(file:/Users/brionsilva/Desktop/IIT/SDGP/Play%20Projects/play-java/,root), Config: runtime)),true,None)
Sending msg to client play-fork-run-d93cf26a-e292-4f72-b4c7-57d13d0e0a37: TaskStarted(229,40956,None)
Sending msg to client play-fork-run-d93cf26a-e292-4f72-b4c7-57d13d0e0a37: TaskFinished(229,40956,None,true,None)
Sending msg to client play-fork-run-d93cf26a-e292-4f72-b4c7-57d13d0e0a37: TaskStarted(229,40955,Some(AttributeKey[scala.collection.Seq[sbt.Attributed[java.io.File]]]("managedClasspath") in Scope(Build: file:/Users/brionsilva/Desktop/IIT/SDGP/Play%20Projects/play-java/, , Project: ProjectReference(file:/Users/brionsilva/Desktop/IIT/SDGP/Play%20Projects/play-java/,root), Config: runtime)))
Sending msg to client play-fork-run-d93cf26a-e292-4f72-b4c7-57d13d0e0a37: TaskFinished(229,40955,Some(AttributeKey[scala.collection.Seq[sbt.Attributed[java.io.File]]]("managedClasspath") in Scope(Build: file:/Users/brionsilva/Desktop/IIT/SDGP/Play%20Projects/play-java/, , Project: ProjectReference(file:/Users/brionsilva/Desktop/IIT/SDGP/Play%20Projects/play-java/,root), Config: runtime)),true,None)
Sending msg to client play-fork-run-d93cf26a-e292-4f72-b4c7-57d13d0e0a37: TaskStarted(229,40954,None)
Sending msg to client play-fork-run-d93cf26a-e292-4f72-b4c7-57d13d0e0a37: TaskFinished(229,40954,None,true,None)
Sending msg to client play-fork-run-d93cf26a-e292-4f72-b4c7-57d13d0e0a37: TaskStarted(229,40953,Some(AttributeKey[scala.collection.Seq[sbt.Attributed[java.io.File]]]("playDependencyClasspath") in Scope(Build: file:/Users/brionsilva/Desktop/IIT/SDGP/Play%20Projects/play-java/, , Project: ProjectReference(file:/Users/brionsilva/Desktop/IIT/SDGP/Play%20Projects/play-java/,root))))
Sending msg to client play-fork-run-d93cf26a-e292-4f72-b4c7-57d13d0e0a37: TaskFinished(229,40953,Some(AttributeKey[scala.collection.Seq[sbt.Attributed[java.io.File]]]("playDependencyClasspath") in Scope(Build: file:/Users/brionsilva/Desktop/IIT/SDGP/Play%20Projects/play-java/, , Project: ProjectReference(file:/Users/brionsilva/Desktop/IIT/SDGP/Play%20Projects/play-java/,root))),true,None)
Sending msg to client play-fork-run-d93cf26a-e292-4f72-b4c7-57d13d0e0a37: TaskStarted(229,40913,Some(AttributeKey[play.forkrun.protocol.ForkConfig]("playForkConfig") in Scope(Build: file:/Users/brionsilva/Desktop/IIT/SDGP/Play%20Projects/play-java/, , Project: ProjectReference(file:/Users/brionsilva/Desktop/IIT/SDGP/Play%20Projects/play-java/,root))))
Sending msg to client play-fork-run-d93cf26a-e292-4f72-b4c7-57d13d0e0a37: TaskFinished(229,40913,Some(AttributeKey[play.forkrun.protocol.ForkConfig]("playForkConfig") in Scope(Build: file:/Users/brionsilva/Desktop/IIT/SDGP/Play%20Projects/play-java/, , Project: ProjectReference(file:/Users/brionsilva/Desktop/IIT/SDGP/Play%20Projects/play-java/,root))),true,None)
Sending msg to client play-fork-run-d93cf26a-e292-4f72-b4c7-57d13d0e0a37: ValueChanged(AttributeKey[play.forkrun.protocol.ForkConfig]("playForkConfig") in Scope(Build: file:/Users/brionsilva/Desktop/IIT/SDGP/Play%20Projects/play-java/, , Project: ProjectReference(file:/Users/brionsilva/Desktop/IIT/SDGP/Play%20Projects/play-java/,root)),TaskSuccess(BuildValue(LazyValue(ForkConfig(/Users/brionsilva/Desktop/IIT/SDGP/Play Projects/play-java,List(-Djna.nosys=true),List(/Users/brionsilva/Desktop/IIT/SDGP/Play Projects/play-java/lib/javax.annotation.jar, /Users/brionsilva/Desktop/IIT/SDGP/Play Projects/play-java/lib/javax.ejb.jar, /Users/brionsilva/Desktop/IIT/SDGP/Play Projects/play-java/lib/javax.jms.jar, /Users/brionsilva/Desktop/IIT/SDGP/Play Projects/play-java/lib/javax.persistence.jar, /Users/brionsilva/Desktop/IIT/SDGP/Play Projects/play-java/lib/javax.resource.jar, /Users/brionsilva/Desktop/IIT/SDGP/Play Projects/play-java/lib/javax.servlet.jsp.jar, /Users/brionsilva/Desktop/IIT/SDGP/Play Projects/play-java/lib/javax.servlet.jsp.jstl.jar, /Users/brionsilva/.ivy2/cache/org.scala-lang/scala-library/jars/scala-library-2.11.8.jar, /Users/brionsilva/Desktop/IIT/SDGP/Play/repository/com.typesafe.play/twirl-api_2.11/1.1.1/jars/twirl-api_2.11.jar, /Users/brionsilva/Desktop/IIT/SDGP/Play/repository/org.apache.commons/commons-lang3/3.4/jars/commons-lang3.jar, /Users/brionsilva/.ivy2/cache/org.scala-lang.modules/scala-xml_2.11/bundles/scala-xml_2.11-1.0.1.jar, /Users/brionsilva/Desktop/IIT/SDGP/Play/repository/com.typesafe.play/play-enhancer/1.1.0/jars/play-enhancer.jar, /Users/brionsilva/.ivy2/cache/com.typesafe.play/play-server_2.11/jars/play-server_2.11-2.5.12.jar, /Users/brionsilva/.ivy2/cache/com.typesafe.play/play_2.11/jars/play_2.11-2.5.12.jar, /Users/brionsilva/.ivy2/cache/com.typesafe.play/build-link/jars/build-link-2.5.12.jar, /Users/brionsilva/.ivy2/cache/com.typesafe.play/play-exceptions/jars/play-exceptions-2.5.12.jar, /Users/brionsilva/.ivy2/cache/com.typesafe.play/play-iteratees_2.11/jars/play-iteratees_2.11-2.5.12.jar, /Users/brionsilva/.ivy2/cache/org.scala-stm/scala-stm_2.11/jars/scala-stm_2.11-0.7.jar, /Users/brionsilva/Desktop/IIT/SDGP/Play/repository/com.typesafe/config/1.3.0/bundles/config.jar, /Users/brionsilva/.ivy2/cache/com.typesafe.play/play-json_2.11/jars/play-json_2.11-2.5.12.jar, /Users/brionsilva/.ivy2/cache/com.typesafe.play/play-functional_2.11/jars/play-functional_2.11-2.5.12.jar, /Users/brionsilva/.ivy2/cache/com.typesafe.play/play-datacommons_2.11/jars/play-datacommons_2.11-2.5.12.jar, /Users/brionsilva/.ivy2/cache/joda-time/joda-time/jars/joda-time-2.9.6.jar, /Users/brionsilva/Desktop/IIT/SDGP/Play/repository/org.joda/joda-convert/1.8.1/jars/joda-convert.jar, /Users/brionsilva/Desktop/IIT/SDGP/Play/repository/org.scala-lang/scala-reflect/2.11.7/jars/scala-reflect.jar, /Users/brionsilva/.ivy2/cache/com.fasterxml.jackson.core/jackson-core/bundles/jackson-core-2.7.8.jar, /Users/brionsilva/.ivy2/cache/com.fasterxml.jackson.core/jackson-annotations/bundles/jackson-annotations-2.7.8.jar, /Users/brionsilva/.ivy2/cache/com.fasterxml.jackson.core/jackson-databind/bundles/jackson-databind-2.7.8.jar, /Users/brionsilva/.ivy2/cache/com.fasterxml.jackson.datatype/jackson-datatype-jdk8/bundles/jackson-datatype-jdk8-2.7.8.jar, /Users/brionsilva/.ivy2/cache/com.fasterxml.jackson.datatype/jackson-datatype-jsr310/bundles/jackson-datatype-jsr310-2.7.8.jar, /Users/brionsilva/.ivy2/cache/com.typesafe.play/play-netty-utils/jars/play-netty-utils-2.5.12.jar, /Users/brionsilva/Desktop/IIT/SDGP/Play/repository/org.slf4j/slf4j-api/1.7.21/jars/slf4j-api.jar, /Users/brionsilva/Desktop/IIT/SDGP/Play/repository/org.slf4j/jul-to-slf4j/1.7.21/jars/jul-to-slf4j.jar, /Users/brionsilva/Desktop/IIT/SDGP/Play/repository/org.slf4j/jcl-over-slf4j/1.7.21/jars/jcl-over-slf4j.jar, /Users/brionsilva/.ivy2/cache/com.typesafe.play/play-streams_2.11/jars/play-streams_2.11-2.5.12.jar, /Users/brionsilva/Desktop/IIT/SDGP/Play/repository/org.reactivestreams/reactive-streams/1.0.0/jars/reactive-streams.jar, /Users/brionsilva/.ivy2/cache/com.typesafe.akka/akka-stream_2.11/jars/akka-stream_2.11-2.4.14.jar, /Users/brionsilva/.ivy2/cache/com.typesafe.akka/akka-actor_2.11/jars/akka-actor_2.11-2.4.14.jar, /Users/brionsilva/Desktop/IIT/SDGP/Play/repository/org.scala-lang.modules/scala-java8-compat_2.11/0.7.0/bundles/scala-java8-compat_2.11.jar, /Users/brionsilva/Desktop/IIT/SDGP/Play/repository/com.typesafe/ssl-config-core_2.11/0.2.1/bundles/ssl-config-core_2.11.jar, /Users/brionsilva/.ivy2/cache/org.scala-lang.modules/scala-parser-combinators_2.11/bundles/scala-parser-combinators_2.11-1.0.4.jar, /Users/brionsilva/.ivy2/cache/com.typesafe.akka/akka-slf4j_2.11/jars/akka-slf4j_2.11-2.4.14.jar, /Users/brionsilva/Desktop/IIT/SDGP/Play/repository/commons-codec/commons-codec/1.10/jars/commons-codec.jar, /Users/brionsilva/.ivy2/cache/xerces/xercesImpl/jars/xercesImpl-2.11.0.jar, /Users/brionsilva/.ivy2/cache/xml-apis/xml-apis/jars/xml-apis-1.4.01.jar, /Users/brionsilva/.ivy2/cache/javax.transaction/jta/jars/jta-1.1.jar, /Users/brionsilva/Desktop/IIT/SDGP/Play/repository/com.google.inject/guice/4.0/jars/guice.jar, /Users/brionsilva/Desktop/IIT/SDGP/Play/repository/javax.inject/javax.inject/1/jars/javax.inject.jar, /Users/brionsilva/Desktop/IIT/SDGP/Play/repository/aopalliance/aopalliance/1.0/jars/aopalliance.jar, /Users/brionsilva/Desktop/IIT/SDGP/Play/repository/com.google.inject.extensions/guice-assistedinject/4.0/jars/guice-assistedinject.jar, /Users/brionsilva/.ivy2/cache/com.typesafe.play/play-java_2.11/jars/play-java_2.11-2.5.12.jar, /Users/brionsilva/Desktop/IIT/SDGP/Play/repository/org.yaml/snakeyaml/1.16/bundles/snakeyaml.jar, /Users/brionsilva/Desktop/IIT/SDGP/Play/repository/org.hibernate/hibernate-validator/5.2.4.Final/jars/hibernate-validator.jar, /Users/brionsilva/Desktop/IIT/SDGP/Play/repository/javax.validation/validation-api/1.1.0.Final/jars/validation-api.jar, /Users/brionsilva/Desktop/IIT/SDGP/Play/repository/javax.el/javax.el-api/3.0.0/jars/javax.el-api.jar, /Users/brionsilva/Desktop/IIT/SDGP/Play/repository/org.springframework/spring-context/4.2.7.RELEASE/jars/spring-context.jar, /Users/brionsilva/Desktop/IIT/SDGP/Play/repository/org.springframework/spring-core/4.2.7.RELEASE/jars/spring-core.jar, /Users/brionsilva/Desktop/IIT/SDGP/Play/repository/org.springframework/spring-beans/4.2.7.RELEASE/jars/spring-beans.jar, /Users/brionsilva/Desktop/IIT/SDGP/Play/repository/org.reflections/reflections/0.9.10/jars/reflections.jar, /Users/brionsilva/Desktop/IIT/SDGP/Play/repository/com.google.guava/guava/19.0/bundles/guava.jar, /Users/brionsilva/Desktop/IIT/SDGP/Play/repository/net.jodah/typetools/0.4.4/bundles/typetools.jar, /Users/brionsilva/Desktop/IIT/SDGP/Play/repository/com.google.code.findbugs/jsr305/3.0.1/jars/jsr305.jar, /Users/brionsilva/Desktop/IIT/SDGP/Play/repository/org.apache.tomcat/tomcat-servlet-api/8.0.33/jars/tomcat-servlet-api.jar, /Users/brionsilva/.ivy2/cache/com.typesafe.play/play-netty-server_2.11/jars/play-netty-server_2.11-2.5.12.jar, /Users/brionsilva/Desktop/IIT/SDGP/Play/repository/com.typesafe.netty/netty-reactive-streams-http/1.0.8/jars/netty-reactive-streams-http.jar, /Users/brionsilva/Desktop/IIT/SDGP/Play/repository/com.typesafe.netty/netty-reactive-streams/1.0.8/jars/netty-reactive-streams.jar, /Users/brionsilva/Desktop/IIT/SDGP/Play/repository/io.netty/netty-handler/4.0.41.Final/jars/netty-handler.jar, /Users/brionsilva/Desktop/IIT/SDGP/Play/repository/io.netty/netty-buffer/4.0.41.Final/jars/netty-buffer.jar, /Users/brionsilva/Desktop/IIT/SDGP/Play/repository/io.netty/netty-common/4.0.41.Final/jars/netty-common.jar, /Users/brionsilva/Desktop/IIT/SDGP/Play/repository/io.netty/netty-transport/4.0.41.Final/jars/netty-transport.jar, /Users/brionsilva/Desktop/IIT/SDGP/Play/repository/io.netty/netty-codec/4.0.41.Final/jars/netty-codec.jar, /Users/brionsilva/Desktop/IIT/SDGP/Play/repository/io.netty/netty-codec-http/4.0.41.Final/jars/netty-codec-http.jar, /Users/brionsilva/Desktop/IIT/SDGP/Play/repository/io.netty/netty-transport-native-epoll/4.0.41.Final/jars/netty-transport-native-epoll-linux-x86_64.jar, /Users/brionsilva/.ivy2/cache/com.typesafe.play/play-logback_2.11/jars/play-logback_2.11-2.5.12.jar, /Users/brionsilva/Desktop/IIT/SDGP/Play/repository/ch.qos.logback/logback-classic/1.1.7/jars/logback-classic.jar, /Users/brionsilva/Desktop/IIT/SDGP/Play/repository/ch.qos.logback/logback-core/1.1.7/jars/logback-core.jar, /Users/brionsilva/.ivy2/cache/com.typesafe.play/play-java-jpa_2.11/jars/play-java-jpa_2.11-2.5.12.jar, /Users/brionsilva/.ivy2/cache/com.typesafe.play/play-java-jdbc_2.11/jars/play-java-jdbc_2.11-2.5.12.jar, /Users/brionsilva/.ivy2/cache/com.typesafe.play/play-jdbc_2.11/jars/play-jdbc_2.11-2.5.12.jar, /Users/brionsilva/.ivy2/cache/com.typesafe.play/play-jdbc-api_2.11/jars/play-jdbc-api_2.11-2.5.12.jar, /Users/brionsilva/Desktop/IIT/SDGP/Play/repository/com.jolbox/bonecp/0.8.0.RELEASE/bundles/bonecp.jar, /Users/brionsilva/Desktop/IIT/SDGP/Play/repository/com.zaxxer/HikariCP/2.5.1/bundles/HikariCP.jar, /Users/brionsilva/Desktop/IIT/SDGP/Play/repository/com.googlecode.usc/jdbcdslog/1.0.6.2/jars/jdbcdslog.jar, /Users/brionsilva/Desktop/IIT/SDGP/Play/repository/com.h2database/h2/1.4.192/jars/h2.jar, /Users/brionsilva/Desktop/IIT/SDGP/Play/repository/tyrex/tyrex/1.0.1/jars/tyrex.jar, /Users/brionsilva/.ivy2/cache/org.hibernate.javax.persistence/hibernate-jpa-2.1-api/jars/hibernate-jpa-2.1-api-1.0.0.Final.jar, /Users/brionsilva/.ivy2/cache/org.mockito/mockito-core/jars/mockito-core-2.1.0.jar, /Users/brionsilva/.ivy2/cache/net.bytebuddy/byte-buddy/jars/byte-buddy-1.4.26.jar, /Users/brionsilva/.ivy2/cache/net.bytebuddy/byte-buddy-agent/bundles/byte-buddy-agent-1.4.26.jar, /Users/brionsilva/.ivy2/cache/org.objenesis/objenesis/jars/objenesis-2.4.jar, /Users/brionsilva/.ivy2/cache/org.hibernate/hibernate-core/jars/hibernate-core-5.2.5.Final.jar, /Users/brionsilva/.ivy2/cache/org.jboss.logging/jboss-logging/jars/jboss-logging-3.3.0.Final.jar, /Users/brionsilva/Desktop/IIT/SDGP/Play/repository/org.javassist/javassist/3.20.0-GA/bundles/javassist.jar, /Users/brionsilva/.ivy2/cache/antlr/antlr/jars/antlr-2.7.7.jar, /Users/brionsilva/.ivy2/cache/org.apache.geronimo.specs/geronimo-jta_1.1_spec/jars/geronimo-jta_1.1_spec-1.1.1.jar, /Users/brionsilva/.ivy2/cache/org.jboss/jandex/bundles/jandex-2.0.3.Final.jar, /Users/brionsilva/.ivy2/cache/com.fasterxml/classmate/bundles/classmate-1.3.0.jar, /Users/brionsilva/.ivy2/cache/dom4j/dom4j/jars/dom4j-1.6.1.jar, /Users/brionsilva/.ivy2/cache/org.hibernate.common/hibernate-commons-annotations/jars/hibernate-commons-annotations-5.0.1.Final.jar, /Users/brionsilva/.ivy2/cache/javax.enterprise/cdi-api/jars/cdi-api-1.1.jar, /Users/brionsilva/.ivy2/cache/javax.el/el-api/jars/el-api-2.2.jar, /Users/brionsilva/.ivy2/cache/org.jboss.spec.javax.interceptor/jboss-interceptors-api_1.1_spec/jars/jboss-interceptors-api_1.1_spec-1.0.0.Beta1.jar, /Users/brionsilva/Desktop/IIT/SDGP/Play/repository/javax.annotation/jsr250-api/1.0/jars/jsr250-api.jar, /Users/brionsilva/.ivy2/cache/org.hibernate/hibernate-entitymanager/jars/hibernate-entitymanager-5.1.0.Final.jar),List((public/,/Users/brionsilva/Desktop/IIT/SDGP/Play Projects/play-java/target/web/public/main)),List(/Users/brionsilva/.ivy2/cache/com.typesafe.play/play-omnidoc_2.11/jars/play-omnidoc_2.11-2.5.12.jar, /Users/brionsilva/Desktop/IIT/SDGP/Play/repository/org.scala-lang/scala-library/2.11.7/jars/scala-library.jar, /Users/brionsilva/.ivy2/cache/com.typesafe.play/play-docs_2.11/jars/play-docs_2.11-2.5.12.jar, /Users/brionsilva/.ivy2/cache/com.typesafe.play/play-netty-server_2.11/jars/play-netty-server_2.11-2.5.12.jar, /Users/brionsilva/.ivy2/cache/com.typesafe.play/play-server_2.11/jars/play-server_2.11-2.5.12.jar, /Users/brionsilva/.ivy2/cache/com.typesafe.play/play_2.11/jars/play_2.11-2.5.12.jar, /Users/brionsilva/.ivy2/cache/com.typesafe.play/build-link/jars/build-link-2.5.12.jar, /Users/brionsilva/.ivy2/cache/com.typesafe.play/play-exceptions/jars/play-exceptions-2.5.12.jar, /Users/brionsilva/.ivy2/cache/com.typesafe.play/play-iteratees_2.11/jars/play-iteratees_2.11-2.5.12.jar, /Users/brionsilva/.ivy2/cache/org.scala-stm/scala-stm_2.11/jars/scala-stm_2.11-0.7.jar, /Users/brionsilva/Desktop/IIT/SDGP/Play/repository/com.typesafe/config/1.3.0/bundles/config.jar, /Users/brionsilva/.ivy2/cache/com.typesafe.play/play-json_2.11/jars/play-json_2.11-2.5.12.jar, /Users/brionsilva/.ivy2/cache/com.typesafe.play/play-functional_2.11/jars/play-functional_2.11-2.5.12.jar, /Users/brionsilva/.ivy2/cache/com.typesafe.play/play-datacommons_2.11/jars/play-datacommons_2.11-2.5.12.jar, /Users/brionsilva/.ivy2/cache/joda-time/joda-time/jars/joda-time-2.9.6.jar, /Users/brionsilva/Desktop/IIT/SDGP/Play/repository/org.joda/joda-convert/1.8.1/jars/joda-convert.jar, /Users/brionsilva/Desktop/IIT/SDGP/Play/repository/org.scala-lang/scala-reflect/2.11.7/jars/scala-reflect.jar, /Users/brionsilva/.ivy2/cache/com.fasterxml.jackson.core/jackson-core/bundles/jackson-core-2.7.8.jar, /Users/brionsilva/.ivy2/cache/com.fasterxml.jackson.core/jackson-annotations/bundles/jackson-annotations-2.7.8.jar, /Users/brionsilva/.ivy2/cache/com.fasterxml.jackson.core/jackson-databind/bundles/jackson-databind-2.7.8.jar, /Users/brionsilva/.ivy2/cache/com.fasterxml.jackson.datatype/jackson-datatype-jdk8/bundles/jackson-datatype-jdk8-2.7.8.jar, /Users/brionsilva/.ivy2/cache/com.fasterxml.jackson.datatype/jackson-datatype-jsr310/bundles/jackson-datatype-jsr310-2.7.8.jar, /Users/brionsilva/.ivy2/cache/com.typesafe.play/play-netty-utils/jars/play-netty-utils-2.5.12.jar, /Users/brionsilva/Desktop/IIT/SDGP/Play/repository/org.slf4j/slf4j-api/1.7.21/jars/slf4j-api.jar, /Users/brionsilva/Desktop/IIT/SDGP/Play/repository/org.slf4j/jul-to-slf4j/1.7.21/jars/jul-to-slf4j.jar, /Users/brionsilva/Desktop/IIT/SDGP/Play/repository/org.slf4j/jcl-over-slf4j/1.7.21/jars/jcl-over-slf4j.jar, /Users/brionsilva/.ivy2/cache/com.typesafe.play/play-streams_2.11/jars/play-streams_2.11-2.5.12.jar, /Users/brionsilva/Desktop/IIT/SDGP/Play/repository/org.reactivestreams/reactive-streams/1.0.0/jars/reactive-streams.jar, /Users/brionsilva/.ivy2/cache/com.typesafe.akka/akka-stream_2.11/jars/akka-stream_2.11-2.4.14.jar, /Users/brionsilva/.ivy2/cache/com.typesafe.akka/akka-actor_2.11/jars/akka-actor_2.11-2.4.14.jar, /Users/brionsilva/Desktop/IIT/SDGP/Play/repository/org.scala-lang.modules/scala-java8-compat_2.11/0.7.0/bundles/scala-java8-compat_2.11.jar, /Users/brionsilva/Desktop/IIT/SDGP/Play/repository/com.typesafe/ssl-config-core_2.11/0.2.1/bundles/ssl-config-core_2.11.jar, /Users/brionsilva/.ivy2/cache/org.scala-lang.modules/scala-parser-combinators_2.11/bundles/scala-parser-combinators_2.11-1.0.4.jar, /Users/brionsilva/Desktop/IIT/SDGP/Play/repository/com.typesafe.play/twirl-api_2.11/1.1.1/jars/twirl-api_2.11.jar, /Users/brionsilva/Desktop/IIT/SDGP/Play/repository/org.apache.commons/commons-lang3/3.4/jars/commons-lang3.jar, /Users/brionsilva/.ivy2/cache/org.scala-lang.modules/scala-xml_2.11/bundles/scala-xml_2.11-1.0.1.jar, /Users/brionsilva/.ivy2/cache/com.typesafe.akka/akka-slf4j_2.11/jars/akka-slf4j_2.11-2.4.14.jar, /Users/brionsilva/Desktop/IIT/SDGP/Play/repository/commons-codec/commons-codec/1.10/jars/commons-codec.jar, /Users/brionsilva/.ivy2/cache/xerces/xercesImpl/jars/xercesImpl-2.11.0.jar, /Users/brionsilva/.ivy2/cache/xml-apis/xml-apis/jars/xml-apis-1.4.01.jar, /Users/brionsilva/.ivy2/cache/javax.transaction/jta/jars/jta-1.1.jar, /Users/brionsilva/Desktop/IIT/SDGP/Play/repository/com.google.inject/guice/4.0/jars/guice.jar, /Users/brionsilva/Desktop/IIT/SDGP/Play/repository/javax.inject/javax.inject/1/jars/javax.inject.jar, /Users/brionsilva/Desktop/IIT/SDGP/Play/repository/aopalliance/aopalliance/1.0/jars/aopalliance.jar, /Users/brionsilva/.ivy2/cache/com.google.guava/guava/bundles/guava-16.0.1.jar, /Users/brionsilva/Desktop/IIT/SDGP/Play/repository/com.google.inject.extensions/guice-assistedinject/4.0/jars/guice-assistedinject.jar, /Users/brionsilva/Desktop/IIT/SDGP/Play/repository/com.typesafe.netty/netty-reactive-streams-http/1.0.8/jars/netty-reactive-streams-http.jar, /Users/brionsilva/Desktop/IIT/SDGP/Play/repository/com.typesafe.netty/netty-reactive-streams/1.0.8/jars/netty-reactive-streams.jar, /Users/brionsilva/Desktop/IIT/SDGP/Play/repository/io.netty/netty-handler/4.0.41.Final/jars/netty-handler.jar, /Users/brionsilva/Desktop/IIT/SDGP/Play/repository/io.netty/netty-buffer/4.0.41.Final/jars/netty-buffer.jar, /Users/brionsilva/Desktop/IIT/SDGP/Play/repository/io.netty/netty-common/4.0.41.Final/jars/netty-common.jar, /Users/brionsilva/Desktop/IIT/SDGP/Play/repository/io.netty/netty-transport/4.0.41.Final/jars/netty-transport.jar, /Users/brionsilva/Desktop/IIT/SDGP/Play/repository/io.netty/netty-codec/4.0.41.Final/jars/netty-codec.jar, /Users/brionsilva/Desktop/IIT/SDGP/Play/repository/io.netty/netty-codec-http/4.0.41.Final/jars/netty-codec-http.jar, /Users/brionsilva/Desktop/IIT/SDGP/Play/repository/io.netty/netty-transport-native-epoll/4.0.41.Final/jars/netty-transport-native-epoll-linux-x86_64.jar, /Users/brionsilva/Desktop/IIT/SDGP/Play/repository/com.typesafe.play/play-doc_2.11/1.2.2/jars/play-doc_2.11.jar, /Users/brionsilva/Desktop/IIT/SDGP/Play/repository/org.pegdown/pegdown/1.4.0/jars/pegdown.jar, /Users/brionsilva/Desktop/IIT/SDGP/Play/repository/org.parboiled/parboiled-java/1.1.5/bundles/parboiled-java.jar, /Users/brionsilva/Desktop/IIT/SDGP/Play/repository/org.parboiled/parboiled-core/1.1.5/bundles/parboiled-core.jar, /Users/brionsilva/Desktop/IIT/SDGP/Play/repository/org.ow2.asm/asm/4.1/jars/asm.jar, /Users/brionsilva/Desktop/IIT/SDGP/Play/repository/org.ow2.asm/asm-tree/4.1/jars/asm-tree.jar, /Users/brionsilva/Desktop/IIT/SDGP/Play/repository/org.ow2.asm/asm-analysis/4.1/jars/asm-analysis.jar, /Users/brionsilva/Desktop/IIT/SDGP/Play/repository/org.ow2.asm/asm-util/4.1/jars/asm-util.jar, /Users/brionsilva/Desktop/IIT/SDGP/Play/repository/commons-io/commons-io/2.4/jars/commons-io.jar),Some(/Users/brionsilva/.ivy2/cache/com.typesafe.play/play-omnidoc_2.11/jars/play-omnidoc_2.11-2.5.12.jar),List(),9000,0.0.0.0,DefaultWatchService,List(/Users/brionsilva/Desktop/IIT/SDGP/Play Projects/play-java/public, /Users/brionsilva/Desktop/IIT/SDGP/Play Projects/play-java/conf, /Users/brionsilva/Desktop/IIT/SDGP/Play Projects/play-java/app),/Users/brionsilva/Desktop/IIT/SDGP/Play Projects/play-java/target,500,root/playForkNotifyStart,root/playForkReload,300000,play.core.server.DevServerStart),scala.pickling.PicklerUnpickler$DelegatingPicklerUnpickler@78582c31),ForkConfig(/Users/brionsilva/Desktop/IIT/SDGP/Play Projects/play-java,List(-Djna.nosys=true),List(/Users/brionsilva/Desktop/IIT/SDGP/Play Projects/play-java/lib/javax.annotation.jar, /Users/brionsilva/Desktop/IIT/SDGP/Play Projects/play-java/lib/javax.ejb.jar, /Users/brionsilva/Desktop/IIT/SDGP/Play Projects/play-java/lib/javax.jms.jar, /Users/brionsilva/Desktop/IIT/SDGP/Play Projects/play-java/lib/javax.persistence.jar, /Users/brionsilva/Desktop/IIT/SDGP/Play Projects/play-java/lib/javax.resource.jar, /Users/brionsilva/Desktop/IIT/SDGP/Play Projects/play-java/lib/javax.servlet.jsp.jar, /Users/brionsilva/Desktop/IIT/SDGP/Play Projects/play-java/lib/javax.servlet.jsp.jstl.jar, /Users/brionsilva/.ivy2/cache/org.scala-lang/scala-library/jars/scala-library-2.11.8.jar, /Users/brionsilva/Desktop/IIT/SDGP/Play/repository/com.typesafe.play/twirl-api_2.11/1.1.1/jars/twirl-api_2.11.jar, /Users/brionsilva/Desktop/IIT/SDGP/Play/repository/org.apache.commons/commons-lang3/3.4/jars/commons-lang3.jar, /Users/brionsilva/.ivy2/cache/org.scala-lang.modules/scala-xml_2.11/bundles/scala-xml_2.11-1.0.1.jar, /Users/brionsilva/Desktop/IIT/SDGP/Play/repository/com.typesafe.play/play-enhancer/1.1.0/jars/play-enhancer.jar, /Users/brionsilva/.ivy2/cache/com.typesafe.play/play-server_2.11/jars/play-server_2.11-2.5.12.jar, /Users/brionsilva/.ivy2/cache/com.typesafe.play/play_2.11/jars/play_2.11-2.5.12.jar, /Users/brionsilva/.ivy2/cache/com.typesafe.play/build-link/jars/build-link-2.5.12.jar, /Users/brionsilva/.ivy2/cache/com.typesafe.play/play-exceptions/jars/play-exceptions-2.5.12.jar, /Users/brionsilva/.ivy2/cache/com.typesafe.play/play-iteratees_2.11/jars/play-iteratees_2.11-2.5.12.jar, /Users/brionsilva/.ivy2/cache/org.scala-stm/scala-stm_2.11/jars/scala-stm_2.11-0.7.jar, /Users/brionsilva/Desktop/IIT/SDGP/Play/repository/com.typesafe/config/1.3.0/bundles/config.jar, /Users/brionsilva/.ivy2/cache/com.typesafe.play/play-json_2.11/jars/play-json_2.11-2.5.12.jar, /Users/brionsilva/.ivy2/cache/com.typesafe.play/play-functional_2.11/jars/play-functional_2.11-2.5.12.jar, /Users/brionsilva/.ivy2/cache/com.typesafe.play/play-datacommons_2.11/jars/play-datacommons_2.11-2.5.12.jar, /Users/brionsilva/.ivy2/cache/joda-time/joda-time/jars/joda-time-2.9.6.jar, /Users/brionsilva/Desktop/IIT/SDGP/Play/repository/org.joda/joda-convert/1.8.1/jars/joda-convert.jar, /Users/brionsilva/Desktop/IIT/SDGP/Play/repository/org.scala-lang/scala-reflect/2.11.7/jars/scala-reflect.jar, /Users/brionsilva/.ivy2/cache/com.fasterxml.jackson.core/jackson-core/bundles/jackson-core-2.7.8.jar, /Users/brionsilva/.ivy2/cache/com.fasterxml.jackson.core/jackson-annotations/bundles/jackson-annotations-2.7.8.jar, /Users/brionsilva/.ivy2/cache/com.fasterxml.jackson.core/jackson-databind/bundles/jackson-databind-2.7.8.jar, /Users/brionsilva/.ivy2/cache/com.fasterxml.jackson.datatype/jackson-datatype-jdk8/bundles/jackson-datatype-jdk8-2.7.8.jar, /Users/brionsilva/.ivy2/cache/com.fasterxml.jackson.datatype/jackson-datatype-jsr310/bundles/jackson-datatype-jsr310-2.7.8.jar, /Users/brionsilva/.ivy2/cache/com.typesafe.play/play-netty-utils/jars/play-netty-utils-2.5.12.jar, /Users/brionsilva/Desktop/IIT/SDGP/Play/repository/org.slf4j/slf4j-api/1.7.21/jars/slf4j-api.jar, /Users/brionsilva/Desktop/IIT/SDGP/Play/repository/org.slf4j/jul-to-slf4j/1.7.21/jars/jul-to-slf4j.jar, /Users/brionsilva/Desktop/IIT/SDGP/Play/repository/org.slf4j/jcl-over-slf4j/1.7.21/jars/jcl-over-slf4j.jar, /Users/brionsilva/.ivy2/cache/com.typesafe.play/play-streams_2.11/jars/play-streams_2.11-2.5.12.jar, /Users/brionsilva/Desktop/IIT/SDGP/Play/repository/org.reactivestreams/reactive-streams/1.0.0/jars/reactive-streams.jar, /Users/brionsilva/.ivy2/cache/com.typesafe.akka/akka-stream_2.11/jars/akka-stream_2.11-2.4.14.jar, /Users/brionsilva/.ivy2/cache/com.typesafe.akka/akka-actor_2.11/jars/akka-actor_2.11-2.4.14.jar, /Users/brionsilva/Desktop/IIT/SDGP/Play/repository/org.scala-lang.modules/scala-java8-compat_2.11/0.7.0/bundles/scala-java8-compat_2.11.jar, /Users/brionsilva/Desktop/IIT/SDGP/Play/repository/com.typesafe/ssl-config-core_2.11/0.2.1/bundles/ssl-config-core_2.11.jar, /Users/brionsilva/.ivy2/cache/org.scala-lang.modules/scala-parser-combinators_2.11/bundles/scala-parser-combinators_2.11-1.0.4.jar, /Users/brionsilva/.ivy2/cache/com.typesafe.akka/akka-slf4j_2.11/jars/akka-slf4j_2.11-2.4.14.jar, /Users/brionsilva/Desktop/IIT/SDGP/Play/repository/commons-codec/commons-codec/1.10/jars/commons-codec.jar, /Users/brionsilva/.ivy2/cache/xerces/xercesImpl/jars/xercesImpl-2.11.0.jar, /Users/brionsilva/.ivy2/cache/xml-apis/xml-apis/jars/xml-apis-1.4.01.jar, /Users/brionsilva/.ivy2/cache/javax.transaction/jta/jars/jta-1.1.jar, /Users/brionsilva/Desktop/IIT/SDGP/Play/repository/com.google.inject/guice/4.0/jars/guice.jar, /Users/brionsilva/Desktop/IIT/SDGP/Play/repository/javax.inject/javax.inject/1/jars/javax.inject.jar, /Users/brionsilva/Desktop/IIT/SDGP/Play/repository/aopalliance/aopalliance/1.0/jars/aopalliance.jar, /Users/brionsilva/Desktop/IIT/SDGP/Play/repository/com.google.inject.extensions/guice-assistedinject/4.0/jars/guice-assistedinject.jar, /Users/brionsilva/.ivy2/cache/com.typesafe.play/play-java_2.11/jars/play-java_2.11-2.5.12.jar, /Users/brionsilva/Desktop/IIT/SDGP/Play/repository/org.yaml/snakeyaml/1.16/bundles/snakeyaml.jar, /Users/brionsilva/Desktop/IIT/SDGP/Play/repository/org.hibernate/hibernate-validator/5.2.4.Final/jars/hibernate-validator.jar, /Users/brionsilva/Desktop/IIT/SDGP/Play/repository/javax.validation/validation-api/1.1.0.Final/jars/validation-api.jar, /Users/brionsilva/Desktop/IIT/SDGP/Play/repository/javax.el/javax.el-api/3.0.0/jars/javax.el-api.jar, /Users/brionsilva/Desktop/IIT/SDGP/Play/repository/org.springframework/spring-context/4.2.7.RELEASE/jars/spring-context.jar, /Users/brionsilva/Desktop/IIT/SDGP/Play/repository/org.springframework/spring-core/4.2.7.RELEASE/jars/spring-core.jar, /Users/brionsilva/Desktop/IIT/SDGP/Play/repository/org.springframework/spring-beans/4.2.7.RELEASE/jars/spring-beans.jar, /Users/brionsilva/Desktop/IIT/SDGP/Play/repository/org.reflections/reflections/0.9.10/jars/reflections.jar, /Users/brionsilva/Desktop/IIT/SDGP/Play/repository/com.google.guava/guava/19.0/bundles/guava.jar, /Users/brionsilva/Desktop/IIT/SDGP/Play/repository/net.jodah/typetools/0.4.4/bundles/typetools.jar, /Users/brionsilva/Desktop/IIT/SDGP/Play/repository/com.google.code.findbugs/jsr305/3.0.1/jars/jsr305.jar, /Users/brionsilva/Desktop/IIT/SDGP/Play/repository/org.apache.tomcat/tomcat-servlet-api/8.0.33/jars/tomcat-servlet-api.jar, /Users/brionsilva/.ivy2/cache/com.typesafe.play/play-netty-server_2.11/jars/play-netty-server_2.11-2.5.12.jar, /Users/brionsilva/Desktop/IIT/SDGP/Play/repository/com.typesafe.netty/netty-reactive-streams-http/1.0.8/jars/netty-reactive-streams-http.jar, /Users/brionsilva/Desktop/IIT/SDGP/Play/repository/com.typesafe.netty/netty-reactive-streams/1.0.8/jars/netty-reactive-streams.jar, /Users/brionsilva/Desktop/IIT/SDGP/Play/repository/io.netty/netty-handler/4.0.41.Final/jars/netty-handler.jar, /Users/brionsilva/Desktop/IIT/SDGP/Play/repository/io.netty/netty-buffer/4.0.41.Final/jars/netty-buffer.jar, /Users/brionsilva/Desktop/IIT/SDGP/Play/repository/io.netty/netty-common/4.0.41.Final/jars/netty-common.jar, /Users/brionsilva/Desktop/IIT/SDGP/Play/repository/io.netty/netty-transport/4.0.41.Final/jars/netty-transport.jar, /Users/brionsilva/Desktop/IIT/SDGP/Play/repository/io.netty/netty-codec/4.0.41.Final/jars/netty-codec.jar, /Users/brionsilva/Desktop/IIT/SDGP/Play/repository/io.netty/netty-codec-http/4.0.41.Final/jars/netty-codec-http.jar, /Users/brionsilva/Desktop/IIT/SDGP/Play/repository/io.netty/netty-transport-native-epoll/4.0.41.Final/jars/netty-transport-native-epoll-linux-x86_64.jar, /Users/brionsilva/.ivy2/cache/com.typesafe.play/play-logback_2.11/jars/play-logback_2.11-2.5.12.jar, /Users/brionsilva/Desktop/IIT/SDGP/Play/repository/ch.qos.logback/logback-classic/1.1.7/jars/logback-classic.jar, /Users/brionsilva/Desktop/IIT/SDGP/Play/repository/ch.qos.logback/logback-core/1.1.7/jars/logback-core.jar, /Users/brionsilva/.ivy2/cache/com.typesafe.play/play-java-jpa_2.11/jars/play-java-jpa_2.11-2.5.12.jar, /Users/brionsilva/.ivy2/cache/com.typesafe.play/play-java-jdbc_2.11/jars/play-java-jdbc_2.11-2.5.12.jar, /Users/brionsilva/.ivy2/cache/com.typesafe.play/play-jdbc_2.11/jars/play-jdbc_2.11-2.5.12.jar, /Users/brionsilva/.ivy2/cache/com.typesafe.play/play-jdbc-api_2.11/jars/play-jdbc-api_2.11-2.5.12.jar, /Users/brionsilva/Desktop/IIT/SDGP/Play/repository/com.jolbox/bonecp/0.8.0.RELEASE/bundles/bonecp.jar, /Users/brionsilva/Desktop/IIT/SDGP/Play/repository/com.zaxxer/HikariCP/2.5.1/bundles/HikariCP.jar, /Users/brionsilva/Desktop/IIT/SDGP/Play/repository/com.googlecode.usc/jdbcdslog/1.0.6.2/jars/jdbcdslog.jar, /Users/brionsilva/Desktop/IIT/SDGP/Play/repository/com.h2database/h2/1.4.192/jars/h2.jar, /Users/brionsilva/Desktop/IIT/SDGP/Play/repository/tyrex/tyrex/1.0.1/jars/tyrex.jar, /Users/brionsilva/.ivy2/cache/org.hibernate.javax.persistence/hibernate-jpa-2.1-api/jars/hibernate-jpa-2.1-api-1.0.0.Final.jar, /Users/brionsilva/.ivy2/cache/org.mockito/mockito-core/jars/mockito-core-2.1.0.jar, /Users/brionsilva/.ivy2/cache/net.bytebuddy/byte-buddy/jars/byte-buddy-1.4.26.jar, /Users/brionsilva/.ivy2/cache/net.bytebuddy/byte-buddy-agent/bundles/byte-buddy-agent-1.4.26.jar, /Users/brionsilva/.ivy2/cache/org.objenesis/objenesis/jars/objenesis-2.4.jar, /Users/brionsilva/.ivy2/cache/org.hibernate/hibernate-core/jars/hibernate-core-5.2.5.Final.jar, /Users/brionsilva/.ivy2/cache/org.jboss.logging/jboss-logging/jars/jboss-logging-3.3.0.Final.jar, /Users/brionsilva/Desktop/IIT/SDGP/Play/repository/org.javassist/javassist/3.20.0-GA/bundles/javassist.jar, /Users/brionsilva/.ivy2/cache/antlr/antlr/jars/antlr-2.7.7.jar, /Users/brionsilva/.ivy2/cache/org.apache.geronimo.specs/geronimo-jta_1.1_spec/jars/geronimo-jta_1.1_spec-1.1.1.jar, /Users/brionsilva/.ivy2/cache/org.jboss/jandex/bundles/jandex-2.0.3.Final.jar, /Users/brionsilva/.ivy2/cache/com.fasterxml/classmate/bundles/classmate-1.3.0.jar, /Users/brionsilva/.ivy2/cache/dom4j/dom4j/jars/dom4j-1.6.1.jar, /Users/brionsilva/.ivy2/cache/org.hibernate.common/hibernate-commons-annotations/jars/hibernate-commons-annotations-5.0.1.Final.jar, /Users/brionsilva/.ivy2/cache/javax.enterprise/cdi-api/jars/cdi-api-1.1.jar, /Users/brionsilva/.ivy2/cache/javax.el/el-api/jars/el-api-2.2.jar, /Users/brionsilva/.ivy2/cache/org.jboss.spec.javax.interceptor/jboss-interceptors-api_1.1_spec/jars/jboss-interceptors-api_1.1_spec-1.0.0.Beta1.jar, /Users/brionsilva/Desktop/IIT/SDGP/Play/repository/javax.annotation/jsr250-api/1.0/jars/jsr250-api.jar, /Users/brionsilva/.ivy2/cache/org.hibernate/hibernate-entitymanager/jars/hibernate-entitymanager-5.1.0.Final.jar),List((public/,/Users/brionsilva/Desktop/IIT/SDGP/Play Projects/play-java/target/web/public/main)),List(/Users/brionsilva/.ivy2/cache/com.typesafe.play/play-omnidoc_2.11/jars/play-omnidoc_2.11-2.5.12.jar, /Users/brionsilva/Desktop/IIT/SDGP/Play/repository/org.scala-lang/scala-library/2.11.7/jars/scala-library.jar, /Users/brionsilva/.ivy2/cache/com.typesafe.play/play-docs_2.11/jars/play-docs_2.11-2.5.12.jar, /Users/brionsilva/.ivy2/cache/com.typesafe.play/play-netty-server_2.11/jars/play-netty-server_2.11-2.5.12.jar, /Users/brionsilva/.ivy2/cache/com.typesafe.play/play-server_2.11/jars/play-server_2.11-2.5.12.jar, /Users/brionsilva/.ivy2/cache/com.typesafe.play/play_2.11/jars/play_2.11-2.5.12.jar, /Users/brionsilva/.ivy2/cache/com.typesafe.play/build-link/jars/build-link-2.5.12.jar, /Users/brionsilva/.ivy2/cache/com.typesafe.play/play-exceptions/jars/play-exceptions-2.5.12.jar, /Users/brionsilva/.ivy2/cache/com.typesafe.play/play-iteratees_2.11/jars/play-iteratees_2.11-2.5.12.jar, /Users/brionsilva/.ivy2/cache/org.scala-stm/scala-stm_2.11/jars/scala-stm_2.11-0.7.jar, /Users/brionsilva/Desktop/IIT/SDGP/Play/repository/com.typesafe/config/1.3.0/bundles/config.jar, /Users/brionsilva/.ivy2/cache/com.typesafe.play/play-json_2.11/jars/play-json_2.11-2.5.12.jar, /Users/brionsilva/.ivy2/cache/com.typesafe.play/play-functional_2.11/jars/play-functional_2.11-2.5.12.jar, /Users/brionsilva/.ivy2/cache/com.typesafe.play/play-datacommons_2.11/jars/play-datacommons_2.11-2.5.12.jar, /Users/brionsilva/.ivy2/cache/joda-time/joda-time/jars/joda-time-2.9.6.jar, /Users/brionsilva/Desktop/IIT/SDGP/Play/repository/org.joda/joda-convert/1.8.1/jars/joda-convert.jar, /Users/brionsilva/Desktop/IIT/SDGP/Play/repository/org.scala-lang/scala-reflect/2.11.7/jars/scala-reflect.jar, /Users/brionsilva/.ivy2/cache/com.fasterxml.jackson.core/jackson-core/bundles/jackson-core-2.7.8.jar, /Users/brionsilva/.ivy2/cache/com.fasterxml.jackson.core/jackson-annotations/bundles/jackson-annotations-2.7.8.jar, /Users/brionsilva/.ivy2/cache/com.fasterxml.jackson.core/jackson-databind/bundles/jackson-databind-2.7.8.jar, /Users/brionsilva/.ivy2/cache/com.fasterxml.jackson.datatype/jackson-datatype-jdk8/bundles/jackson-datatype-jdk8-2.7.8.jar, /Users/brionsilva/.ivy2/cache/com.fasterxml.jackson.datatype/jackson-datatype-jsr310/bundles/jackson-datatype-jsr310-2.7.8.jar, /Users/brionsilva/.ivy2/cache/com.typesafe.play/play-netty-utils/jars/play-netty-utils-2.5.12.jar, /Users/brionsilva/Desktop/IIT/SDGP/Play/repository/org.slf4j/slf4j-api/1.7.21/jars/slf4j-api.jar, /Users/brionsilva/Desktop/IIT/SDGP/Play/repository/org.slf4j/jul-to-slf4j/1.7.21/jars/jul-to-slf4j.jar, /Users/brionsilva/Desktop/IIT/SDGP/Play/repository/org.slf4j/jcl-over-slf4j/1.7.21/jars/jcl-over-slf4j.jar, /Users/brionsilva/.ivy2/cache/com.typesafe.play/play-streams_2.11/jars/play-streams_2.11-2.5.12.jar, /Users/brionsilva/Desktop/IIT/SDGP/Play/repository/org.reactivestreams/reactive-streams/1.0.0/jars/reactive-streams.jar, /Users/brionsilva/.ivy2/cache/com.typesafe.akka/akka-stream_2.11/jars/akka-stream_2.11-2.4.14.jar, /Users/brionsilva/.ivy2/cache/com.typesafe.akka/akka-actor_2.11/jars/akka-actor_2.11-2.4.14.jar, /Users/brionsilva/Desktop/IIT/SDGP/Play/repository/org.scala-lang.modules/scala-java8-compat_2.11/0.7.0/bundles/scala-java8-compat_2.11.jar, /Users/brionsilva/Desktop/IIT/SDGP/Play/repository/com.typesafe/ssl-config-core_2.11/0.2.1/bundles/ssl-config-core_2.11.jar, /Users/brionsilva/.ivy2/cache/org.scala-lang.modules/scala-parser-combinators_2.11/bundles/scala-parser-combinators_2.11-1.0.4.jar, /Users/brionsilva/Desktop/IIT/SDGP/Play/repository/com.typesafe.play/twirl-api_2.11/1.1.1/jars/twirl-api_2.11.jar, /Users/brionsilva/Desktop/IIT/SDGP/Play/repository/org.apache.commons/commons-lang3/3.4/jars/commons-lang3.jar, /Users/brionsilva/.ivy2/cache/org.scala-lang.modules/scala-xml_2.11/bundles/scala-xml_2.11-1.0.1.jar, /Users/brionsilva/.ivy2/cache/com.typesafe.akka/akka-slf4j_2.11/jars/akka-slf4j_2.11-2.4.14.jar, /Users/brionsilva/Desktop/IIT/SDGP/Play/repository/commons-codec/commons-codec/1.10/jars/commons-codec.jar, /Users/brionsilva/.ivy2/cache/xerces/xercesImpl/jars/xercesImpl-2.11.0.jar, /Users/brionsilva/.ivy2/cache/xml-apis/xml-apis/jars/xml-apis-1.4.01.jar, /Users/brionsilva/.ivy2/cache/javax.transaction/jta/jars/jta-1.1.jar, /Users/brionsilva/Desktop/IIT/SDGP/Play/repository/com.google.inject/guice/4.0/jars/guice.jar, /Users/brionsilva/Desktop/IIT/SDGP/Play/repository/javax.inject/javax.inject/1/jars/javax.inject.jar, /Users/brionsilva/Desktop/IIT/SDGP/Play/repository/aopalliance/aopalliance/1.0/jars/aopalliance.jar, /Users/brionsilva/.ivy2/cache/com.google.guava/guava/bundles/guava-16.0.1.jar, /Users/brionsilva/Desktop/IIT/SDGP/Play/repository/com.google.inject.extensions/guice-assistedinject/4.0/jars/guice-assistedinject.jar, /Users/brionsilva/Desktop/IIT/SDGP/Play/repository/com.typesafe.netty/netty-reactive-streams-http/1.0.8/jars/netty-reactive-streams-http.jar, /Users/brionsilva/Desktop/IIT/SDGP/Play/repository/com.typesafe.netty/netty-reactive-streams/1.0.8/jars/netty-reactive-streams.jar, /Users/brionsilva/Desktop/IIT/SDGP/Play/repository/io.netty/netty-handler/4.0.41.Final/jars/netty-handler.jar, /Users/brionsilva/Desktop/IIT/SDGP/Play/repository/io.netty/netty-buffer/4.0.41.Final/jars/netty-buffer.jar, /Users/brionsilva/Desktop/IIT/SDGP/Play/repository/io.netty/netty-common/4.0.41.Final/jars/netty-common.jar, /Users/brionsilva/Desktop/IIT/SDGP/Play/repository/io.netty/netty-transport/4.0.41.Final/jars/netty-transport.jar, /Users/brionsilva/Desktop/IIT/SDGP/Play/repository/io.netty/netty-codec/4.0.41.Final/jars/netty-codec.jar, /Users/brionsilva/Desktop/IIT/SDGP/Play/repository/io.