New log file opened at Wed Mar 15 02:25:51 IST 2017 by 2658@Brions-MacBook-Pro.local
Sending msg to client play-fork-run-29925472-5010-45f0-ae8a-4d64077d8131: DetachedLogEvent(LogMessage(debug,sbt server socket logs are in: /Users/brionsilva/Desktop/IIT/SDGP/Play Projects/play-java/.sbtserver/connections/master.log))
Sending msg to client play-fork-run-29925472-5010-45f0-ae8a-4d64077d8131: DetachedLogEvent(LogMessage(debug,sbt general server logs are in: /Users/brionsilva/Desktop/IIT/SDGP/Play Projects/play-java/.sbtserver/master.log))
Sending msg to client play-fork-run-29925472-5010-45f0-ae8a-4d64077d8131: DetachedLogEvent(LogMessage(debug,sbt client logs are in: /Users/brionsilva/Desktop/IIT/SDGP/Play Projects/play-java/.sbtserver/connections/play-fork-run-29925472-5010-45f0-ae8a-4d64077d8131.log))
Reading next message from client.
Got request: DaemonRequest(true)
Reading next message from client.
Sending msg to client play-fork-run-29925472-5010-45f0-ae8a-4d64077d8131: (3,ReceivedResponse())
Got request: ListenToEvents()
Reading next message from client.
Sending msg to client play-fork-run-29925472-5010-45f0-ae8a-4d64077d8131: BackgroundJobStarted(209,BackgroundJobInfo(17,backgroundRun,AttributeKey[sbt.BackgroundJobHandle]("backgroundRun") in Scope(Build: file:/Users/brionsilva/Desktop/IIT/SDGP/Play%20Projects/play-java/, , Project: ProjectReference(file:/Users/brionsilva/Desktop/IIT/SDGP/Play%20Projects/play-java/,root), Config: compile)))
Sending msg to client play-fork-run-29925472-5010-45f0-ae8a-4d64077d8131: (4,ReceivedResponse())
Got request: KeyLookupRequest(root/playForkConfig)
Reading next message from client.
Sending msg to client play-fork-run-29925472-5010-45f0-ae8a-4d64077d8131: (5,KeyLookupResponse(root/playForkConfig,Vector(AttributeKey[play.forkrun.protocol.ForkConfig]("playForkConfig") in Scope(Build: file:/Users/brionsilva/Desktop/IIT/SDGP/Play%20Projects/play-java/, , Project: ProjectReference(file:/Users/brionsilva/Desktop/IIT/SDGP/Play%20Projects/play-java/,root)))))
Got request: ListenToValue(AttributeKey[play.forkrun.protocol.ForkConfig]("playForkConfig") in Scope(Build: file:/Users/brionsilva/Desktop/IIT/SDGP/Play%20Projects/play-java/, , Project: ProjectReference(file:/Users/brionsilva/Desktop/IIT/SDGP/Play%20Projects/play-java/,root)))
Reading next message from client.
Sending msg to client play-fork-run-29925472-5010-45f0-ae8a-4d64077d8131: (6,ReceivedResponse())
Got request: KeyExecutionRequest(AttributeKey[play.forkrun.protocol.ForkConfig]("playForkConfig") in Scope(Build: file:/Users/brionsilva/Desktop/IIT/SDGP/Play%20Projects/play-java/, , Project: ProjectReference(file:/Users/brionsilva/Desktop/IIT/SDGP/Play%20Projects/play-java/,root)))
Reading next message from client.
Sending msg to client play-fork-run-29925472-5010-45f0-ae8a-4d64077d8131: (7,ExecutionRequestReceived(211))
Sending msg to client play-fork-run-29925472-5010-45f0-ae8a-4d64077d8131: ExecutionWaiting(211,{file:/Users/brionsilva/Desktop/IIT/SDGP/Play%20Projects/play-java/}root/*:playForkConfig,ClientInfo(29925472-5010-45f0-ae8a-4d64077d8131,play-fork-run,Play Fork Run,1,Vector()))
Sending msg to client play-fork-run-29925472-5010-45f0-ae8a-4d64077d8131: ExecutionStarting(211)
Sending msg to client play-fork-run-29925472-5010-45f0-ae8a-4d64077d8131: DetachedLogEvent(LogMessage(debug,> {file:/Users/brionsilva/Desktop/IIT/SDGP/Play%20Projects/play-java/}root/*:playForkConfig))
Sending msg to client play-fork-run-29925472-5010-45f0-ae8a-4d64077d8131: DetachedLogEvent(LogMessage(debug,Evaluating tasks: *:playForkConfig))
Sending msg to client play-fork-run-29925472-5010-45f0-ae8a-4d64077d8131: DetachedLogEvent(LogMessage(debug,Running task... Cancel: sbt.server.ServerTaskCancellation@e1ea70f, check cycles: false))
Sending msg to client play-fork-run-29925472-5010-45f0-ae8a-4d64077d8131: DetachedLogEvent(LogMessage(debug,cancel strategy start enabled=true lastCommand=Some(LastCommand(CommandExecutionWork(ExecutionId(211),{file:/Users/brionsilva/Desktop/IIT/SDGP/Play%20Projects/play-java/}root/*:playForkConfig,Set(LiveClient(play-fork-run 29925472-5010-45f0-ae8a-4d64077d8131)),sbt.server.WorkCancellationStatus$$anon$1@3353c78c)))))
Sending msg to client play-fork-run-29925472-5010-45f0-ae8a-4d64077d8131: TaskStarted(211,38731,None)
Sending msg to client play-fork-run-29925472-5010-45f0-ae8a-4d64077d8131: TaskStarted(211,38734,None)
Sending msg to client play-fork-run-29925472-5010-45f0-ae8a-4d64077d8131: TaskStarted(211,38735,None)
Sending msg to client play-fork-run-29925472-5010-45f0-ae8a-4d64077d8131: TaskStarted(211,38737,None)
Sending msg to client play-fork-run-29925472-5010-45f0-ae8a-4d64077d8131: TaskStarted(211,38738,Some(AttributeKey[java.lang.String]("updateCacheName") in Scope(Build: file:/Users/brionsilva/Desktop/IIT/SDGP/Play%20Projects/play-java/, , Project: ProjectReference(file:/Users/brionsilva/Desktop/IIT/SDGP/Play%20Projects/play-java/,root))))
Sending msg to client play-fork-run-29925472-5010-45f0-ae8a-4d64077d8131: TaskStarted(211,38748,Some(AttributeKey[scala.collection.Seq[sbt.Resolver]]("externalResolvers") in Scope(Build: file:/Users/brionsilva/Desktop/IIT/SDGP/Play%20Projects/play-java/, , Project: ProjectReference(file:/Users/brionsilva/Desktop/IIT/SDGP/Play%20Projects/play-java/,root))))
Sending msg to client play-fork-run-29925472-5010-45f0-ae8a-4d64077d8131: TaskStarted(211,38749,Some(AttributeKey[scala.Option[scala.collection.Seq[sbt.Resolver]]]("bootResolvers") in Scope(Build: file:/Users/brionsilva/Desktop/IIT/SDGP/Play%20Projects/play-java/, , Project: ProjectReference(file:/Users/brionsilva/Desktop/IIT/SDGP/Play%20Projects/play-java/,root))))
Sending msg to client play-fork-run-29925472-5010-45f0-ae8a-4d64077d8131: TaskStarted(211,38752,Some(AttributeKey[scala.collection.Seq[sbt.Credentials]]("credentials") in Scope(Global)))
Sending msg to client play-fork-run-29925472-5010-45f0-ae8a-4d64077d8131: TaskStarted(211,38760,None)
Sending msg to client play-fork-run-29925472-5010-45f0-ae8a-4d64077d8131: TaskStarted(211,38761,None)
Sending msg to client play-fork-run-29925472-5010-45f0-ae8a-4d64077d8131: TaskStarted(211,38762,Some(AttributeKey[boolean]("skip") in Scope(Global)))
Sending msg to client play-fork-run-29925472-5010-45f0-ae8a-4d64077d8131: TaskStarted(211,38763,Some(AttributeKey[scala.Option[java.lang.String]]("mainClass") in Scope(Build: file:/Users/brionsilva/Desktop/IIT/SDGP/Play%20Projects/play-java/, , Project: ProjectReference(file:/Users/brionsilva/Desktop/IIT/SDGP/Play%20Projects/play-java/,root), Config: compile, Task: AttributeKey[void]("run"))))
Sending msg to client play-fork-run-29925472-5010-45f0-ae8a-4d64077d8131: TaskStarted(211,38765,Some(AttributeKey[scala.Tuple2[java.lang.String,java.io.File]]("playPrefixAndAssets") in Scope(Build: file:/Users/brionsilva/Desktop/IIT/SDGP/Play%20Projects/play-java/, , Project: ProjectReference(file:/Users/brionsilva/Desktop/IIT/SDGP/Play%20Projects/play-java/,root))))
Sending msg to client play-fork-run-29925472-5010-45f0-ae8a-4d64077d8131: TaskStarted(211,38773,None)
Sending msg to client play-fork-run-29925472-5010-45f0-ae8a-4d64077d8131: TaskStarted(211,38780,None)
Sending msg to client play-fork-run-29925472-5010-45f0-ae8a-4d64077d8131: TaskStarted(211,38781,Some(AttributeKey[scala.collection.Seq[java.lang.String]]("javaOptions") in Scope(Global)))
Sending msg to client play-fork-run-29925472-5010-45f0-ae8a-4d64077d8131: TaskStarted(211,38783,None)
Sending msg to client play-fork-run-29925472-5010-45f0-ae8a-4d64077d8131: TaskFinished(211,38731,None,true,None)
Sending msg to client play-fork-run-29925472-5010-45f0-ae8a-4d64077d8131: TaskStarted(211,38730,None)
Sending msg to client play-fork-run-29925472-5010-45f0-ae8a-4d64077d8131: TaskStarted(211,38745,None)
Sending msg to client play-fork-run-29925472-5010-45f0-ae8a-4d64077d8131: TaskStarted(211,38750,None)
Sending msg to client play-fork-run-29925472-5010-45f0-ae8a-4d64077d8131: TaskStarted(211,38751,None)
Sending msg to client play-fork-run-29925472-5010-45f0-ae8a-4d64077d8131: TaskStarted(211,38758,None)
Sending msg to client play-fork-run-29925472-5010-45f0-ae8a-4d64077d8131: TaskStarted(211,38774,None)
Sending msg to client play-fork-run-29925472-5010-45f0-ae8a-4d64077d8131: TaskStarted(211,38777,None)
Sending msg to client play-fork-run-29925472-5010-45f0-ae8a-4d64077d8131: TaskStarted(211,38778,None)
Sending msg to client play-fork-run-29925472-5010-45f0-ae8a-4d64077d8131: TaskFinished(211,38734,None,true,None)
Sending msg to client play-fork-run-29925472-5010-45f0-ae8a-4d64077d8131: TaskFinished(211,38735,None,true,None)
Sending msg to client play-fork-run-29925472-5010-45f0-ae8a-4d64077d8131: TaskStarted(211,38733,Some(AttributeKey[scala.collection.Seq[sbt.UpdateReport]]("transitiveUpdate") in Scope(Build: file:/Users/brionsilva/Desktop/IIT/SDGP/Play%20Projects/play-java/, , Project: ProjectReference(file:/Users/brionsilva/Desktop/IIT/SDGP/Play%20Projects/play-java/,root))))
Sending msg to client play-fork-run-29925472-5010-45f0-ae8a-4d64077d8131: TaskFinished(211,38737,None,true,None)
Sending msg to client play-fork-run-29925472-5010-45f0-ae8a-4d64077d8131: TaskStarted(211,38736,Some(AttributeKey[java.io.File]("dependencyCacheDirectory") in Scope(Build: file:/Users/brionsilva/Desktop/IIT/SDGP/Play%20Projects/play-java/, , Project: ProjectReference(file:/Users/brionsilva/Desktop/IIT/SDGP/Play%20Projects/play-java/,root))))
Sending msg to client play-fork-run-29925472-5010-45f0-ae8a-4d64077d8131: TaskStarted(211,38747,Some(AttributeKey[sbt.BuildStructure]("buildStructure") in Scope(Global)))
Sending msg to client play-fork-run-29925472-5010-45f0-ae8a-4d64077d8131: TaskFinished(211,38738,Some(AttributeKey[java.lang.String]("updateCacheName") in Scope(Build: file:/Users/brionsilva/Desktop/IIT/SDGP/Play%20Projects/play-java/, , Project: ProjectReference(file:/Users/brionsilva/Desktop/IIT/SDGP/Play%20Projects/play-java/,root))),true,None)
Sending msg to client play-fork-run-29925472-5010-45f0-ae8a-4d64077d8131: TaskFinished(211,38748,Some(AttributeKey[scala.collection.Seq[sbt.Resolver]]("externalResolvers") in Scope(Build: file:/Users/brionsilva/Desktop/IIT/SDGP/Play%20Projects/play-java/, , Project: ProjectReference(file:/Users/brionsilva/Desktop/IIT/SDGP/Play%20Projects/play-java/,root))),true,None)
Sending msg to client play-fork-run-29925472-5010-45f0-ae8a-4d64077d8131: TaskFinished(211,38749,Some(AttributeKey[scala.Option[scala.collection.Seq[sbt.Resolver]]]("bootResolvers") in Scope(Build: file:/Users/brionsilva/Desktop/IIT/SDGP/Play%20Projects/play-java/, , Project: ProjectReference(file:/Users/brionsilva/Desktop/IIT/SDGP/Play%20Projects/play-java/,root))),true,None)
Sending msg to client play-fork-run-29925472-5010-45f0-ae8a-4d64077d8131: TaskFinished(211,38752,Some(AttributeKey[scala.collection.Seq[sbt.Credentials]]("credentials") in Scope(Global)),true,None)
Sending msg to client play-fork-run-29925472-5010-45f0-ae8a-4d64077d8131: TaskFinished(211,38760,None,true,None)
Sending msg to client play-fork-run-29925472-5010-45f0-ae8a-4d64077d8131: TaskFinished(211,38761,None,true,None)
Sending msg to client play-fork-run-29925472-5010-45f0-ae8a-4d64077d8131: TaskFinished(211,38762,Some(AttributeKey[boolean]("skip") in Scope(Global)),true,None)
Sending msg to client play-fork-run-29925472-5010-45f0-ae8a-4d64077d8131: TaskFinished(211,38763,Some(AttributeKey[scala.Option[java.lang.String]]("mainClass") in Scope(Build: file:/Users/brionsilva/Desktop/IIT/SDGP/Play%20Projects/play-java/, , Project: ProjectReference(file:/Users/brionsilva/Desktop/IIT/SDGP/Play%20Projects/play-java/,root), Config: compile, Task: AttributeKey[void]("run"))),true,None)
Sending msg to client play-fork-run-29925472-5010-45f0-ae8a-4d64077d8131: TaskFinished(211,38765,Some(AttributeKey[scala.Tuple2[java.lang.String,java.io.File]]("playPrefixAndAssets") in Scope(Build: file:/Users/brionsilva/Desktop/IIT/SDGP/Play%20Projects/play-java/, , Project: ProjectReference(file:/Users/brionsilva/Desktop/IIT/SDGP/Play%20Projects/play-java/,root))),true,None)
Sending msg to client play-fork-run-29925472-5010-45f0-ae8a-4d64077d8131: TaskStarted(211,38764,Some(AttributeKey[scala.collection.Seq[scala.Tuple2[java.lang.String,java.io.File]]]("playAllAssets") in Scope(Build: file:/Users/brionsilva/Desktop/IIT/SDGP/Play%20Projects/play-java/, , Project: ProjectReference(file:/Users/brionsilva/Desktop/IIT/SDGP/Play%20Projects/play-java/,root))))
Sending msg to client play-fork-run-29925472-5010-45f0-ae8a-4d64077d8131: TaskFinished(211,38773,None,true,None)
Sending msg to client play-fork-run-29925472-5010-45f0-ae8a-4d64077d8131: TaskFinished(211,38780,None,true,None)
Sending msg to client play-fork-run-29925472-5010-45f0-ae8a-4d64077d8131: TaskFinished(211,38781,Some(AttributeKey[scala.collection.Seq[java.lang.String]]("javaOptions") in Scope(Global)),true,None)
Sending msg to client play-fork-run-29925472-5010-45f0-ae8a-4d64077d8131: TaskStarted(211,38779,Some(AttributeKey[scala.collection.Seq[java.lang.String]]("javaOptions") in Scope(Build: file:/Users/brionsilva/Desktop/IIT/SDGP/Play%20Projects/play-java/, )))
Sending msg to client play-fork-run-29925472-5010-45f0-ae8a-4d64077d8131: TaskFinished(211,38783,None,true,None)
Sending msg to client play-fork-run-29925472-5010-45f0-ae8a-4d64077d8131: TaskFinished(211,38730,None,true,None)
Sending msg to client play-fork-run-29925472-5010-45f0-ae8a-4d64077d8131: TaskFinished(211,38745,None,true,None)
Sending msg to client play-fork-run-29925472-5010-45f0-ae8a-4d64077d8131: TaskFinished(211,38751,None,true,None)
Sending msg to client play-fork-run-29925472-5010-45f0-ae8a-4d64077d8131: TaskFinished(211,38750,None,true,None)
Sending msg to client play-fork-run-29925472-5010-45f0-ae8a-4d64077d8131: TaskFinished(211,38758,None,true,None)
Sending msg to client play-fork-run-29925472-5010-45f0-ae8a-4d64077d8131: TaskStarted(211,38757,Some(AttributeKey[scala.collection.immutable.Map[sbt.ModuleID,sbt.SourcePosition]]("dependencyPositions") in Scope(Build: file:/Users/brionsilva/Desktop/IIT/SDGP/Play%20Projects/play-java/, , Project: ProjectReference(file:/Users/brionsilva/Desktop/IIT/SDGP/Play%20Projects/play-java/,root))))
Sending msg to client play-fork-run-29925472-5010-45f0-ae8a-4d64077d8131: TaskFinished(211,38774,None,true,None)
Sending msg to client play-fork-run-29925472-5010-45f0-ae8a-4d64077d8131: TaskFinished(211,38777,None,true,None)
Sending msg to client play-fork-run-29925472-5010-45f0-ae8a-4d64077d8131: TaskFinished(211,38778,None,true,None)
Sending msg to client play-fork-run-29925472-5010-45f0-ae8a-4d64077d8131: TaskFinished(211,38733,Some(AttributeKey[scala.collection.Seq[sbt.UpdateReport]]("transitiveUpdate") in Scope(Build: file:/Users/brionsilva/Desktop/IIT/SDGP/Play%20Projects/play-java/, , Project: ProjectReference(file:/Users/brionsilva/Desktop/IIT/SDGP/Play%20Projects/play-java/,root))),true,None)
Sending msg to client play-fork-run-29925472-5010-45f0-ae8a-4d64077d8131: TaskFinished(211,38747,Some(AttributeKey[sbt.BuildStructure]("buildStructure") in Scope(Global)),true,None)
Sending msg to client play-fork-run-29925472-5010-45f0-ae8a-4d64077d8131: TaskStarted(211,38746,Some(AttributeKey[sbt.Settings[sbt.Scope]]("settingsData") in Scope(Global)))
Sending msg to client play-fork-run-29925472-5010-45f0-ae8a-4d64077d8131: TaskFinished(211,38736,Some(AttributeKey[java.io.File]("dependencyCacheDirectory") in Scope(Build: file:/Users/brionsilva/Desktop/IIT/SDGP/Play%20Projects/play-java/, , Project: ProjectReference(file:/Users/brionsilva/Desktop/IIT/SDGP/Play%20Projects/play-java/,root))),true,None)
Sending msg to client play-fork-run-29925472-5010-45f0-ae8a-4d64077d8131: TaskFinished(211,38764,Some(AttributeKey[scala.collection.Seq[scala.Tuple2[java.lang.String,java.io.File]]]("playAllAssets") in Scope(Build: file:/Users/brionsilva/Desktop/IIT/SDGP/Play%20Projects/play-java/, , Project: ProjectReference(file:/Users/brionsilva/Desktop/IIT/SDGP/Play%20Projects/play-java/,root))),true,None)
Sending msg to client play-fork-run-29925472-5010-45f0-ae8a-4d64077d8131: TaskFinished(211,38779,Some(AttributeKey[scala.collection.Seq[java.lang.String]]("javaOptions") in Scope(Build: file:/Users/brionsilva/Desktop/IIT/SDGP/Play%20Projects/play-java/, )),true,None)
Sending msg to client play-fork-run-29925472-5010-45f0-ae8a-4d64077d8131: TaskFinished(211,38757,Some(AttributeKey[scala.collection.immutable.Map[sbt.ModuleID,sbt.SourcePosition]]("dependencyPositions") in Scope(Build: file:/Users/brionsilva/Desktop/IIT/SDGP/Play%20Projects/play-java/, , Project: ProjectReference(file:/Users/brionsilva/Desktop/IIT/SDGP/Play%20Projects/play-java/,root))),true,None)
Sending msg to client play-fork-run-29925472-5010-45f0-ae8a-4d64077d8131: TaskStarted(211,38756,Some(AttributeKey[sbt.UnresolvedWarningConfiguration]("unresolvedWarningConfiguration") in Scope(Build: file:/Users/brionsilva/Desktop/IIT/SDGP/Play%20Projects/play-java/, , Project: ProjectReference(file:/Users/brionsilva/Desktop/IIT/SDGP/Play%20Projects/play-java/,root), Task: AttributeKey[sbt.UpdateReport]("update"))))
Sending msg to client play-fork-run-29925472-5010-45f0-ae8a-4d64077d8131: TaskFinished(211,38746,Some(AttributeKey[sbt.Settings[sbt.Scope]]("settingsData") in Scope(Global)),true,None)
Sending msg to client play-fork-run-29925472-5010-45f0-ae8a-4d64077d8131: TaskStarted(211,38744,Some(AttributeKey[scala.collection.immutable.Map[org.apache.ivy.core.module.id.ModuleRevisionId,org.apache.ivy.core.module.descriptor.ModuleDescriptor]]("projectDescriptors") in Scope(Build: file:/Users/brionsilva/Desktop/IIT/SDGP/Play%20Projects/play-java/, , Project: ProjectReference(file:/Users/brionsilva/Desktop/IIT/SDGP/Play%20Projects/play-java/,root))))
Sending msg to client play-fork-run-29925472-5010-45f0-ae8a-4d64077d8131: TaskStarted(211,38755,Some(AttributeKey[scala.collection.Seq[sbt.ModuleID]]("projectDependencies") in Scope(Build: file:/Users/brionsilva/Desktop/IIT/SDGP/Play%20Projects/play-java/, , Project: ProjectReference(file:/Users/brionsilva/Desktop/IIT/SDGP/Play%20Projects/play-java/,root))))
Sending msg to client play-fork-run-29925472-5010-45f0-ae8a-4d64077d8131: TaskStarted(211,38759,None)
Sending msg to client play-fork-run-29925472-5010-45f0-ae8a-4d64077d8131: TaskStarted(211,38776,None)
Sending msg to client play-fork-run-29925472-5010-45f0-ae8a-4d64077d8131: TaskStarted(211,38782,Some(AttributeKey[scala.collection.Seq[java.io.File]]("playMonitoredFiles") in Scope(Build: file:/Users/brionsilva/Desktop/IIT/SDGP/Play%20Projects/play-java/, , Project: ProjectReference(file:/Users/brionsilva/Desktop/IIT/SDGP/Play%20Projects/play-java/,root))))
Sending msg to client play-fork-run-29925472-5010-45f0-ae8a-4d64077d8131: TaskFinished(211,38756,Some(AttributeKey[sbt.UnresolvedWarningConfiguration]("unresolvedWarningConfiguration") in Scope(Build: file:/Users/brionsilva/Desktop/IIT/SDGP/Play%20Projects/play-java/, , Project: ProjectReference(file:/Users/brionsilva/Desktop/IIT/SDGP/Play%20Projects/play-java/,root), Task: AttributeKey[sbt.UpdateReport]("update"))),true,None)
Sending msg to client play-fork-run-29925472-5010-45f0-ae8a-4d64077d8131: TaskStarted(211,38785,None)
Sending msg to client play-fork-run-29925472-5010-45f0-ae8a-4d64077d8131: TaskFinished(211,38755,Some(AttributeKey[scala.collection.Seq[sbt.ModuleID]]("projectDependencies") in Scope(Build: file:/Users/brionsilva/Desktop/IIT/SDGP/Play%20Projects/play-java/, , Project: ProjectReference(file:/Users/brionsilva/Desktop/IIT/SDGP/Play%20Projects/play-java/,root))),true,None)
Sending msg to client play-fork-run-29925472-5010-45f0-ae8a-4d64077d8131: TaskStarted(211,38754,Some(AttributeKey[scala.collection.Seq[sbt.ModuleID]]("allDependencies") in Scope(Build: file:/Users/brionsilva/Desktop/IIT/SDGP/Play%20Projects/play-java/, , Project: ProjectReference(file:/Users/brionsilva/Desktop/IIT/SDGP/Play%20Projects/play-java/,root))))
Sending msg to client play-fork-run-29925472-5010-45f0-ae8a-4d64077d8131: TaskStarted(211,38786,None)
Sending msg to client play-fork-run-29925472-5010-45f0-ae8a-4d64077d8131: TaskStarted(211,38791,None)
Sending msg to client play-fork-run-29925472-5010-45f0-ae8a-4d64077d8131: TaskStarted(211,38792,None)
Sending msg to client play-fork-run-29925472-5010-45f0-ae8a-4d64077d8131: TaskStarted(211,38794,None)
Sending msg to client play-fork-run-29925472-5010-45f0-ae8a-4d64077d8131: TaskStarted(211,38796,None)
Sending msg to client play-fork-run-29925472-5010-45f0-ae8a-4d64077d8131: TaskStarted(211,38797,None)
Sending msg to client play-fork-run-29925472-5010-45f0-ae8a-4d64077d8131: TaskFinished(211,38785,None,true,None)
Sending msg to client play-fork-run-29925472-5010-45f0-ae8a-4d64077d8131: TaskStarted(211,38784,None)
Sending msg to client play-fork-run-29925472-5010-45f0-ae8a-4d64077d8131: TaskStarted(211,38798,None)
Sending msg to client play-fork-run-29925472-5010-45f0-ae8a-4d64077d8131: TaskFinished(211,38754,Some(AttributeKey[scala.collection.Seq[sbt.ModuleID]]("allDependencies") in Scope(Build: file:/Users/brionsilva/Desktop/IIT/SDGP/Play%20Projects/play-java/, , Project: ProjectReference(file:/Users/brionsilva/Desktop/IIT/SDGP/Play%20Projects/play-java/,root))),true,None)
Sending msg to client play-fork-run-29925472-5010-45f0-ae8a-4d64077d8131: TaskStarted(211,38753,Some(AttributeKey[sbt.ModuleSettings]("moduleSettings") in Scope(Build: file:/Users/brionsilva/Desktop/IIT/SDGP/Play%20Projects/play-java/, , Project: ProjectReference(file:/Users/brionsilva/Desktop/IIT/SDGP/Play%20Projects/play-java/,root))))
Sending msg to client play-fork-run-29925472-5010-45f0-ae8a-4d64077d8131: TaskFinished(211,38786,None,true,None)
Sending msg to client play-fork-run-29925472-5010-45f0-ae8a-4d64077d8131: TaskFinished(211,38759,None,true,None)
Sending msg to client play-fork-run-29925472-5010-45f0-ae8a-4d64077d8131: TaskFinished(211,38791,None,true,None)
Sending msg to client play-fork-run-29925472-5010-45f0-ae8a-4d64077d8131: TaskFinished(211,38792,None,true,None)
Sending msg to client play-fork-run-29925472-5010-45f0-ae8a-4d64077d8131: TaskStarted(211,38790,Some(AttributeKey[scala.collection.Seq[sbt.Attributed[java.io.File]]]("unmanagedJars") in Scope(Build: file:/Users/brionsilva/Desktop/IIT/SDGP/Play%20Projects/play-java/, , Project: ProjectReference(file:/Users/brionsilva/Desktop/IIT/SDGP/Play%20Projects/play-java/,root), Config: compile)))
Sending msg to client play-fork-run-29925472-5010-45f0-ae8a-4d64077d8131: TaskFinished(211,38794,None,true,None)
Sending msg to client play-fork-run-29925472-5010-45f0-ae8a-4d64077d8131: TaskStarted(211,38793,None)
Sending msg to client play-fork-run-29925472-5010-45f0-ae8a-4d64077d8131: TaskFinished(211,38796,None,true,None)
Sending msg to client play-fork-run-29925472-5010-45f0-ae8a-4d64077d8131: TaskFinished(211,38797,None,true,None)
Sending msg to client play-fork-run-29925472-5010-45f0-ae8a-4d64077d8131: TaskStarted(211,38795,Some(AttributeKey[scala.collection.Seq[sbt.Attributed[java.io.File]]]("unmanagedJars") in Scope(Build: file:/Users/brionsilva/Desktop/IIT/SDGP/Play%20Projects/play-java/, , Project: ProjectReference(file:/Users/brionsilva/Desktop/IIT/SDGP/Play%20Projects/play-java/,root), Config: runtime)))
Sending msg to client play-fork-run-29925472-5010-45f0-ae8a-4d64077d8131: TaskFinished(211,38784,None,true,None)
Sending msg to client play-fork-run-29925472-5010-45f0-ae8a-4d64077d8131: TaskFinished(211,38744,Some(AttributeKey[scala.collection.immutable.Map[org.apache.ivy.core.module.id.ModuleRevisionId,org.apache.ivy.core.module.descriptor.ModuleDescriptor]]("projectDescriptors") in Scope(Build: file:/Users/brionsilva/Desktop/IIT/SDGP/Play%20Projects/play-java/, , Project: ProjectReference(file:/Users/brionsilva/Desktop/IIT/SDGP/Play%20Projects/play-java/,root))),true,None)
Sending msg to client play-fork-run-29925472-5010-45f0-ae8a-4d64077d8131: TaskStarted(211,38743,Some(AttributeKey[sbt.Resolver]("projectResolver") in Scope(Build: file:/Users/brionsilva/Desktop/IIT/SDGP/Play%20Projects/play-java/, , Project: ProjectReference(file:/Users/brionsilva/Desktop/IIT/SDGP/Play%20Projects/play-java/,root))))
Sending msg to client play-fork-run-29925472-5010-45f0-ae8a-4d64077d8131: TaskFinished(211,38798,None,true,None)
Sending msg to client play-fork-run-29925472-5010-45f0-ae8a-4d64077d8131: TaskFinished(211,38782,Some(AttributeKey[scala.collection.Seq[java.io.File]]("playMonitoredFiles") in Scope(Build: file:/Users/brionsilva/Desktop/IIT/SDGP/Play%20Projects/play-java/, , Project: ProjectReference(file:/Users/brionsilva/Desktop/IIT/SDGP/Play%20Projects/play-java/,root))),true,None)
Sending msg to client play-fork-run-29925472-5010-45f0-ae8a-4d64077d8131: TaskFinished(211,38753,Some(AttributeKey[sbt.ModuleSettings]("moduleSettings") in Scope(Build: file:/Users/brionsilva/Desktop/IIT/SDGP/Play%20Projects/play-java/, , Project: ProjectReference(file:/Users/brionsilva/Desktop/IIT/SDGP/Play%20Projects/play-java/,root))),true,None)
Sending msg to client play-fork-run-29925472-5010-45f0-ae8a-4d64077d8131: TaskFinished(211,38790,Some(AttributeKey[scala.collection.Seq[sbt.Attributed[java.io.File]]]("unmanagedJars") in Scope(Build: file:/Users/brionsilva/Desktop/IIT/SDGP/Play%20Projects/play-java/, , Project: ProjectReference(file:/Users/brionsilva/Desktop/IIT/SDGP/Play%20Projects/play-java/,root), Config: compile)),true,None)
Sending msg to client play-fork-run-29925472-5010-45f0-ae8a-4d64077d8131: TaskStarted(211,38799,None)
Sending msg to client play-fork-run-29925472-5010-45f0-ae8a-4d64077d8131: TaskFinished(211,38795,Some(AttributeKey[scala.collection.Seq[sbt.Attributed[java.io.File]]]("unmanagedJars") in Scope(Build: file:/Users/brionsilva/Desktop/IIT/SDGP/Play%20Projects/play-java/, , Project: ProjectReference(file:/Users/brionsilva/Desktop/IIT/SDGP/Play%20Projects/play-java/,root), Config: runtime)),true,None)
Sending msg to client play-fork-run-29925472-5010-45f0-ae8a-4d64077d8131: TaskFinished(211,38743,Some(AttributeKey[sbt.Resolver]("projectResolver") in Scope(Build: file:/Users/brionsilva/Desktop/IIT/SDGP/Play%20Projects/play-java/, , Project: ProjectReference(file:/Users/brionsilva/Desktop/IIT/SDGP/Play%20Projects/play-java/,root))),true,None)
Sending msg to client play-fork-run-29925472-5010-45f0-ae8a-4d64077d8131: TaskStarted(211,38742,Some(AttributeKey[scala.collection.Seq[sbt.Resolver]]("fullResolvers") in Scope(Build: file:/Users/brionsilva/Desktop/IIT/SDGP/Play%20Projects/play-java/, , Project: ProjectReference(file:/Users/brionsilva/Desktop/IIT/SDGP/Play%20Projects/play-java/,root))))
Sending msg to client play-fork-run-29925472-5010-45f0-ae8a-4d64077d8131: TaskFinished(211,38799,None,true,None)
Sending msg to client play-fork-run-29925472-5010-45f0-ae8a-4d64077d8131: TaskFinished(211,38793,None,true,None)
Sending msg to client play-fork-run-29925472-5010-45f0-ae8a-4d64077d8131: TaskStarted(211,38789,Some(AttributeKey[scala.collection.Seq[sbt.Attributed[java.io.File]]]("unmanagedJars") in Scope(Build: file:/Users/brionsilva/Desktop/IIT/SDGP/Play%20Projects/play-java/, , Project: ProjectReference(file:/Users/brionsilva/Desktop/IIT/SDGP/Play%20Projects/play-java/,root), Config: compile)))
Sending msg to client play-fork-run-29925472-5010-45f0-ae8a-4d64077d8131: TaskFinished(211,38742,Some(AttributeKey[scala.collection.Seq[sbt.Resolver]]("fullResolvers") in Scope(Build: file:/Users/brionsilva/Desktop/IIT/SDGP/Play%20Projects/play-java/, , Project: ProjectReference(file:/Users/brionsilva/Desktop/IIT/SDGP/Play%20Projects/play-java/,root))),true,None)
Sending msg to client play-fork-run-29925472-5010-45f0-ae8a-4d64077d8131: TaskStarted(211,38741,Some(AttributeKey[sbt.IvyConfiguration]("ivyConfiguration") in Scope(Build: file:/Users/brionsilva/Desktop/IIT/SDGP/Play%20Projects/play-java/, , Project: ProjectReference(file:/Users/brionsilva/Desktop/IIT/SDGP/Play%20Projects/play-java/,root))))
Sending msg to client play-fork-run-29925472-5010-45f0-ae8a-4d64077d8131: TaskFinished(211,38789,Some(AttributeKey[scala.collection.Seq[sbt.Attributed[java.io.File]]]("unmanagedJars") in Scope(Build: file:/Users/brionsilva/Desktop/IIT/SDGP/Play%20Projects/play-java/, , Project: ProjectReference(file:/Users/brionsilva/Desktop/IIT/SDGP/Play%20Projects/play-java/,root), Config: compile)),true,None)
Sending msg to client play-fork-run-29925472-5010-45f0-ae8a-4d64077d8131: TaskStarted(211,38788,None)
Sending msg to client play-fork-run-29925472-5010-45f0-ae8a-4d64077d8131: TaskFinished(211,38741,Some(AttributeKey[sbt.IvyConfiguration]("ivyConfiguration") in Scope(Build: file:/Users/brionsilva/Desktop/IIT/SDGP/Play%20Projects/play-java/, , Project: ProjectReference(file:/Users/brionsilva/Desktop/IIT/SDGP/Play%20Projects/play-java/,root))),true,None)
Sending msg to client play-fork-run-29925472-5010-45f0-ae8a-4d64077d8131: TaskStarted(211,38740,Some(AttributeKey[sbt.IvySbt]("ivySbt") in Scope(Build: file:/Users/brionsilva/Desktop/IIT/SDGP/Play%20Projects/play-java/, , Project: ProjectReference(file:/Users/brionsilva/Desktop/IIT/SDGP/Play%20Projects/play-java/,root))))
Sending msg to client play-fork-run-29925472-5010-45f0-ae8a-4d64077d8131: TaskFinished(211,38788,None,true,None)
Sending msg to client play-fork-run-29925472-5010-45f0-ae8a-4d64077d8131: TaskStarted(211,38787,None)
Sending msg to client play-fork-run-29925472-5010-45f0-ae8a-4d64077d8131: TaskFinished(211,38740,Some(AttributeKey[sbt.IvySbt]("ivySbt") in Scope(Build: file:/Users/brionsilva/Desktop/IIT/SDGP/Play%20Projects/play-java/, , Project: ProjectReference(file:/Users/brionsilva/Desktop/IIT/SDGP/Play%20Projects/play-java/,root))),true,None)
Sending msg to client play-fork-run-29925472-5010-45f0-ae8a-4d64077d8131: TaskStarted(211,38739,Some(AttributeKey[sbt.IvySbt$Module]("ivyModule") in Scope(Build: file:/Users/brionsilva/Desktop/IIT/SDGP/Play%20Projects/play-java/, , Project: ProjectReference(file:/Users/brionsilva/Desktop/IIT/SDGP/Play%20Projects/play-java/,root))))
Sending msg to client play-fork-run-29925472-5010-45f0-ae8a-4d64077d8131: TaskFinished(211,38787,None,true,None)
Sending msg to client play-fork-run-29925472-5010-45f0-ae8a-4d64077d8131: TaskFinished(211,38776,None,true,None)
Sending msg to client play-fork-run-29925472-5010-45f0-ae8a-4d64077d8131: TaskStarted(211,38775,Some(AttributeKey[scala.collection.Seq[sbt.Attributed[java.io.File]]]("unmanagedClasspath") in Scope(Build: file:/Users/brionsilva/Desktop/IIT/SDGP/Play%20Projects/play-java/, , Project: ProjectReference(file:/Users/brionsilva/Desktop/IIT/SDGP/Play%20Projects/play-java/,root), Config: runtime)))
Sending msg to client play-fork-run-29925472-5010-45f0-ae8a-4d64077d8131: TaskFinished(211,38739,Some(AttributeKey[sbt.IvySbt$Module]("ivyModule") in Scope(Build: file:/Users/brionsilva/Desktop/IIT/SDGP/Play%20Projects/play-java/, , Project: ProjectReference(file:/Users/brionsilva/Desktop/IIT/SDGP/Play%20Projects/play-java/,root))),true,None)
Sending msg to client play-fork-run-29925472-5010-45f0-ae8a-4d64077d8131: TaskStarted(211,38732,Some(AttributeKey[sbt.UpdateReport]("update") in Scope(Build: file:/Users/brionsilva/Desktop/IIT/SDGP/Play%20Projects/play-java/, , Project: ProjectReference(file:/Users/brionsilva/Desktop/IIT/SDGP/Play%20Projects/play-java/,root))))
Sending msg to client play-fork-run-29925472-5010-45f0-ae8a-4d64077d8131: TaskFinished(211,38775,Some(AttributeKey[scala.collection.Seq[sbt.Attributed[java.io.File]]]("unmanagedClasspath") in Scope(Build: file:/Users/brionsilva/Desktop/IIT/SDGP/Play%20Projects/play-java/, , Project: ProjectReference(file:/Users/brionsilva/Desktop/IIT/SDGP/Play%20Projects/play-java/,root), Config: runtime)),true,None)
Sending msg to client play-fork-run-29925472-5010-45f0-ae8a-4d64077d8131: TaskFinished(211,38732,Some(AttributeKey[sbt.UpdateReport]("update") in Scope(Build: file:/Users/brionsilva/Desktop/IIT/SDGP/Play%20Projects/play-java/, , Project: ProjectReference(file:/Users/brionsilva/Desktop/IIT/SDGP/Play%20Projects/play-java/,root))),true,None)
Sending msg to client play-fork-run-29925472-5010-45f0-ae8a-4d64077d8131: TaskStarted(211,38729,Some(AttributeKey[sbt.UpdateReport]("update") in Scope(Build: file:/Users/brionsilva/Desktop/IIT/SDGP/Play%20Projects/play-java/, , Project: ProjectReference(file:/Users/brionsilva/Desktop/IIT/SDGP/Play%20Projects/play-java/,root))))
Sending msg to client play-fork-run-29925472-5010-45f0-ae8a-4d64077d8131: TaskFinished(211,38729,Some(AttributeKey[sbt.UpdateReport]("update") in Scope(Build: file:/Users/brionsilva/Desktop/IIT/SDGP/Play%20Projects/play-java/, , Project: ProjectReference(file:/Users/brionsilva/Desktop/IIT/SDGP/Play%20Projects/play-java/,root))),true,None)
Sending msg to client play-fork-run-29925472-5010-45f0-ae8a-4d64077d8131: TaskStarted(211,38728,Some(AttributeKey[scala.collection.Seq[sbt.Attributed[java.io.File]]]("managedClasspath") in Scope(Build: file:/Users/brionsilva/Desktop/IIT/SDGP/Play%20Projects/play-java/, , Project: ProjectReference(file:/Users/brionsilva/Desktop/IIT/SDGP/Play%20Projects/play-java/,root), Config: docs)))
Sending msg to client play-fork-run-29925472-5010-45f0-ae8a-4d64077d8131: TaskStarted(211,38772,Some(AttributeKey[sbt.Configuration]("classpathConfiguration") in Scope(Build: file:/Users/brionsilva/Desktop/IIT/SDGP/Play%20Projects/play-java/, , Project: ProjectReference(file:/Users/brionsilva/Desktop/IIT/SDGP/Play%20Projects/play-java/,root), Config: compile)))
Sending msg to client play-fork-run-29925472-5010-45f0-ae8a-4d64077d8131: TaskFinished(211,38772,Some(AttributeKey[sbt.Configuration]("classpathConfiguration") in Scope(Build: file:/Users/brionsilva/Desktop/IIT/SDGP/Play%20Projects/play-java/, , Project: ProjectReference(file:/Users/brionsilva/Desktop/IIT/SDGP/Play%20Projects/play-java/,root), Config: compile)),true,None)
Sending msg to client play-fork-run-29925472-5010-45f0-ae8a-4d64077d8131: TaskStarted(211,38771,None)
Sending msg to client play-fork-run-29925472-5010-45f0-ae8a-4d64077d8131: TaskFinished(211,38771,None,true,None)
Sending msg to client play-fork-run-29925472-5010-45f0-ae8a-4d64077d8131: TaskStarted(211,38770,Some(AttributeKey[sbt.Configuration]("classpathConfiguration") in Scope(Build: file:/Users/brionsilva/Desktop/IIT/SDGP/Play%20Projects/play-java/, , Project: ProjectReference(file:/Users/brionsilva/Desktop/IIT/SDGP/Play%20Projects/play-java/,root), Config: runtime)))
Sending msg to client play-fork-run-29925472-5010-45f0-ae8a-4d64077d8131: TaskFinished(211,38770,Some(AttributeKey[sbt.Configuration]("classpathConfiguration") in Scope(Build: file:/Users/brionsilva/Desktop/IIT/SDGP/Play%20Projects/play-java/, , Project: ProjectReference(file:/Users/brionsilva/Desktop/IIT/SDGP/Play%20Projects/play-java/,root), Config: runtime)),true,None)
Sending msg to client play-fork-run-29925472-5010-45f0-ae8a-4d64077d8131: TaskStarted(211,38769,None)
Sending msg to client play-fork-run-29925472-5010-45f0-ae8a-4d64077d8131: TaskFinished(211,38769,None,true,None)
Sending msg to client play-fork-run-29925472-5010-45f0-ae8a-4d64077d8131: TaskStarted(211,38768,Some(AttributeKey[scala.collection.Seq[sbt.Attributed[java.io.File]]]("managedClasspath") in Scope(Build: file:/Users/brionsilva/Desktop/IIT/SDGP/Play%20Projects/play-java/, , Project: ProjectReference(file:/Users/brionsilva/Desktop/IIT/SDGP/Play%20Projects/play-java/,root), Config: runtime)))
Sending msg to client play-fork-run-29925472-5010-45f0-ae8a-4d64077d8131: TaskFinished(211,38768,Some(AttributeKey[scala.collection.Seq[sbt.Attributed[java.io.File]]]("managedClasspath") in Scope(Build: file:/Users/brionsilva/Desktop/IIT/SDGP/Play%20Projects/play-java/, , Project: ProjectReference(file:/Users/brionsilva/Desktop/IIT/SDGP/Play%20Projects/play-java/,root), Config: runtime)),true,None)
Sending msg to client play-fork-run-29925472-5010-45f0-ae8a-4d64077d8131: TaskStarted(211,38767,None)
Sending msg to client play-fork-run-29925472-5010-45f0-ae8a-4d64077d8131: TaskFinished(211,38728,Some(AttributeKey[scala.collection.Seq[sbt.Attributed[java.io.File]]]("managedClasspath") in Scope(Build: file:/Users/brionsilva/Desktop/IIT/SDGP/Play%20Projects/play-java/, , Project: ProjectReference(file:/Users/brionsilva/Desktop/IIT/SDGP/Play%20Projects/play-java/,root), Config: docs)),true,None)
Sending msg to client play-fork-run-29925472-5010-45f0-ae8a-4d64077d8131: TaskStarted(211,38727,Some(AttributeKey[scala.Option[java.io.File]]("playDocsJar") in Scope(Build: file:/Users/brionsilva/Desktop/IIT/SDGP/Play%20Projects/play-java/, , Project: ProjectReference(file:/Users/brionsilva/Desktop/IIT/SDGP/Play%20Projects/play-java/,root))))
Sending msg to client play-fork-run-29925472-5010-45f0-ae8a-4d64077d8131: TaskFinished(211,38767,None,true,None)
Sending msg to client play-fork-run-29925472-5010-45f0-ae8a-4d64077d8131: TaskStarted(211,38766,Some(AttributeKey[scala.collection.Seq[sbt.Attributed[java.io.File]]]("playDependencyClasspath") in Scope(Build: file:/Users/brionsilva/Desktop/IIT/SDGP/Play%20Projects/play-java/, , Project: ProjectReference(file:/Users/brionsilva/Desktop/IIT/SDGP/Play%20Projects/play-java/,root))))
Sending msg to client play-fork-run-29925472-5010-45f0-ae8a-4d64077d8131: TaskFinished(211,38727,Some(AttributeKey[scala.Option[java.io.File]]("playDocsJar") in Scope(Build: file:/Users/brionsilva/Desktop/IIT/SDGP/Play%20Projects/play-java/, , Project: ProjectReference(file:/Users/brionsilva/Desktop/IIT/SDGP/Play%20Projects/play-java/,root))),true,None)
Sending msg to client play-fork-run-29925472-5010-45f0-ae8a-4d64077d8131: TaskFinished(211,38766,Some(AttributeKey[scala.collection.Seq[sbt.Attributed[java.io.File]]]("playDependencyClasspath") in Scope(Build: file:/Users/brionsilva/Desktop/IIT/SDGP/Play%20Projects/play-java/, , Project: ProjectReference(file:/Users/brionsilva/Desktop/IIT/SDGP/Play%20Projects/play-java/,root))),true,None)
Sending msg to client play-fork-run-29925472-5010-45f0-ae8a-4d64077d8131: TaskStarted(211,38726,Some(AttributeKey[play.forkrun.protocol.ForkConfig]("playForkConfig") in Scope(Build: file:/Users/brionsilva/Desktop/IIT/SDGP/Play%20Projects/play-java/, , Project: ProjectReference(file:/Users/brionsilva/Desktop/IIT/SDGP/Play%20Projects/play-java/,root))))
Sending msg to client play-fork-run-29925472-5010-45f0-ae8a-4d64077d8131: TaskFinished(211,38726,Some(AttributeKey[play.forkrun.protocol.ForkConfig]("playForkConfig") in Scope(Build: file:/Users/brionsilva/Desktop/IIT/SDGP/Play%20Projects/play-java/, , Project: ProjectReference(file:/Users/brionsilva/Desktop/IIT/SDGP/Play%20Projects/play-java/,root))),true,None)
Sending msg to client play-fork-run-29925472-5010-45f0-ae8a-4d64077d8131: ValueChanged(AttributeKey[play.forkrun.protocol.ForkConfig]("playForkConfig") in Scope(Build: file:/Users/brionsilva/Desktop/IIT/SDGP/Play%20Projects/play-java/, , Project: ProjectReference(file:/Users/brionsilva/Desktop/IIT/SDGP/Play%20Projects/play-java/,root)),TaskSuccess(BuildValue(LazyValue(ForkConfig(/Users/brionsilva/Desktop/IIT/SDGP/Play Projects/play-java,List(-Djna.nosys=true),List(/Users/brionsilva/Desktop/IIT/SDGP/Play Projects/play-java/lib/javax.annotation.jar, /Users/brionsilva/Desktop/IIT/SDGP/Play Projects/play-java/lib/javax.ejb.jar, /Users/brionsilva/Desktop/IIT/SDGP/Play Projects/play-java/lib/javax.jms.jar, /Users/brionsilva/Desktop/IIT/SDGP/Play Projects/play-java/lib/javax.persistence.jar, /Users/brionsilva/Desktop/IIT/SDGP/Play Projects/play-java/lib/javax.resource.jar, /Users/brionsilva/Desktop/IIT/SDGP/Play Projects/play-java/lib/javax.servlet.jsp.jar, /Users/brionsilva/Desktop/IIT/SDGP/Play Projects/play-java/lib/javax.servlet.jsp.jstl.jar, /Users/brionsilva/.ivy2/cache/org.scala-lang/scala-library/jars/scala-library-2.11.8.jar, /Users/brionsilva/Desktop/IIT/SDGP/Play/repository/com.typesafe.play/twirl-api_2.11/1.1.1/jars/twirl-api_2.11.jar, /Users/brionsilva/Desktop/IIT/SDGP/Play/repository/org.apache.commons/commons-lang3/3.4/jars/commons-lang3.jar, /Users/brionsilva/.ivy2/cache/org.scala-lang.modules/scala-xml_2.11/bundles/scala-xml_2.11-1.0.1.jar, /Users/brionsilva/Desktop/IIT/SDGP/Play/repository/com.typesafe.play/play-enhancer/1.1.0/jars/play-enhancer.jar, /Users/brionsilva/.ivy2/cache/com.typesafe.play/play-server_2.11/jars/play-server_2.11-2.5.12.jar, /Users/brionsilva/.ivy2/cache/com.typesafe.play/play_2.11/jars/play_2.11-2.5.12.jar, /Users/brionsilva/.ivy2/cache/com.typesafe.play/build-link/jars/build-link-2.5.12.jar, /Users/brionsilva/.ivy2/cache/com.typesafe.play/play-exceptions/jars/play-exceptions-2.5.12.jar, /Users/brionsilva/.ivy2/cache/com.typesafe.play/play-iteratees_2.11/jars/play-iteratees_2.11-2.5.12.jar, /Users/brionsilva/.ivy2/cache/org.scala-stm/scala-stm_2.11/jars/scala-stm_2.11-0.7.jar, /Users/brionsilva/Desktop/IIT/SDGP/Play/repository/com.typesafe/config/1.3.0/bundles/config.jar, /Users/brionsilva/.ivy2/cache/com.typesafe.play/play-json_2.11/jars/play-json_2.11-2.5.12.jar, /Users/brionsilva/.ivy2/cache/com.typesafe.play/play-functional_2.11/jars/play-functional_2.11-2.5.12.jar, /Users/brionsilva/.ivy2/cache/com.typesafe.play/play-datacommons_2.11/jars/play-datacommons_2.11-2.5.12.jar, /Users/brionsilva/.ivy2/cache/joda-time/joda-time/jars/joda-time-2.9.6.jar, /Users/brionsilva/Desktop/IIT/SDGP/Play/repository/org.joda/joda-convert/1.8.1/jars/joda-convert.jar, /Users/brionsilva/Desktop/IIT/SDGP/Play/repository/org.scala-lang/scala-reflect/2.11.7/jars/scala-reflect.jar, /Users/brionsilva/.ivy2/cache/com.fasterxml.jackson.core/jackson-core/bundles/jackson-core-2.7.8.jar, /Users/brionsilva/.ivy2/cache/com.fasterxml.jackson.core/jackson-annotations/bundles/jackson-annotations-2.7.8.jar, /Users/brionsilva/.ivy2/cache/com.fasterxml.jackson.core/jackson-databind/bundles/jackson-databind-2.7.8.jar, /Users/brionsilva/.ivy2/cache/com.fasterxml.jackson.datatype/jackson-datatype-jdk8/bundles/jackson-datatype-jdk8-2.7.8.jar, /Users/brionsilva/.ivy2/cache/com.fasterxml.jackson.datatype/jackson-datatype-jsr310/bundles/jackson-datatype-jsr310-2.7.8.jar, /Users/brionsilva/.ivy2/cache/com.typesafe.play/play-netty-utils/jars/play-netty-utils-2.5.12.jar, /Users/brionsilva/Desktop/IIT/SDGP/Play/repository/org.slf4j/slf4j-api/1.7.21/jars/slf4j-api.jar, /Users/brionsilva/Desktop/IIT/SDGP/Play/repository/org.slf4j/jul-to-slf4j/1.7.21/jars/jul-to-slf4j.jar, /Users/brionsilva/Desktop/IIT/SDGP/Play/repository/org.slf4j/jcl-over-slf4j/1.7.21/jars/jcl-over-slf4j.jar, /Users/brionsilva/.ivy2/cache/com.typesafe.play/play-streams_2.11/jars/play-streams_2.11-2.5.12.jar, /Users/brionsilva/Desktop/IIT/SDGP/Play/repository/org.reactivestreams/reactive-streams/1.0.0/jars/reactive-streams.jar, /Users/brionsilva/.ivy2/cache/com.typesafe.akka/akka-stream_2.11/jars/akka-stream_2.11-2.4.14.jar, /Users/brionsilva/.ivy2/cache/com.typesafe.akka/akka-actor_2.11/jars/akka-actor_2.11-2.4.14.jar, /Users/brionsilva/Desktop/IIT/SDGP/Play/repository/org.scala-lang.modules/scala-java8-compat_2.11/0.7.0/bundles/scala-java8-compat_2.11.jar, /Users/brionsilva/Desktop/IIT/SDGP/Play/repository/com.typesafe/ssl-config-core_2.11/0.2.1/bundles/ssl-config-core_2.11.jar, /Users/brionsilva/.ivy2/cache/org.scala-lang.modules/scala-parser-combinators_2.11/bundles/scala-parser-combinators_2.11-1.0.4.jar, /Users/brionsilva/.ivy2/cache/com.typesafe.akka/akka-slf4j_2.11/jars/akka-slf4j_2.11-2.4.14.jar, /Users/brionsilva/Desktop/IIT/SDGP/Play/repository/commons-codec/commons-codec/1.10/jars/commons-codec.jar, /Users/brionsilva/.ivy2/cache/xerces/xercesImpl/jars/xercesImpl-2.11.0.jar, /Users/brionsilva/.ivy2/cache/xml-apis/xml-apis/jars/xml-apis-1.4.01.jar, /Users/brionsilva/.ivy2/cache/javax.transaction/jta/jars/jta-1.1.jar, /Users/brionsilva/Desktop/IIT/SDGP/Play/repository/com.google.inject/guice/4.0/jars/guice.jar, /Users/brionsilva/Desktop/IIT/SDGP/Play/repository/javax.inject/javax.inject/1/jars/javax.inject.jar, /Users/brionsilva/Desktop/IIT/SDGP/Play/repository/aopalliance/aopalliance/1.0/jars/aopalliance.jar, /Users/brionsilva/Desktop/IIT/SDGP/Play/repository/com.google.inject.extensions/guice-assistedinject/4.0/jars/guice-assistedinject.jar, /Users/brionsilva/.ivy2/cache/com.typesafe.play/play-java_2.11/jars/play-java_2.11-2.5.12.jar, /Users/brionsilva/Desktop/IIT/SDGP/Play/repository/org.yaml/snakeyaml/1.16/bundles/snakeyaml.jar, /Users/brionsilva/Desktop/IIT/SDGP/Play/repository/org.hibernate/hibernate-validator/5.2.4.Final/jars/hibernate-validator.jar, /Users/brionsilva/Desktop/IIT/SDGP/Play/repository/javax.validation/validation-api/1.1.0.Final/jars/validation-api.jar, /Users/brionsilva/Desktop/IIT/SDGP/Play/repository/javax.el/javax.el-api/3.0.0/jars/javax.el-api.jar, /Users/brionsilva/Desktop/IIT/SDGP/Play/repository/org.springframework/spring-context/4.2.7.RELEASE/jars/spring-context.jar, /Users/brionsilva/Desktop/IIT/SDGP/Play/repository/org.springframework/spring-core/4.2.7.RELEASE/jars/spring-core.jar, /Users/brionsilva/Desktop/IIT/SDGP/Play/repository/org.springframework/spring-beans/4.2.7.RELEASE/jars/spring-beans.jar, /Users/brionsilva/Desktop/IIT/SDGP/Play/repository/org.reflections/reflections/0.9.10/jars/reflections.jar, /Users/brionsilva/Desktop/IIT/SDGP/Play/repository/com.google.guava/guava/19.0/bundles/guava.jar, /Users/brionsilva/Desktop/IIT/SDGP/Play/repository/net.jodah/typetools/0.4.4/bundles/typetools.jar, /Users/brionsilva/Desktop/IIT/SDGP/Play/repository/com.google.code.findbugs/jsr305/3.0.1/jars/jsr305.jar, /Users/brionsilva/Desktop/IIT/SDGP/Play/repository/org.apache.tomcat/tomcat-servlet-api/8.0.33/jars/tomcat-servlet-api.jar, /Users/brionsilva/.ivy2/cache/com.typesafe.play/play-netty-server_2.11/jars/play-netty-server_2.11-2.5.12.jar, /Users/brionsilva/Desktop/IIT/SDGP/Play/repository/com.typesafe.netty/netty-reactive-streams-http/1.0.8/jars/netty-reactive-streams-http.jar, /Users/brionsilva/Desktop/IIT/SDGP/Play/repository/com.typesafe.netty/netty-reactive-streams/1.0.8/jars/netty-reactive-streams.jar, /Users/brionsilva/Desktop/IIT/SDGP/Play/repository/io.netty/netty-handler/4.0.41.Final/jars/netty-handler.jar, /Users/brionsilva/Desktop/IIT/SDGP/Play/repository/io.netty/netty-buffer/4.0.41.Final/jars/netty-buffer.jar, /Users/brionsilva/Desktop/IIT/SDGP/Play/repository/io.netty/netty-common/4.0.41.Final/jars/netty-common.jar, /Users/brionsilva/Desktop/IIT/SDGP/Play/repository/io.netty/netty-transport/4.0.41.Final/jars/netty-transport.jar, /Users/brionsilva/Desktop/IIT/SDGP/Play/repository/io.netty/netty-codec/4.0.41.Final/jars/netty-codec.jar, /Users/brionsilva/Desktop/IIT/SDGP/Play/repository/io.netty/netty-codec-http/4.0.41.Final/jars/netty-codec-http.jar, /Users/brionsilva/Desktop/IIT/SDGP/Play/repository/io.netty/netty-transport-native-epoll/4.0.41.Final/jars/netty-transport-native-epoll-linux-x86_64.jar, /Users/brionsilva/.ivy2/cache/com.typesafe.play/play-logback_2.11/jars/play-logback_2.11-2.5.12.jar, /Users/brionsilva/Desktop/IIT/SDGP/Play/repository/ch.qos.logback/logback-classic/1.1.7/jars/logback-classic.jar, /Users/brionsilva/Desktop/IIT/SDGP/Play/repository/ch.qos.logback/logback-core/1.1.7/jars/logback-core.jar, /Users/brionsilva/.ivy2/cache/com.typesafe.play/play-java-jpa_2.11/jars/play-java-jpa_2.11-2.5.12.jar, /Users/brionsilva/.ivy2/cache/com.typesafe.play/play-java-jdbc_2.11/jars/play-java-jdbc_2.11-2.5.12.jar, /Users/brionsilva/.ivy2/cache/com.typesafe.play/play-jdbc_2.11/jars/play-jdbc_2.11-2.5.12.jar, /Users/brionsilva/.ivy2/cache/com.typesafe.play/play-jdbc-api_2.11/jars/play-jdbc-api_2.11-2.5.12.jar, /Users/brionsilva/Desktop/IIT/SDGP/Play/repository/com.jolbox/bonecp/0.8.0.RELEASE/bundles/bonecp.jar, /Users/brionsilva/Desktop/IIT/SDGP/Play/repository/com.zaxxer/HikariCP/2.5.1/bundles/HikariCP.jar, /Users/brionsilva/Desktop/IIT/SDGP/Play/repository/com.googlecode.usc/jdbcdslog/1.0.6.2/jars/jdbcdslog.jar, /Users/brionsilva/Desktop/IIT/SDGP/Play/repository/com.h2database/h2/1.4.192/jars/h2.jar, /Users/brionsilva/Desktop/IIT/SDGP/Play/repository/tyrex/tyrex/1.0.1/jars/tyrex.jar, /Users/brionsilva/.ivy2/cache/org.hibernate.javax.persistence/hibernate-jpa-2.1-api/jars/hibernate-jpa-2.1-api-1.0.0.Final.jar, /Users/brionsilva/.ivy2/cache/org.mockito/mockito-core/jars/mockito-core-2.1.0.jar, /Users/brionsilva/.ivy2/cache/net.bytebuddy/byte-buddy/jars/byte-buddy-1.4.26.jar, /Users/brionsilva/.ivy2/cache/net.bytebuddy/byte-buddy-agent/bundles/byte-buddy-agent-1.4.26.jar, /Users/brionsilva/.ivy2/cache/org.objenesis/objenesis/jars/objenesis-2.4.jar, /Users/brionsilva/.ivy2/cache/org.hibernate/hibernate-core/jars/hibernate-core-5.2.5.Final.jar, /Users/brionsilva/.ivy2/cache/org.jboss.logging/jboss-logging/jars/jboss-logging-3.3.0.Final.jar, /Users/brionsilva/Desktop/IIT/SDGP/Play/repository/org.javassist/javassist/3.20.0-GA/bundles/javassist.jar, /Users/brionsilva/.ivy2/cache/antlr/antlr/jars/antlr-2.7.7.jar, /Users/brionsilva/.ivy2/cache/org.apache.geronimo.specs/geronimo-jta_1.1_spec/jars/geronimo-jta_1.1_spec-1.1.1.jar, /Users/brionsilva/.ivy2/cache/org.jboss/jandex/bundles/jandex-2.0.3.Final.jar, /Users/brionsilva/.ivy2/cache/com.fasterxml/classmate/bundles/classmate-1.3.0.jar, /Users/brionsilva/.ivy2/cache/dom4j/dom4j/jars/dom4j-1.6.1.jar, /Users/brionsilva/.ivy2/cache/org.hibernate.common/hibernate-commons-annotations/jars/hibernate-commons-annotations-5.0.1.Final.jar, /Users/brionsilva/.ivy2/cache/javax.enterprise/cdi-api/jars/cdi-api-1.1.jar, /Users/brionsilva/.ivy2/cache/javax.el/el-api/jars/el-api-2.2.jar, /Users/brionsilva/.ivy2/cache/org.jboss.spec.javax.interceptor/jboss-interceptors-api_1.1_spec/jars/jboss-interceptors-api_1.1_spec-1.0.0.Beta1.jar, /Users/brionsilva/Desktop/IIT/SDGP/Play/repository/javax.annotation/jsr250-api/1.0/jars/jsr250-api.jar, /Users/brionsilva/.ivy2/cache/org.hibernate/hibernate-entitymanager/jars/hibernate-entitymanager-5.1.0.Final.jar),List((public/,/Users/brionsilva/Desktop/IIT/SDGP/Play Projects/play-java/target/web/public/main)),List(/Users/brionsilva/.ivy2/cache/com.typesafe.play/play-omnidoc_2.11/jars/play-omnidoc_2.11-2.5.12.jar, /Users/brionsilva/Desktop/IIT/SDGP/Play/repository/org.scala-lang/scala-library/2.11.7/jars/scala-library.jar, /Users/brionsilva/.ivy2/cache/com.typesafe.play/play-docs_2.11/jars/play-docs_2.11-2.5.12.jar, /Users/brionsilva/.ivy2/cache/com.typesafe.play/play-netty-server_2.11/jars/play-netty-server_2.11-2.5.12.jar, /Users/brionsilva/.ivy2/cache/com.typesafe.play/play-server_2.11/jars/play-server_2.11-2.5.12.jar, /Users/brionsilva/.ivy2/cache/com.typesafe.play/play_2.11/jars/play_2.11-2.5.12.jar, /Users/brionsilva/.ivy2/cache/com.typesafe.play/build-link/jars/build-link-2.5.12.jar, /Users/brionsilva/.ivy2/cache/com.typesafe.play/play-exceptions/jars/play-exceptions-2.5.12.jar, /Users/brionsilva/.ivy2/cache/com.typesafe.play/play-iteratees_2.11/jars/play-iteratees_2.11-2.5.12.jar, /Users/brionsilva/.ivy2/cache/org.scala-stm/scala-stm_2.11/jars/scala-stm_2.11-0.7.jar, /Users/brionsilva/Desktop/IIT/SDGP/Play/repository/com.typesafe/config/1.3.0/bundles/config.jar, /Users/brionsilva/.ivy2/cache/com.typesafe.play/play-json_2.11/jars/play-json_2.11-2.5.12.jar, /Users/brionsilva/.ivy2/cache/com.typesafe.play/play-functional_2.11/jars/play-functional_2.11-2.5.12.jar, /Users/brionsilva/.ivy2/cache/com.typesafe.play/play-datacommons_2.11/jars/play-datacommons_2.11-2.5.12.jar, /Users/brionsilva/.ivy2/cache/joda-time/joda-time/jars/joda-time-2.9.6.jar, /Users/brionsilva/Desktop/IIT/SDGP/Play/repository/org.joda/joda-convert/1.8.1/jars/joda-convert.jar, /Users/brionsilva/Desktop/IIT/SDGP/Play/repository/org.scala-lang/scala-reflect/2.11.7/jars/scala-reflect.jar, /Users/brionsilva/.ivy2/cache/com.fasterxml.jackson.core/jackson-core/bundles/jackson-core-2.7.8.jar, /Users/brionsilva/.ivy2/cache/com.fasterxml.jackson.core/jackson-annotations/bundles/jackson-annotations-2.7.8.jar, /Users/brionsilva/.ivy2/cache/com.fasterxml.jackson.core/jackson-databind/bundles/jackson-databind-2.7.8.jar, /Users/brionsilva/.ivy2/cache/com.fasterxml.jackson.datatype/jackson-datatype-jdk8/bundles/jackson-datatype-jdk8-2.7.8.jar, /Users/brionsilva/.ivy2/cache/com.fasterxml.jackson.datatype/jackson-datatype-jsr310/bundles/jackson-datatype-jsr310-2.7.8.jar, /Users/brionsilva/.ivy2/cache/com.typesafe.play/play-netty-utils/jars/play-netty-utils-2.5.12.jar, /Users/brionsilva/Desktop/IIT/SDGP/Play/repository/org.slf4j/slf4j-api/1.7.21/jars/slf4j-api.jar, /Users/brionsilva/Desktop/IIT/SDGP/Play/repository/org.slf4j/jul-to-slf4j/1.7.21/jars/jul-to-slf4j.jar, /Users/brionsilva/Desktop/IIT/SDGP/Play/repository/org.slf4j/jcl-over-slf4j/1.7.21/jars/jcl-over-slf4j.jar, /Users/brionsilva/.ivy2/cache/com.typesafe.play/play-streams_2.11/jars/play-streams_2.11-2.5.12.jar, /Users/brionsilva/Desktop/IIT/SDGP/Play/repository/org.reactivestreams/reactive-streams/1.0.0/jars/reactive-streams.jar, /Users/brionsilva/.ivy2/cache/com.typesafe.akka/akka-stream_2.11/jars/akka-stream_2.11-2.4.14.jar, /Users/brionsilva/.ivy2/cache/com.typesafe.akka/akka-actor_2.11/jars/akka-actor_2.11-2.4.14.jar, /Users/brionsilva/Desktop/IIT/SDGP/Play/repository/org.scala-lang.modules/scala-java8-compat_2.11/0.7.0/bundles/scala-java8-compat_2.11.jar, /Users/brionsilva/Desktop/IIT/SDGP/Play/repository/com.typesafe/ssl-config-core_2.11/0.2.1/bundles/ssl-config-core_2.11.jar, /Users/brionsilva/.ivy2/cache/org.scala-lang.modules/scala-parser-combinators_2.11/bundles/scala-parser-combinators_2.11-1.0.4.jar, /Users/brionsilva/Desktop/IIT/SDGP/Play/repository/com.typesafe.play/twirl-api_2.11/1.1.1/jars/twirl-api_2.11.jar, /Users/brionsilva/Desktop/IIT/SDGP/Play/repository/org.apache.commons/commons-lang3/3.4/jars/commons-lang3.jar, /Users/brionsilva/.ivy2/cache/org.scala-lang.modules/scala-xml_2.11/bundles/scala-xml_2.11-1.0.1.jar, /Users/brionsilva/.ivy2/cache/com.typesafe.akka/akka-slf4j_2.11/jars/akka-slf4j_2.11-2.4.14.jar, /Users/brionsilva/Desktop/IIT/SDGP/Play/repository/commons-codec/commons-codec/1.10/jars/commons-codec.jar, /Users/brionsilva/.ivy2/cache/xerces/xercesImpl/jars/xercesImpl-2.11.0.jar, /Users/brionsilva/.ivy2/cache/xml-apis/xml-apis/jars/xml-apis-1.4.01.jar, /Users/brionsilva/.ivy2/cache/javax.transaction/jta/jars/jta-1.1.jar, /Users/brionsilva/Desktop/IIT/SDGP/Play/repository/com.google.inject/guice/4.0/jars/guice.jar, /Users/brionsilva/Desktop/IIT/SDGP/Play/repository/javax.inject/javax.inject/1/jars/javax.inject.jar, /Users/brionsilva/Desktop/IIT/SDGP/Play/repository/aopalliance/aopalliance/1.0/jars/aopalliance.jar, /Users/brionsilva/.ivy2/cache/com.google.guava/guava/bundles/guava-16.0.1.jar, /Users/brionsilva/Desktop/IIT/SDGP/Play/repository/com.google.inject.extensions/guice-assistedinject/4.0/jars/guice-assistedinject.jar, /Users/brionsilva/Desktop/IIT/SDGP/Play/repository/com.typesafe.netty/netty-reactive-streams-http/1.0.8/jars/netty-reactive-streams-http.jar, /Users/brionsilva/Desktop/IIT/SDGP/Play/repository/com.typesafe.netty/netty-reactive-streams/1.0.8/jars/netty-reactive-streams.jar, /Users/brionsilva/Desktop/IIT/SDGP/Play/repository/io.netty/netty-handler/4.0.41.Final/jars/netty-handler.jar, /Users/brionsilva/Desktop/IIT/SDGP/Play/repository/io.netty/netty-buffer/4.0.41.Final/jars/netty-buffer.jar, /Users/brionsilva/Desktop/IIT/SDGP/Play/repository/io.netty/netty-common/4.0.41.Final/jars/netty-common.jar, /Users/brionsilva/Desktop/IIT/SDGP/Play/repository/io.netty/netty-transport/4.0.41.Final/jars/netty-transport.jar, /Users/brionsilva/Desktop/IIT/SDGP/Play/repository/io.netty/netty-codec/4.0.41.Final/jars/netty-codec.jar, /Users/brionsilva/Desktop/IIT/SDGP/Play/repository/io.netty/netty-codec-http/4.0.41.Final/jars/netty-codec-http.jar, /Users/brionsilva/Desktop/IIT/SDGP/Play/repository/io.netty/netty-transport-native-epoll/4.0.41.Final/jars/netty-transport-native-epoll-linux-x86_64.jar, /Users/brionsilva/Desktop/IIT/SDGP/Play/repository/com.typesafe.play/play-doc_2.11/1.2.2/jars/play-doc_2.11.jar, /Users/brionsilva/Desktop/IIT/SDGP/Play/repository/org.pegdown/pegdown/1.4.0/jars/pegdown.jar, /Users/brionsilva/Desktop/IIT/SDGP/Play/repository/org.parboiled/parboiled-java/1.1.5/bundles/parboiled-java.jar, /Users/brionsilva/Desktop/IIT/SDGP/Play/repository/org.parboiled/parboiled-core/1.1.5/bundles/parboiled-core.jar, /Users/brionsilva/Desktop/IIT/SDGP/Play/repository/org.ow2.asm/asm/4.1/jars/asm.jar, /Users/brionsilva/Desktop/IIT/SDGP/Play/repository/org.ow2.asm/asm-tree/4.1/jars/asm-tree.jar, /Users/brionsilva/Desktop/IIT/SDGP/Play/repository/org.ow2.asm/asm-analysis/4.1/jars/asm-analysis.jar, /Users/brionsilva/Desktop/IIT/SDGP/Play/repository/org.ow2.asm/asm-util/4.1/jars/asm-util.jar, /Users/brionsilva/Desktop/IIT/SDGP/Play/repository/commons-io/commons-io/2.4/jars/commons-io.jar),Some(/Users/brionsilva/.ivy2/cache/com.typesafe.play/play-omnidoc_2.11/jars/play-omnidoc_2.11-2.5.12.jar),List(),9000,0.0.0.0,DefaultWatchService,List(/Users/brionsilva/Desktop/IIT/SDGP/Play Projects/play-java/public, /Users/brionsilva/Desktop/IIT/SDGP/Play Projects/play-java/conf, /Users/brionsilva/Desktop/IIT/SDGP/Play Projects/play-java/app),/Users/brionsilva/Desktop/IIT/SDGP/Play Projects/play-java/target,500,root/playForkNotifyStart,root/playForkReload,300000,play.core.server.DevServerStart),scala.pickling.PicklerUnpickler$DelegatingPicklerUnpickler@78582c31),ForkConfig(/Users/brionsilva/Desktop/IIT/SDGP/Play Projects/play-java,List(-Djna.nosys=true),List(/Users/brionsilva/Desktop/IIT/SDGP/Play Projects/play-java/lib/javax.annotation.jar, /Users/brionsilva/Desktop/IIT/SDGP/Play Projects/play-java/lib/javax.ejb.jar, /Users/brionsilva/Desktop/IIT/SDGP/Play Projects/play-java/lib/javax.jms.jar, /Users/brionsilva/Desktop/IIT/SDGP/Play Projects/play-java/lib/javax.persistence.jar, /Users/brionsilva/Desktop/IIT/SDGP/Play Projects/play-java/lib/javax.resource.jar, /Users/brionsilva/Desktop/IIT/SDGP/Play Projects/play-java/lib/javax.servlet.jsp.jar, /Users/brionsilva/Desktop/IIT/SDGP/Play Projects/play-java/lib/javax.servlet.jsp.jstl.jar, /Users/brionsilva/.ivy2/cache/org.scala-lang/scala-library/jars/scala-library-2.11.8.jar, /Users/brionsilva/Desktop/IIT/SDGP/Play/repository/com.typesafe.play/twirl-api_2.11/1.1.1/jars/twirl-api_2.11.jar, /Users/brionsilva/Desktop/IIT/SDGP/Play/repository/org.apache.commons/commons-lang3/3.4/jars/commons-lang3.jar, /Users/brionsilva/.ivy2/cache/org.scala-lang.modules/scala-xml_2.11/bundles/scala-xml_2.11-1.0.1.jar, /Users/brionsilva/Desktop/IIT/SDGP/Play/repository/com.typesafe.play/play-enhancer/1.1.0/jars/play-enhancer.jar, /Users/brionsilva/.ivy2/cache/com.typesafe.play/play-server_2.11/jars/play-server_2.11-2.5.12.jar, /Users/brionsilva/.ivy2/cache/com.typesafe.play/play_2.11/jars/play_2.11-2.5.12.jar, /Users/brionsilva/.ivy2/cache/com.typesafe.play/build-link/jars/build-link-2.5.12.jar, /Users/brionsilva/.ivy2/cache/com.typesafe.play/play-exceptions/jars/play-exceptions-2.5.12.jar, /Users/brionsilva/.ivy2/cache/com.typesafe.play/play-iteratees_2.11/jars/play-iteratees_2.11-2.5.12.jar, /Users/brionsilva/.ivy2/cache/org.scala-stm/scala-stm_2.11/jars/scala-stm_2.11-0.7.jar, /Users/brionsilva/Desktop/IIT/SDGP/Play/repository/com.typesafe/config/1.3.0/bundles/config.jar, /Users/brionsilva/.ivy2/cache/com.typesafe.play/play-json_2.11/jars/play-json_2.11-2.5.12.jar, /Users/brionsilva/.ivy2/cache/com.typesafe.play/play-functional_2.11/jars/play-functional_2.11-2.5.12.jar, /Users/brionsilva/.ivy2/cache/com.typesafe.play/play-datacommons_2.11/jars/play-datacommons_2.11-2.5.12.jar, /Users/brionsilva/.ivy2/cache/joda-time/joda-time/jars/joda-time-2.9.6.jar, /Users/brionsilva/Desktop/IIT/SDGP/Play/repository/org.joda/joda-convert/1.8.1/jars/joda-convert.jar, /Users/brionsilva/Desktop/IIT/SDGP/Play/repository/org.scala-lang/scala-reflect/2.11.7/jars/scala-reflect.jar, /Users/brionsilva/.ivy2/cache/com.fasterxml.jackson.core/jackson-core/bundles/jackson-core-2.7.8.jar, /Users/brionsilva/.ivy2/cache/com.fasterxml.jackson.core/jackson-annotations/bundles/jackson-annotations-2.7.8.jar, /Users/brionsilva/.ivy2/cache/com.fasterxml.jackson.core/jackson-databind/bundles/jackson-databind-2.7.8.jar, /Users/brionsilva/.ivy2/cache/com.fasterxml.jackson.datatype/jackson-datatype-jdk8/bundles/jackson-datatype-jdk8-2.7.8.jar, /Users/brionsilva/.ivy2/cache/com.fasterxml.jackson.datatype/jackson-datatype-jsr310/bundles/jackson-datatype-jsr310-2.7.8.jar, /Users/brionsilva/.ivy2/cache/com.typesafe.play/play-netty-utils/jars/play-netty-utils-2.5.12.jar, /Users/brionsilva/Desktop/IIT/SDGP/Play/repository/org.slf4j/slf4j-api/1.7.21/jars/slf4j-api.jar, /Users/brionsilva/Desktop/IIT/SDGP/Play/repository/org.slf4j/jul-to-slf4j/1.7.21/jars/jul-to-slf4j.jar, /Users/brionsilva/Desktop/IIT/SDGP/Play/repository/org.slf4j/jcl-over-slf4j/1.7.21/jars/jcl-over-slf4j.jar, /Users/brionsilva/.ivy2/cache/com.typesafe.play/play-streams_2.11/jars/play-streams_2.11-2.5.12.jar, /Users/brionsilva/Desktop/IIT/SDGP/Play/repository/org.reactivestreams/reactive-streams/1.0.0/jars/reactive-streams.jar, /Users/brionsilva/.ivy2/cache/com.typesafe.akka/akka-stream_2.11/jars/akka-stream_2.11-2.4.14.jar, /Users/brionsilva/.ivy2/cache/com.typesafe.akka/akka-actor_2.11/jars/akka-actor_2.11-2.4.14.jar, /Users/brionsilva/Desktop/IIT/SDGP/Play/repository/org.scala-lang.modules/scala-java8-compat_2.11/0.7.0/bundles/scala-java8-compat_2.11.jar, /Users/brionsilva/Desktop/IIT/SDGP/Play/repository/com.typesafe/ssl-config-core_2.11/0.2.1/bundles/ssl-config-core_2.11.jar, /Users/brionsilva/.ivy2/cache/org.scala-lang.modules/scala-parser-combinators_2.11/bundles/scala-parser-combinators_2.11-1.0.4.jar, /Users/brionsilva/.ivy2/cache/com.typesafe.akka/akka-slf4j_2.11/jars/akka-slf4j_2.11-2.4.14.jar, /Users/brionsilva/Desktop/IIT/SDGP/Play/repository/commons-codec/commons-codec/1.10/jars/commons-codec.jar, /Users/brionsilva/.ivy2/cache/xerces/xercesImpl/jars/xercesImpl-2.11.0.jar, /Users/brionsilva/.ivy2/cache/xml-apis/xml-apis/jars/xml-apis-1.4.01.jar, /Users/brionsilva/.ivy2/cache/javax.transaction/jta/jars/jta-1.1.jar, /Users/brionsilva/Desktop/IIT/SDGP/Play/repository/com.google.inject/guice/4.0/jars/guice.jar, /Users/brionsilva/Desktop/IIT/SDGP/Play/repository/javax.inject/javax.inject/1/jars/javax.inject.jar, /Users/brionsilva/Desktop/IIT/SDGP/Play/repository/aopalliance/aopalliance/1.0/jars/aopalliance.jar, /Users/brionsilva/Desktop/IIT/SDGP/Play/repository/com.google.inject.extensions/guice-assistedinject/4.0/jars/guice-assistedinject.jar, /Users/brionsilva/.ivy2/cache/com.typesafe.play/play-java_2.11/jars/play-java_2.11-2.5.12.jar, /Users/brionsilva/Desktop/IIT/SDGP/Play/repository/org.yaml/snakeyaml/1.16/bundles/snakeyaml.jar, /Users/brionsilva/Desktop/IIT/SDGP/Play/repository/org.hibernate/hibernate-validator/5.2.4.Final/jars/hibernate-validator.jar, /Users/brionsilva/Desktop/IIT/SDGP/Play/repository/javax.validation/validation-api/1.1.0.Final/jars/validation-api.jar, /Users/brionsilva/Desktop/IIT/SDGP/Play/repository/javax.el/javax.el-api/3.0.0/jars/javax.el-api.jar, /Users/brionsilva/Desktop/IIT/SDGP/Play/repository/org.springframework/spring-context/4.2.7.RELEASE/jars/spring-context.jar, /Users/brionsilva/Desktop/IIT/SDGP/Play/repository/org.springframework/spring-core/4.2.7.RELEASE/jars/spring-core.jar, /Users/brionsilva/Desktop/IIT/SDGP/Play/repository/org.springframework/spring-beans/4.2.7.RELEASE/jars/spring-beans.jar, /Users/brionsilva/Desktop/IIT/SDGP/Play/repository/org.reflections/reflections/0.9.10/jars/reflections.jar, /Users/brionsilva/Desktop/IIT/SDGP/Play/repository/com.google.guava/guava/19.0/bundles/guava.jar, /Users/brionsilva/Desktop/IIT/SDGP/Play/repository/net.jodah/typetools/0.4.4/bundles/typetools.jar, /Users/brionsilva/Desktop/IIT/SDGP/Play/repository/com.google.code.findbugs/jsr305/3.0.1/jars/jsr305.jar, /Users/brionsilva/Desktop/IIT/SDGP/Play/repository/org.apache.tomcat/tomcat-servlet-api/8.0.33/jars/tomcat-servlet-api.jar, /Users/brionsilva/.ivy2/cache/com.typesafe.play/play-netty-server_2.11/jars/play-netty-server_2.11-2.5.12.jar, /Users/brionsilva/Desktop/IIT/SDGP/Play/repository/com.typesafe.netty/netty-reactive-streams-http/1.0.8/jars/netty-reactive-streams-http.jar, /Users/brionsilva/Desktop/IIT/SDGP/Play/repository/com.typesafe.netty/netty-reactive-streams/1.0.8/jars/netty-reactive-streams.jar, /Users/brionsilva/Desktop/IIT/SDGP/Play/repository/io.netty/netty-handler/4.0.41.Final/jars/netty-handler.jar, /Users/brionsilva/Desktop/IIT/SDGP/Play/repository/io.netty/netty-buffer/4.0.41.Final/jars/netty-buffer.jar, /Users/brionsilva/Desktop/IIT/SDGP/Play/repository/io.netty/netty-common/4.0.41.Final/jars/netty-common.jar, /Users/brionsilva/Desktop/IIT/SDGP/Play/repository/io.netty/netty-transport/4.0.41.Final/jars/netty-transport.jar, /Users/brionsilva/Desktop/IIT/SDGP/Play/repository/io.netty/netty-codec/4.0.41.Final/jars/netty-codec.jar, /Users/brionsilva/Desktop/IIT/SDGP/Play/repository/io.netty/netty-codec-http/4.0.41.Final/jars/netty-codec-http.jar, /Users/brionsilva/Desktop/IIT/SDGP/Play/repository/io.netty/netty-transport-native-epoll/4.0.41.Final/jars/netty-transport-native-epoll-linux-x86_64.jar, /Users/brionsilva/.ivy2/cache/com.typesafe.play/play-logback_2.11/jars/play-logback_2.11-2.5.12.jar, /Users/brionsilva/Desktop/IIT/SDGP/Play/repository/ch.qos.logback/logback-classic/1.1.7/jars/logback-classic.jar, /Users/brionsilva/Desktop/IIT/SDGP/Play/repository/ch.qos.logback/logback-core/1.1.7/jars/logback-core.jar, /Users/brionsilva/.ivy2/cache/com.typesafe.play/play-java-jpa_2.11/jars/play-java-jpa_2.11-2.5.12.jar, /Users/brionsilva/.ivy2/cache/com.typesafe.play/play-java-jdbc_2.11/jars/play-java-jdbc_2.11-2.5.12.jar, /Users/brionsilva/.ivy2/cache/com.typesafe.play/play-jdbc_2.11/jars/play-jdbc_2.11-2.5.12.jar, /Users/brionsilva/.ivy2/cache/com.typesafe.play/play-jdbc-api_2.11/jars/play-jdbc-api_2.11-2.5.12.jar, /Users/brionsilva/Desktop/IIT/SDGP/Play/repository/com.jolbox/bonecp/0.8.0.RELEASE/bundles/bonecp.jar, /Users/brionsilva/Desktop/IIT/SDGP/Play/repository/com.zaxxer/HikariCP/2.5.1/bundles/HikariCP.jar, /Users/brionsilva/Desktop/IIT/SDGP/Play/repository/com.googlecode.usc/jdbcdslog/1.0.6.2/jars/jdbcdslog.jar, /Users/brionsilva/Desktop/IIT/SDGP/Play/repository/com.h2database/h2/1.4.192/jars/h2.jar, /Users/brionsilva/Desktop/IIT/SDGP/Play/repository/tyrex/tyrex/1.0.1/jars/tyrex.jar, /Users/brionsilva/.ivy2/cache/org.hibernate.javax.persistence/hibernate-jpa-2.1-api/jars/hibernate-jpa-2.1-api-1.0.0.Final.jar, /Users/brionsilva/.ivy2/cache/org.mockito/mockito-core/jars/mockito-core-2.1.0.jar, /Users/brionsilva/.ivy2/cache/net.bytebuddy/byte-buddy/jars/byte-buddy-1.4.26.jar, /Users/brionsilva/.ivy2/cache/net.bytebuddy/byte-buddy-agent/bundles/byte-buddy-agent-1.4.26.jar, /Users/brionsilva/.ivy2/cache/org.objenesis/objenesis/jars/objenesis-2.4.jar, /Users/brionsilva/.ivy2/cache/org.hibernate/hibernate-core/jars/hibernate-core-5.2.5.Final.jar, /Users/brionsilva/.ivy2/cache/org.jboss.logging/jboss-logging/jars/jboss-logging-3.3.0.Final.jar, /Users/brionsilva/Desktop/IIT/SDGP/Play/repository/org.javassist/javassist/3.20.0-GA/bundles/javassist.jar, /Users/brionsilva/.ivy2/cache/antlr/antlr/jars/antlr-2.7.7.jar, /Users/brionsilva/.ivy2/cache/org.apache.geronimo.specs/geronimo-jta_1.1_spec/jars/geronimo-jta_1.1_spec-1.1.1.jar, /Users/brionsilva/.ivy2/cache/org.jboss/jandex/bundles/jandex-2.0.3.Final.jar, /Users/brionsilva/.ivy2/cache/com.fasterxml/classmate/bundles/classmate-1.3.0.jar, /Users/brionsilva/.ivy2/cache/dom4j/dom4j/jars/dom4j-1.6.1.jar, /Users/brionsilva/.ivy2/cache/org.hibernate.common/hibernate-commons-annotations/jars/hibernate-commons-annotations-5.0.1.Final.jar, /Users/brionsilva/.ivy2/cache/javax.enterprise/cdi-api/jars/cdi-api-1.1.jar, /Users/brionsilva/.ivy2/cache/javax.el/el-api/jars/el-api-2.2.jar, /Users/brionsilva/.ivy2/cache/org.jboss.spec.javax.interceptor/jboss-interceptors-api_1.1_spec/jars/jboss-interceptors-api_1.1_spec-1.0.0.Beta1.jar, /Users/brionsilva/Desktop/IIT/SDGP/Play/repository/javax.annotation/jsr250-api/1.0/jars/jsr250-api.jar, /Users/brionsilva/.ivy2/cache/org.hibernate/hibernate-entitymanager/jars/hibernate-entitymanager-5.1.0.Final.jar),List((public/,/Users/brionsilva/Desktop/IIT/SDGP/Play Projects/play-java/target/web/public/main)),List(/Users/brionsilva/.ivy2/cache/com.typesafe.play/play-omnidoc_2.11/jars/play-omnidoc_2.11-2.5.12.jar, /Users/brionsilva/Desktop/IIT/SDGP/Play/repository/org.scala-lang/scala-library/2.11.7/jars/scala-library.jar, /Users/brionsilva/.ivy2/cache/com.typesafe.play/play-docs_2.11/jars/play-docs_2.11-2.5.12.jar, /Users/brionsilva/.ivy2/cache/com.typesafe.play/play-netty-server_2.11/jars/play-netty-server_2.11-2.5.12.jar, /Users/brionsilva/.ivy2/cache/com.typesafe.play/play-server_2.11/jars/play-server_2.11-2.5.12.jar, /Users/brionsilva/.ivy2/cache/com.typesafe.play/play_2.11/jars/play_2.11-2.5.12.jar, /Users/brionsilva/.ivy2/cache/com.typesafe.play/build-link/jars/build-link-2.5.12.jar, /Users/brionsilva/.ivy2/cache/com.typesafe.play/play-exceptions/jars/play-exceptions-2.5.12.jar, /Users/brionsilva/.ivy2/cache/com.typesafe.play/play-iteratees_2.11/jars/play-iteratees_2.11-2.5.12.jar, /Users/brionsilva/.ivy2/cache/org.scala-stm/scala-stm_2.11/jars/scala-stm_2.11-0.7.jar, /Users/brionsilva/Desktop/IIT/SDGP/Play/repository/com.typesafe/config/1.3.0/bundles/config.jar, /Users/brionsilva/.ivy2/cache/com.typesafe.play/play-json_2.11/jars/play-json_2.11-2.5.12.jar, /Users/brionsilva/.ivy2/cache/com.typesafe.play/play-functional_2.11/jars/play-functional_2.11-2.5.12.jar, /Users/brionsilva/.ivy2/cache/com.typesafe.play/play-datacommons_2.11/jars/play-datacommons_2.11-2.5.12.jar, /Users/brionsilva/.ivy2/cache/joda-time/joda-time/jars/joda-time-2.9.6.jar, /Users/brionsilva/Desktop/IIT/SDGP/Play/repository/org.joda/joda-convert/1.8.1/jars/joda-convert.jar, /Users/brionsilva/Desktop/IIT/SDGP/Play/repository/org.scala-lang/scala-reflect/2.11.7/jars/scala-reflect.jar, /Users/brionsilva/.ivy2/cache/com.fasterxml.jackson.core/jackson-core/bundles/jackson-core-2.7.8.jar, /Users/brionsilva/.ivy2/cache/com.fasterxml.jackson.core/jackson-annotations/bundles/jackson-annotations-2.7.8.jar, /Users/brionsilva/.ivy2/cache/com.fasterxml.jackson.core/jackson-databind/bundles/jackson-databind-2.7.8.jar, /Users/brionsilva/.ivy2/cache/com.fasterxml.jackson.datatype/jackson-datatype-jdk8/bundles/jackson-datatype-jdk8-2.7.8.jar, /Users/brionsilva/.ivy2/cache/com.fasterxml.jackson.datatype/jackson-datatype-jsr310/bundles/jackson-datatype-jsr310-2.7.8.jar, /Users/brionsilva/.ivy2/cache/com.typesafe.play/play-netty-utils/jars/play-netty-utils-2.5.12.jar, /Users/brionsilva/Desktop/IIT/SDGP/Play/repository/org.slf4j/slf4j-api/1.7.21/jars/slf4j-api.jar, /Users/brionsilva/Desktop/IIT/SDGP/Play/repository/org.slf4j/jul-to-slf4j/1.7.21/jars/jul-to-slf4j.jar, /Users/brionsilva/Desktop/IIT/SDGP/Play/repository/org.slf4j/jcl-over-slf4j/1.7.21/jars/jcl-over-slf4j.jar, /Users/brionsilva/.ivy2/cache/com.typesafe.play/play-streams_2.11/jars/play-streams_2.11-2.5.12.jar, /Users/brionsilva/Desktop/IIT/SDGP/Play/repository/org.reactivestreams/reactive-streams/1.0.0/jars/reactive-streams.jar, /Users/brionsilva/.ivy2/cache/com.typesafe.akka/akka-stream_2.11/jars/akka-stream_2.11-2.4.14.jar, /Users/brionsilva/.ivy2/cache/com.typesafe.akka/akka-actor_2.11/jars/akka-actor_2.11-2.4.14.jar, /Users/brionsilva/Desktop/IIT/SDGP/Play/repository/org.scala-lang.modules/scala-java8-compat_2.11/0.7.0/bundles/scala-java8-compat_2.11.jar, /Users/brionsilva/Desktop/IIT/SDGP/Play/repository/com.typesafe/ssl-config-core_2.11/0.2.1/bundles/ssl-config-core_2.11.jar, /Users/brionsilva/.ivy2/cache/org.scala-lang.modules/scala-parser-combinators_2.11/bundles/scala-parser-combinators_2.11-1.0.4.jar, /Users/brionsilva/Desktop/IIT/SDGP/Play/repository/com.typesafe.play/twirl-api_2.11/1.1.1/jars/twirl-api_2.11.jar, /Users/brionsilva/Desktop/IIT/SDGP/Play/repository/org.apache.commons/commons-lang3/3.4/jars/commons-lang3.jar, /Users/brionsilva/.ivy2/cache/org.scala-lang.modules/scala-xml_2.11/bundles/scala-xml_2.11-1.0.1.jar, /Users/brionsilva/.ivy2/cache/com.typesafe.akka/akka-slf4j_2.11/jars/akka-slf4j_2.11-2.4.14.jar, /Users/brionsilva/Desktop/IIT/SDGP/Play/repository/commons-codec/commons-codec/1.10/jars/commons-codec.jar, /Users/brionsilva/.ivy2/cache/xerces/xercesImpl/jars/xercesImpl-2.11.0.jar, /Users/brionsilva/.ivy2/cache/xml-apis/xml-apis/jars/xml-apis-1.4.01.jar, /Users/brionsilva/.ivy2/cache/javax.transaction/jta/jars/jta-1.1.jar, /Users/brionsilva/Desktop/IIT/SDGP/Play/repository/com.google.inject/guice/4.0/jars/guice.jar, /Users/brionsilva/Desktop/IIT/SDGP/Play/repository/javax.inject/javax.inject/1/jars/javax.inject.jar, /Users/brionsilva/Desktop/IIT/SDGP/Play/repository/aopalliance/aopalliance/1.0/jars/aopalliance.jar, /Users/brionsilva/.ivy2/cache/com.google.guava/guava/bundles/guava-16.0.1.jar, /Users/brionsilva/Desktop/IIT/SDGP/Play/repository/com.google.inject.extensions/guice-assistedinject/4.0/jars/guice-assistedinject.jar, /Users/brionsilva/Desktop/IIT/SDGP/Play/repository/com.typesafe.netty/netty-reactive-streams-http/1.0.8/jars/netty-reactive-streams-http.jar, /Users/brionsilva/Desktop/IIT/SDGP/Play/repository/com.typesafe.netty/netty-reactive-streams/1.0.8/jars/netty-reactive-streams.jar, /Users/brionsilva/Desktop/IIT/SDGP/Play/repository/io.netty/netty-handler/4.0.41.Final/jars/netty-handler.jar, /Users/brionsilva/Desktop/IIT/SDGP/Play/repository/io.netty/netty-buffer/4.0.41.Final/jars/netty-buffer.jar, /Users/brionsilva/Desktop/IIT/SDGP/Play/repository/io.netty/netty-common/4.0.41.Final/jars/netty-common.jar, /Users/brionsilva/Desktop/IIT/SDGP/Play/repository/io.netty/netty-transport/4.0.41.Final/jars/netty-transport.jar, /Users/brionsilva/Desktop/IIT/SDGP/Play/repository/io.netty/netty-codec/4.0.41.Final/jars/netty-codec.jar, /Users/brionsilva/Desktop/IIT/SDGP/Play/repository/io.netty/netty-codec-http/4.0.41.Final/jars/netty-codec-http.jar, /Users/brionsilva/Desktop/IIT/SDGP/Play/repository/io.netty/netty-transport-native-epoll/4.0.41.Final/jars/netty-transport-native-epoll-linux-x86_64.jar, /Users/brionsilva/Desktop/IIT/SDGP/Play/repository/com.typesafe.play/play-doc_2.11/1.2.2/jars/play-doc_2.11.jar, /Users/brionsilva/Desktop/IIT/SDGP/Play/repository/org.pegdown/pegdown/1.4.0/jars/pegdown.jar, /Users/brionsilva/Desktop/IIT/SDGP/Play/repository/org.parboiled/parboiled-java/1.1.5/bundles/parboiled-java.jar, /Users/brionsilva/Desktop/IIT/SDGP/Play/repository/org.parboiled/parboiled-core/1.1.5/bundles/parboiled-core.jar, /Users/brionsilva/Desktop/IIT/SDGP/Play/repository/org.ow2.asm/asm/4.1/jars/asm.jar, /Users/brionsilva/Desktop/IIT/SDGP/Play/repository/org.ow2.asm/asm-tree/4.1/jars/asm-tree.jar, /Users/brionsilva/Desktop/IIT/SDGP/Play/repository/org.ow2.asm/asm-analysis/4.1/jars/asm-analysis.jar, /Users/brionsilva/Desktop/IIT/SDGP/Play/repository/org.ow2.asm/asm-util/4.1/jars/asm-util.jar, /Users/brionsilva/Desktop/IIT/SDGP/Play/repository/commons-io/commons-io/2.4/jars/commons-io.jar),Some(/Users/brionsilva/.ivy2/cache/com.typesafe.play/play-omnidoc_2.11/jars/play-omnidoc_2.11-2.5.12.jar),List(),9000,0.0.0.0,DefaultWatchService,List(/Users/brionsilva/Desktop/IIT/SDGP/Play Projects/play-java/public, /Users/brionsilva/Desktop/IIT/SDGP/Play Projects/play-java/conf, /Users/brionsilva/Desktop/IIT/SDGP/Play Projects/play-java/app),/Users/brionsilva/Desktop/IIT/SDGP/Play Projects/play-java/target,500,root/playForkNotifyStart,root/playForkReload,300000,play.core.server.DevServerStart))))
Sending msg to client play-fork-run-29925472-5010-45f0-ae8a-4d64077d8131: TaskStarted(211,38725,None)
Sending msg to client play-fork-run-29925472-5010-45f0-ae8a-4d64077d8131: TaskFinished(211,38725,None,true,None)
Sending msg to client play-fork-run-29925472-5010-45f0-ae8a-4d64077d8131: TaskStarted(211,38724,None)
Sending msg to client play-fork-run-29925472-5010-45f0-ae8a-4d64077d8131: TaskFinished(211,38724,None,true,None)
Sending msg to client play-fork-run-29925472-5010-45f0-ae8a-4d64077d8131: DetachedLogEvent(LogMessage(debug,cancel strategy finish enabled=false lastCommand=Some(LastCommand(CommandExecutionWork(ExecutionId(211),{file:/Users/brionsilva/Desktop/IIT/SDGP/Play%20Projects/play-java/}root/*:playForkConfig,Set(LiveClient(play-fork-run 29925472-5010-45f0-ae8a-4d64077d8131)),sbt.server.WorkCancellationStatus$$anon$1@3353c78c)))))
Sending msg to client play-fork-run-29925472-5010-45f0-ae8a-4d64077d8131: DetachedLogEvent(LogSuccess(Total time: 0 s, completed 15-Mar-2017 02:25:52))
Sending msg to client play-fork-run-29925472-5010-45f0-ae8a-4d64077d8131: DetachedLogEvent(LogMessage(debug,> server-post-command-cleanup))
Sending msg to client play-fork-run-29925472-5010-45f0-ae8a-4d64077d8131: ExecutionSuccess(211)
Sending msg to client play-fork-run-29925472-5010-45f0-ae8a-4d64077d8131: DetachedLogEvent(LogMessage(debug,> server-handle-next-server-request))
Sending msg to client play-fork-run-29925472-5010-45f0-ae8a-4d64077d8131: BackgroundJobLogEvent(17,LogMessage(info,))
Sending msg to client play-fork-run-29925472-5010-45f0-ae8a-4d64077d8131: BackgroundJobLogEvent(17,LogMessage(info,[35m--- (Running the application, auto-reloading is enabled) ---[0m))
Sending msg to client play-fork-run-29925472-5010-45f0-ae8a-4d64077d8131: BackgroundJobLogEvent(17,LogMessage(info,))
Sending msg to client play-fork-run-29925472-5010-45f0-ae8a-4d64077d8131: BackgroundJobLogEvent(17,LogMessage(info,p.c.s.NettyServer - Listening for HTTP on /0:0:0:0:0:0:0:0:9000))
Sending msg to client play-fork-run-29925472-5010-45f0-ae8a-4d64077d8131: BackgroundJobLogEvent(17,LogMessage(info,))
Sending msg to client play-fork-run-29925472-5010-45f0-ae8a-4d64077d8131: BackgroundJobLogEvent(17,LogMessage(info,[32m(Server started, use Ctrl+D to stop and go back to the console...)[0m))
Sending msg to client play-fork-run-29925472-5010-45f0-ae8a-4d64077d8131: BackgroundJobLogEvent(17,LogMessage(info,))
Got request: ExecutionRequest(root/playForkNotifyStart http://localhost:9000)
Reading next message from client.
Sending msg to client play-fork-run-29925472-5010-45f0-ae8a-4d64077d8131: (8,ExecutionRequestReceived(212))
Sending msg to client play-fork-run-29925472-5010-45f0-ae8a-4d64077d8131: ExecutionWaiting(212,root/playForkNotifyStart http://localhost:9000,ClientInfo(29925472-5010-45f0-ae8a-4d64077d8131,play-fork-run,Play Fork Run,1,Vector()))
Sending msg to client play-fork-run-29925472-5010-45f0-ae8a-4d64077d8131: ExecutionStarting(212)
Sending msg to client play-fork-run-29925472-5010-45f0-ae8a-4d64077d8131: DetachedLogEvent(LogMessage(debug,> root/playForkNotifyStart http://localhost:9000))
Sending msg to client play-fork-run-29925472-5010-45f0-ae8a-4d64077d8131: DetachedLogEvent(LogMessage(debug,Evaluating tasks: *:playForkNotifyStart))
Sending msg to client play-fork-run-29925472-5010-45f0-ae8a-4d64077d8131: DetachedLogEvent(LogMessage(debug,Running task... Cancel: sbt.server.ServerTaskCancellation@7e856b3f, check cycles: false))
Sending msg to client play-fork-run-29925472-5010-45f0-ae8a-4d64077d8131: DetachedLogEvent(LogMessage(debug,cancel strategy start enabled=true lastCommand=Some(LastCommand(CommandExecutionWork(ExecutionId(212),root/playForkNotifyStart http://localhost:9000,Set(LiveClient(play-fork-run 29925472-5010-45f0-ae8a-4d64077d8131)),sbt.server.WorkCancellationStatus$$anon$1@54a901ac)))))
Sending msg to client play-fork-run-29925472-5010-45f0-ae8a-4d64077d8131: TaskStarted(212,38804,Some(AttributeKey[sbt.SendEventService]("sendEventService") in Scope(Global)))
Sending msg to client play-fork-run-29925472-5010-45f0-ae8a-4d64077d8131: TaskFinished(212,38804,Some(AttributeKey[sbt.SendEventService]("sendEventService") in Scope(Global)),true,None)
Sending msg to client play-fork-run-29925472-5010-45f0-ae8a-4d64077d8131: TaskStarted(212,38803,Some(AttributeKey[scala.Function1[java.lang.String,void]]("playForkStarted") in Scope(Build: file:/Users/brionsilva/Desktop/IIT/SDGP/Play%20Projects/play-java/, , Project: ProjectReference(file:/Users/brionsilva/Desktop/IIT/SDGP/Play%20Projects/play-java/,root))))
Sending msg to client play-fork-run-29925472-5010-45f0-ae8a-4d64077d8131: TaskFinished(212,38803,Some(AttributeKey[scala.Function1[java.lang.String,void]]("playForkStarted") in Scope(Build: file:/Users/brionsilva/Desktop/IIT/SDGP/Play%20Projects/play-java/, , Project: ProjectReference(file:/Users/brionsilva/Desktop/IIT/SDGP/Play%20Projects/play-java/,root))),true,None)
Sending msg to client play-fork-run-29925472-5010-45f0-ae8a-4d64077d8131: TaskStarted(212,38802,Some(AttributeKey[void]("playForkNotifyStart") in Scope(Build: file:/Users/brionsilva/Desktop/IIT/SDGP/Play%20Projects/play-java/, , Project: ProjectReference(file:/Users/brionsilva/Desktop/IIT/SDGP/Play%20Projects/play-java/,root))))
Sending msg to client play-fork-run-29925472-5010-45f0-ae8a-4d64077d8131: TaskEvent(38802,LazyValue(PlayServerStarted(http://localhost:9000),play.forkrun.protocol.Serializers$PlayForkrunProtocolPlayServerStartedPickler1$2$@2d17c98d))
Sending msg to client play-fork-run-29925472-5010-45f0-ae8a-4d64077d8131: TaskFinished(212,38802,Some(AttributeKey[void]("playForkNotifyStart") in Scope(Build: file:/Users/brionsilva/Desktop/IIT/SDGP/Play%20Projects/play-java/, , Project: ProjectReference(file:/Users/brionsilva/Desktop/IIT/SDGP/Play%20Projects/play-java/,root))),true,None)
Sending msg to client play-fork-run-29925472-5010-45f0-ae8a-4d64077d8131: TaskStarted(212,38801,None)
Sending msg to client play-fork-run-29925472-5010-45f0-ae8a-4d64077d8131: TaskFinished(212,38801,None,true,None)
Sending msg to client play-fork-run-29925472-5010-45f0-ae8a-4d64077d8131: TaskStarted(212,38800,None)
Sending msg to client play-fork-run-29925472-5010-45f0-ae8a-4d64077d8131: TaskFinished(212,38800,None,true,None)
Sending msg to client play-fork-run-29925472-5010-45f0-ae8a-4d64077d8131: DetachedLogEvent(LogMessage(debug,cancel strategy finish enabled=false lastCommand=Some(LastCommand(CommandExecutionWork(ExecutionId(212),root/playForkNotifyStart http://localhost:9000,Set(LiveClient(play-fork-run 29925472-5010-45f0-ae8a-4d64077d8131)),sbt.server.WorkCancellationStatus$$anon$1@54a901ac)))))
Sending msg to client play-fork-run-29925472-5010-45f0-ae8a-4d64077d8131: DetachedLogEvent(LogSuccess(Total time: 0 s, completed 15-Mar-2017 02:25:58))
Sending msg to client play-fork-run-29925472-5010-45f0-ae8a-4d64077d8131: DetachedLogEvent(LogMessage(debug,> server-post-command-cleanup))
Sending msg to client play-fork-run-29925472-5010-45f0-ae8a-4d64077d8131: ExecutionSuccess(212)
Sending msg to client play-fork-run-29925472-5010-45f0-ae8a-4d64077d8131: DetachedLogEvent(LogMessage(debug,> server-handle-next-server-request))
